INFO: mock.py version 1.2.14 starting (python version = 2.7.12)...
Start: init plugins
INFO: selinux disabled
Finish: init plugins
Start: run
INFO: Start(swift.spec)  Config(clear)
Start: clean chroot
Finish: clean chroot
Start: chroot init
INFO: calling preinit hooks
INFO: enabled root cache
Start: unpacking root cache
tar: ./usr/lib/python2.7/HTMLParser.py: time stamp 2020-02-10 01:09:48 is 104661137.484113335 s in the future
tar: ./usr/lib/python2.7/nturl2path.py: time stamp 2016-12-07 08:27:56 is 4463425.483113347 s in the future
tar: ./usr/lib/python2.7/macurl2path.py: time stamp 2017-04-13 08:05:24 is 15434873.483113347 s in the future
tar: ./usr/lib/python2.7/py_compile.py: time stamp 2018-06-28 02:15:56 is 53516305.483113347 s in the future
tar: ./usr/lib/python2.7/this.py: time stamp 2019-11-22 06:33:40 is 97768569.483113347 s in the future
tar: ./usr/lib/python2.7/logging/__init__.py: time stamp 2018-06-16 05:01:26 is 52489435.482113358 s in the future
tar: ./usr/lib/python2.7/stringold.py: time stamp 2017-11-06 10:28:46 is 33328275.478113404 s in the future
tar: ./usr/lib/python2.7/sgmllib.py: time stamp 2018-04-05 03:02:32 is 46261501.477113416 s in the future
tar: ./usr/lib/python2.7/BaseHTTPServer.py: time stamp 2018-10-12 13:07:33 is 62713802.477113416 s in the future
tar: ./usr/lib/python2.7/urllib.py: time stamp 2019-08-27 19:43:45 is 90299174.477113416 s in the future
tar: ./usr/lib/python2.7/io.py: time stamp 2017-07-15 15:04:56 is 23495245.477113416 s in the future
tar: ./usr/lib/python2.7/ctypes/test/test_macholib.py: time stamp 2017-09-27 11:47:35 is 29877004.476113427 s in the future
tar: ./usr/lib/python2.7/ctypes/test/test_cfuncs.py: time stamp 2017-11-09 16:55:38 is 33610687.476113427 s in the future
tar: ./usr/lib/python2.7/ctypes/test/test_slicing.py: time stamp 2020-01-03 14:28:06 is 101425835.476113427 s in the future
tar: ./usr/lib/python2.7/ctypes/test/test_init.py: time stamp 2017-01-01 00:54:37 is 6596226.476113427 s in the future
tar: ./usr/lib/python2.7/ctypes/test/test_repr.py: time stamp 2018-07-26 04:10:32 is 55942381.476113427 s in the future
tar: ./usr/lib/python2.7/ctypes/test/test_parameters.py: time stamp 2017-09-02 07:14:09 is 27700598.476113427 s in the future
tar: ./usr/lib/python2.7/ctypes/test/test_buffers.py: time stamp 2018-04-19 10:59:13 is 47499702.476113427 s in the future
tar: ./usr/lib/python2.7/ctypes/test/test_structures.py: time stamp 2017-08-17 19:02:45 is 26360714.476113427 s in the future
tar: ./usr/lib/python2.7/ctypes/test/test_byteswap.py: time stamp 2017-08-22 16:22:51 is 26783120.475113439 s in the future
tar: ./usr/lib/python2.7/ctypes/test/test_funcptr.py: time stamp 2017-11-02 20:51:37 is 33020046.475113439 s in the future
tar: ./usr/lib/python2.7/ctypes/test/test_as_parameter.py: time stamp 2017-12-03 23:25:54 is 35707703.475113439 s in the future
tar: ./usr/lib/python2.7/ctypes/test/test_cast.py: time stamp 2017-04-17 16:32:30 is 15810899.475113439 s in the future
tar: ./usr/lib/python2.7/ctypes/test/test_pointers.py: time stamp 2019-06-24 10:27:30 is 84736199.475113439 s in the future
tar: ./usr/lib/python2.7/ctypes/test/test_array_in_pointer.py: time stamp 2019-09-14 19:24:47 is 91853236.475113439 s in the future
tar: ./usr/lib/python2.7/ctypes/test/test_numbers.py: time stamp 2017-04-10 15:33:18 is 15202547.475113439 s in the future
tar: ./usr/lib/python2.7/ctypes/test/test_bitfields.py: time stamp 2018-10-20 23:08:34 is 63441063.475113439 s in the future
tar: ./usr/lib/python2.7/ctypes/test/test_objects.py: time stamp 2020-05-31 08:44:09 is 114278798.475113439 s in the future
tar: ./usr/lib/python2.7/ctypes/test/test_find.py: time stamp 2019-06-11 06:48:15 is 83599844.475113439 s in the future
tar: ./usr/lib/python2.7/ctypes/test/test_random_things.py: time stamp 2019-08-19 15:54:05 is 89594194.474113451 s in the future
tar: ./usr/lib/python2.7/ctypes/test/test_delattr.py: time stamp 2019-12-14 03:09:58 is 99657147.474113451 s in the future
tar: ./usr/lib/python2.7/ctypes/test/test_unaligned_structures.py: time stamp 2019-02-19 05:00:22 is 73916571.474113451 s in the future
tar: ./usr/lib/python2.7/ctypes/test/test_prototypes.py: time stamp 2016-12-16 06:24:52 is 5233641.474113451 s in the future
tar: ./usr/lib/python2.7/ctypes/test/test_arrays.py: time stamp 2020-01-04 01:54:27 is 101467016.474113451 s in the future
tar: ./usr/lib/python2.7/ctypes/test/test_simplesubclasses.py: time stamp 2018-12-26 05:04:47 is 69164836.474113451 s in the future
tar: ./usr/lib/python2.7/ctypes/test/test_functions.py: time stamp 2020-09-14 22:08:53 is 123485482.474113451 s in the future
tar: ./usr/lib/python2.7/ctypes/macholib/dyld.py: time stamp 2019-01-06 03:37:19 is 70109988.473113462 s in the future
tar: ./usr/lib/python2.7/ctypes/macholib/__init__.py: time stamp 2017-07-27 00:44:36 is 24480425.473113462 s in the future
tar: ./usr/lib/python2.7/hotshot/stones.py: time stamp 2017-07-14 03:21:57 is 23366666.473113462 s in the future
tar: ./usr/lib/python2.7/idlelib/tabbedpages.py: time stamp 2017-04-22 17:34:30 is 16246619.473113462 s in the future
tar: ./usr/lib/python2.7/idlelib/WidgetRedirector.py: time stamp 2020-08-29 07:29:03 is 122050292.472113474 s in the future
tar: ./usr/lib/python2.7/idlelib/Percolator.py: time stamp 2021-01-06 01:04:31 is 133259220.472113474 s in the future
tar: ./usr/lib/python2.7/idlelib/macosxSupport.py: time stamp 2017-01-27 05:00:40 is 8857389.471113485 s in the future
tar: ./usr/lib/python2.7/idlelib/OutputWindow.py: time stamp 2020-04-29 02:14:25 is 111490614.471113485 s in the future
tar: ./usr/lib/python2.7/idlelib/SearchEngine.py: time stamp 2016-12-12 12:24:08 is 4909597.471113485 s in the future
tar: ./usr/lib/python2.7/idlelib/FileList.py: time stamp 2017-04-30 09:46:51 is 16909760.471113485 s in the future
tar: ./usr/lib/python2.7/idlelib/UndoDelegator.py: time stamp 2018-04-11 03:44:14 is 46782403.471113485 s in the future
tar: ./usr/lib/python2.7/idlelib/ZoomHeight.py: time stamp 2020-07-01 04:39:10 is 116942499.471113485 s in the future
tar: ./usr/lib/python2.7/idlelib/FormatParagraph.py: time stamp 2018-10-16 20:42:41 is 63086710.471113485 s in the future
tar: ./usr/lib/python2.7/idlelib/rpc.py: time stamp 2020-07-27 21:23:10 is 119249139.471113485 s in the future
tar: ./usr/lib/python2.7/idlelib/Delegator.py: time stamp 2020-05-19 10:43:53 is 113249182.471113485 s in the future
tar: ./usr/lib/python2.7/idlelib/AutoCompleteWindow.py: time stamp 2020-01-31 13:22:40 is 103841109.470113497 s in the future
tar: ./usr/lib/python2.7/idlelib/PathBrowser.py: time stamp 2020-11-23 12:04:39 is 129497228.470113497 s in the future
tar: ./usr/lib/python2.7/idlelib/ColorDelegator.py: time stamp 2017-01-30 01:50:43 is 9105192.470113497 s in the future
tar: ./usr/lib/python2.7/idlelib/configDialog.py: time stamp 2018-10-15 03:44:42 is 62939231.469113509 s in the future
tar: ./usr/lib/python2.7/idlelib/EditorWindow.py: time stamp 2019-03-28 23:18:41 is 77179270.46811352 s in the future
tar: ./usr/lib/python2.7/idlelib/textView.py: time stamp 2019-01-04 04:42:13 is 69941082.46811352 s in the future
tar: ./usr/lib/python2.7/idlelib/dynOptionMenuWidget.py: time stamp 2018-08-19 07:00:25 is 58026174.46811352 s in the future
tar: ./usr/lib/python2.7/idlelib/ScriptBinding.py: time stamp 2019-01-13 03:10:47 is 70713196.46811352 s in the future
tar: ./usr/lib/python2.7/idlelib/CallTips.py: time stamp 2018-07-13 20:35:24 is 54878273.46811352 s in the future
tar: ./usr/lib/python2.7/idlelib/run.py: time stamp 2020-07-19 20:58:49 is 118556478.46811352 s in the future
tar: ./usr/lib/python2.7/idlelib/PyParse.py: time stamp 2020-11-15 21:50:16 is 128841165.46811352 s in the future
tar: ./usr/lib/python2.7/idlelib/configSectionNameDialog.py: time stamp 2017-06-18 01:51:18 is 21114827.467113532 s in the future
tar: ./usr/lib/python2.7/idlelib/ParenMatch.py: time stamp 2018-12-21 11:21:15 is 68755424.467113532 s in the future
tar: ./usr/lib/python2.7/idlelib/Debugger.py: time stamp 2017-07-06 09:08:09 is 22696238.467113532 s in the future
tar: ./usr/lib/python2.7/idlelib/idle_test/test_editmenu.py: time stamp 2018-04-03 11:23:35 is 46118764.466113543 s in the future
tar: ./usr/lib/python2.7/idlelib/idle_test/test_parenmatch.py: time stamp 2020-09-15 09:12:47 is 123525316.466113543 s in the future
tar: ./usr/lib/python2.7/idlelib/idle_test/test_config_name.py: time stamp 2017-10-15 08:28:55 is 31420284.466113543 s in the future
tar: ./usr/lib/python2.7/idlelib/idle_test/test_formatparagraph.py: time stamp 2020-08-28 11:44:10 is 121979199.466113543 s in the future
tar: ./usr/lib/python2.7/idlelib/idle_test/test_searchengine.py: time stamp 2017-05-14 09:25:07 is 18118056.466113543 s in the future
tar: ./usr/lib/python2.7/idlelib/idle_test/test_helpabout.py: time stamp 2018-09-03 16:01:40 is 59354649.466113543 s in the future
tar: ./usr/lib/python2.7/idlelib/idle_test/test_autoexpand.py: time stamp 2020-09-30 06:37:23 is 124811992.466113543 s in the future
tar: ./usr/lib/python2.7/idlelib/idle_test/test_pathbrowser.py: time stamp 2017-01-15 03:34:11 is 7815400.466113543 s in the future
tar: ./usr/lib/python2.7/idlelib/idle_test/test_io.py: time stamp 2020-10-13 05:34:19 is 125931408.466113543 s in the future
tar: ./usr/lib/python2.7/idlelib/idle_test/test_hyperparser.py: time stamp 2019-11-27 06:28:39 is 98200268.465113554 s in the future
tar: ./usr/lib/python2.7/idlelib/idle_test/test_warning.py: time stamp 2016-11-19 02:28:23 is 2886652.465113554 s in the future
tar: ./usr/lib/python2.7/idlelib/idle_test/test_configdialog.py: time stamp 2016-12-12 08:23:09 is 4895138.465113554 s in the future
tar: ./usr/lib/python2.7/idlelib/RemoteDebugger.py: time stamp 2019-12-27 01:42:29 is 100775098.465113554 s in the future
tar: ./usr/lib/python2.7/idlelib/keybindingDialog.py: time stamp 2018-12-26 05:22:31 is 69165900.465113554 s in the future
tar: ./usr/lib/python2.7/idlelib/ScrolledList.py: time stamp 2019-09-03 21:30:26 is 90910375.464113566 s in the future
tar: ./usr/lib/python2.7/idlelib/idle.py: time stamp 2018-03-22 11:02:55 is 45080724.464113566 s in the future
tar: ./usr/lib/python2.7/subprocess.py: time stamp 2019-02-08 12:24:49 is 72992838.463113578 s in the future
tar: ./usr/lib/python2.7/_threading_local.py: time stamp 2020-09-07 01:22:16 is 122805885.463113578 s in the future
tar: ./usr/lib/python2.7/decimal.py: time stamp 2020-01-16 04:59:18 is 102514907.462113589 s in the future
tar: ./usr/lib/python2.7/ensurepip/_uninstall.py: time stamp 2018-10-19 14:50:27 is 63324776.462113589 s in the future
tar: ./usr/lib/python2.7/ensurepip/__init__.py: time stamp 2020-10-01 20:13:51 is 124947380.462113589 s in the future
tar: ./usr/lib/python2.7/ntpath.py: time stamp 2018-04-22 17:46:16 is 47783325.458113636 s in the future
tar: ./usr/lib/python2.7/sre.py: time stamp 2020-12-22 20:11:34 is 132032043.458113636 s in the future
tar: ./usr/lib/python2.7/abc.py: time stamp 2017-10-25 23:01:07 is 32336616.458113636 s in the future
tar: ./usr/lib/python2.7/encodings/utf_8.py: time stamp 2019-07-03 01:06:58 is 85480167.458113636 s in the future
tar: ./usr/lib/python2.7/encodings/bz2_codec.py: time stamp 2017-11-17 13:47:50 is 34290619.458113636 s in the future
tar: ./usr/lib/python2.7/encodings/mac_latin2.py: time stamp 2018-01-28 10:06:13 is 40498122.458113636 s in the future
tar: ./usr/lib/python2.7/encodings/johab.py: time stamp 2018-05-16 20:14:04 is 49865793.458113636 s in the future
tar: ./usr/lib/python2.7/encodings/cp1006.py: time stamp 2020-12-12 19:52:27 is 131166896.458113636 s in the future
tar: ./usr/lib/python2.7/encodings/iso8859_11.py: time stamp 2017-10-28 11:21:00 is 32553809.458113636 s in the future
tar: ./usr/lib/python2.7/encodings/cp865.py: time stamp 2019-03-25 04:59:00 is 76854089.457113647 s in the future
tar: ./usr/lib/python2.7/encodings/cp875.py: time stamp 2020-02-16 15:39:43 is 105231732.457113647 s in the future
tar: ./usr/lib/python2.7/encodings/rot_13.py: time stamp 2017-06-08 22:01:08 is 20323417.457113647 s in the future
tar: ./usr/lib/python2.7/encodings/hp_roman8.py: time stamp 2019-04-24 18:33:15 is 79494944.457113647 s in the future
tar: ./usr/lib/python2.7/encodings/iso2022_jp_ext.py: time stamp 2018-08-21 12:16:14 is 58217923.457113647 s in the future
tar: ./usr/lib/python2.7/encodings/iso2022_jp_2.py: time stamp 2017-03-01 05:38:20 is 11710849.457113647 s in the future
tar: ./usr/lib/python2.7/encodings/cp874.py: time stamp 2016-12-27 00:54:28 is 6164217.457113647 s in the future
tar: ./usr/lib/python2.7/encodings/utf_16_be.py: time stamp 2020-09-21 09:41:57 is 124045466.457113647 s in the future
tar: ./usr/lib/python2.7/encodings/cp852.py: time stamp 2020-03-25 14:02:18 is 108509087.457113647 s in the future
tar: ./usr/lib/python2.7/encodings/iso2022_jp.py: time stamp 2018-07-01 17:05:14 is 53828863.457113647 s in the future
tar: ./usr/lib/python2.7/encodings/aliases.py: time stamp 2021-01-11 02:15:38 is 133695487.457113647 s in the future
tar: ./usr/lib/python2.7/encodings/cp949.py: time stamp 2016-11-20 18:47:31 is 3031800.457113647 s in the future
tar: ./usr/lib/python2.7/encodings/cp500.py: time stamp 2020-06-10 12:38:26 is 115156855.457113647 s in the future
tar: ./usr/lib/python2.7/encodings/utf_16_le.py: time stamp 2017-06-13 06:57:52 is 20701221.456113659 s in the future
tar: ./usr/lib/python2.7/encodings/utf_16.py: time stamp 2020-07-21 07:08:21 is 118679450.456113659 s in the future
tar: ./usr/lib/python2.7/encodings/cp861.py: time stamp 2020-07-23 04:39:32 is 118843321.456113659 s in the future
tar: ./usr/lib/python2.7/encodings/iso8859_6.py: time stamp 2020-10-26 05:51:34 is 127055643.456113659 s in the future
tar: ./usr/lib/python2.7/encodings/cp850.py: time stamp 2018-06-20 09:30:03 is 52851152.456113659 s in the future
tar: ./usr/lib/python2.7/encodings/mac_turkish.py: time stamp 2017-01-28 17:59:32 is 8990521.456113659 s in the future
tar: ./usr/lib/python2.7/encodings/cp1257.py: time stamp 2020-09-15 07:36:59 is 123519568.45511367 s in the future
tar: ./usr/lib/python2.7/encodings/string_escape.py: time stamp 2019-03-22 16:33:02 is 76636531.45511367 s in the future
tar: ./usr/lib/python2.7/encodings/iso8859_8.py: time stamp 2020-07-16 12:03:05 is 118265134.45511367 s in the future
tar: ./usr/lib/python2.7/encodings/cp720.py: time stamp 2017-04-09 20:28:19 is 15133848.45511367 s in the future
tar: ./usr/lib/python2.7/encodings/cp1255.py: time stamp 2018-07-01 05:31:48 is 53787257.45511367 s in the future
tar: ./usr/lib/python2.7/encodings/cp950.py: time stamp 2018-05-18 16:18:23 is 50024452.45511367 s in the future
tar: ./usr/lib/python2.7/encodings/cp1254.py: time stamp 2020-02-20 04:04:25 is 105535614.45511367 s in the future
tar: ./usr/lib/python2.7/encodings/mac_romanian.py: time stamp 2017-03-09 00:21:12 is 12383021.45511367 s in the future
tar: ./usr/lib/python2.7/encodings/cp1026.py: time stamp 2020-03-10 08:27:12 is 107192981.45511367 s in the future
tar: ./usr/lib/python2.7/encodings/iso8859_1.py: time stamp 2018-06-09 06:12:17 is 51888886.45511367 s in the future
tar: ./usr/lib/python2.7/encodings/koi8_u.py: time stamp 2017-12-23 16:58:49 is 37412478.45511367 s in the future
tar: ./usr/lib/python2.7/encodings/mac_centeuro.py: time stamp 2016-10-31 00:51:10 is 1239219.454113682 s in the future
tar: ./usr/lib/python2.7/encodings/euc_jis_2004.py: time stamp 2017-09-02 13:02:50 is 27721519.454113682 s in the future
tar: ./usr/lib/python2.7/encodings/shift_jisx0213.py: time stamp 2018-10-21 20:50:06 is 63519155.454113682 s in the future
tar: ./usr/lib/python2.7/encodings/shift_jis_2004.py: time stamp 2017-08-24 06:14:16 is 26919405.454113682 s in the future
tar: ./usr/lib/python2.7/encodings/cp857.py: time stamp 2016-11-21 21:34:14 is 3128203.454113682 s in the future
tar: ./usr/lib/python2.7/encodings/charmap.py: time stamp 2017-11-12 02:52:38 is 33819307.454113682 s in the future
tar: ./usr/lib/python2.7/encodings/cp424.py: time stamp 2018-11-22 08:52:37 is 66240906.454113682 s in the future
tar: ./usr/lib/python2.7/encodings/utf_32_le.py: time stamp 2017-09-27 01:17:27 is 29839196.453113694 s in the future
tar: ./usr/lib/python2.7/encodings/euc_jp.py: time stamp 2019-05-20 11:13:09 is 81714938.453113694 s in the future
tar: ./usr/lib/python2.7/encodings/iso8859_16.py: time stamp 2020-03-09 10:20:46 is 107113395.453113694 s in the future
tar: ./usr/lib/python2.7/encodings/utf_32_be.py: time stamp 2019-10-29 20:40:58 is 95745807.453113694 s in the future
tar: ./usr/lib/python2.7/encodings/mac_cyrillic.py: time stamp 2018-05-23 19:13:03 is 50466932.453113694 s in the future
tar: ./usr/lib/python2.7/encodings/iso8859_9.py: time stamp 2017-08-25 10:56:49 is 27022758.453113694 s in the future
tar: ./usr/lib/python2.7/encodings/base64_codec.py: time stamp 2019-07-02 00:46:51 is 85392560.453113694 s in the future
tar: ./usr/lib/python2.7/encodings/utf_8_sig.py: time stamp 2016-11-16 08:16:11 is 2648320.453113694 s in the future
tar: ./usr/lib/python2.7/encodings/cp1140.py: time stamp 2017-08-28 06:38:32 is 27266461.453113694 s in the future
tar: ./usr/lib/python2.7/encodings/mac_croatian.py: time stamp 2020-11-03 16:29:16 is 127785105.453113694 s in the future
tar: ./usr/lib/python2.7/encodings/cp860.py: time stamp 2019-10-29 21:02:32 is 95747101.453113694 s in the future
tar: ./usr/lib/python2.7/encodings/cp866.py: time stamp 2019-06-29 18:04:02 is 85195591.453113694 s in the future
tar: ./usr/lib/python2.7/encodings/gb18030.py: time stamp 2019-11-25 22:44:15 is 98086004.452113705 s in the future
tar: ./usr/lib/python2.7/encodings/euc_jisx0213.py: time stamp 2020-06-04 03:39:49 is 114606138.452113705 s in the future
tar: ./usr/lib/python2.7/encodings/ptcp154.py: time stamp 2019-01-18 10:43:01 is 71172330.452113705 s in the future
tar: ./usr/lib/python2.7/encodings/iso8859_15.py: time stamp 2018-10-19 23:42:35 is 63356704.452113705 s in the future
tar: ./usr/lib/python2.7/encodings/mac_farsi.py: time stamp 2017-06-27 04:26:33 is 21901742.452113705 s in the future
tar: ./usr/lib/python2.7/encodings/ascii.py: time stamp 2020-10-07 16:53:23 is 125453752.452113705 s in the future
tar: ./usr/lib/python2.7/encodings/iso2022_jp_3.py: time stamp 2018-11-06 15:56:33 is 64883942.452113705 s in the future
tar: ./usr/lib/python2.7/encodings/iso2022_kr.py: time stamp 2020-09-02 19:09:30 is 122437919.451113716 s in the future
tar: ./usr/lib/python2.7/encodings/iso8859_5.py: time stamp 2017-02-10 11:40:19 is 10090968.451113716 s in the future
tar: ./usr/lib/python2.7/encodings/punycode.py: time stamp 2018-09-17 05:22:18 is 60525887.451113716 s in the future
tar: ./usr/lib/python2.7/encodings/utf_32.py: time stamp 2017-01-17 06:36:10 is 7999119.451113716 s in the future
tar: ./usr/lib/python2.7/encodings/palmos.py: time stamp 2017-08-19 17:59:07 is 26529696.451113716 s in the future
tar: ./usr/lib/python2.7/encodings/iso2022_jp_2004.py: time stamp 2018-03-21 03:16:13 is 44966322.451113716 s in the future
tar: ./usr/lib/python2.7/encodings/mac_greek.py: time stamp 2020-05-28 00:44:26 is 113990815.451113716 s in the future
tar: ./usr/lib/python2.7/encodings/koi8_r.py: time stamp 2018-11-12 06:48:55 is 65369484.451113716 s in the future
tar: ./usr/lib/python2.7/encodings/cp1252.py: time stamp 2018-01-11 20:41:45 is 39067454.451113716 s in the future
tar: ./usr/lib/python2.7/doctest.py: time stamp 2019-05-03 09:07:38 is 80238607.450113728 s in the future
tar: ./usr/lib/python2.7/robotparser.py: time stamp 2017-06-24 13:56:20 is 21676729.450113728 s in the future
tar: ./usr/lib/python2.7/pstats.py: time stamp 2020-05-10 02:54:09 is 112443398.450113728 s in the future
tar: ./usr/lib/python2.7/lib2to3/main.py: time stamp 2017-06-30 03:57:49 is 22159218.44911374 s in the future
tar: ./usr/lib/python2.7/lib2to3/fixer_util.py: time stamp 2018-03-22 00:24:59 is 45042448.44911374 s in the future
tar: ./usr/lib/python2.7/lib2to3/tests/test_all_fixers.py: time stamp 2018-07-29 01:30:30 is 56191979.44911374 s in the future
tar: ./usr/lib/python2.7/lib2to3/tests/test_pytree.py: time stamp 2019-09-28 00:30:51 is 92994800.448113751 s in the future
tar: ./usr/lib/python2.7/lib2to3/tests/test_main.py: time stamp 2019-02-16 10:27:46 is 73677015.448113751 s in the future
tar: ./usr/lib/python2.7/lib2to3/tests/test_parser.py: time stamp 2016-11-25 10:24:54 is 3433643.448113751 s in the future
tar: ./usr/lib/python2.7/lib2to3/tests/data/fixers/myfixes/fix_preorder.py: time stamp 2020-12-31 10:16:50 is 132773959.447113763 s in the future
tar: ./usr/lib/python2.7/lib2to3/tests/data/fixers/myfixes/fix_parrot.py: time stamp 2017-06-14 09:54:40 is 20798229.447113763 s in the future
tar: ./usr/lib/python2.7/lib2to3/tests/data/fixers/myfixes/fix_explicit.py: time stamp 2019-07-26 08:05:13 is 87492462.447113763 s in the future
tar: ./usr/lib/python2.7/lib2to3/tests/data/different_encoding.py: time stamp 2017-05-07 17:38:48 is 17542877.447113763 s in the future
tar: ./usr/lib/python2.7/lib2to3/tests/data/py2_test_grammar.py: time stamp 2018-06-12 03:09:27 is 52137116.447113763 s in the future
tar: ./usr/lib/python2.7/lib2to3/refactor.py: time stamp 2018-03-22 08:03:28 is 45069957.446113774 s in the future
tar: ./usr/lib/python2.7/lib2to3/btm_matcher.py: time stamp 2019-09-29 15:52:15 is 93136484.446113774 s in the future
tar: ./usr/lib/python2.7/lib2to3/__init__.py: time stamp 2019-01-27 11:49:47 is 71953936.446113774 s in the future
tar: ./usr/lib/python2.7/lib2to3/fixes/fix_xreadlines.py: time stamp 2020-09-01 06:34:15 is 122306204.445113786 s in the future
tar: ./usr/lib/python2.7/lib2to3/fixes/fix_long.py: time stamp 2020-06-04 06:29:49 is 114616338.445113786 s in the future
tar: ./usr/lib/python2.7/lib2to3/fixes/fix_execfile.py: time stamp 2019-05-03 21:02:02 is 80281471.445113786 s in the future
tar: ./usr/lib/python2.7/lib2to3/fixes/fix_intern.py: time stamp 2018-06-23 07:09:10 is 53101899.445113786 s in the future
tar: ./usr/lib/python2.7/lib2to3/fixes/fix_future.py: time stamp 2016-10-20 03:19:13 is 297702.445113786 s in the future
tar: ./usr/lib/python2.7/lib2to3/fixes/fix_getcwdu.py: time stamp 2018-07-24 21:57:58 is 55833627.445113786 s in the future
tar: ./usr/lib/python2.7/lib2to3/fixes/fix_print.py: time stamp 2016-12-21 03:59:12 is 5656901.445113786 s in the future
tar: ./usr/lib/python2.7/lib2to3/fixes/fix_raise.py: time stamp 2020-05-30 08:59:27 is 114193316.445113786 s in the future
tar: ./usr/lib/python2.7/lib2to3/fixes/fix_urllib.py: time stamp 2018-05-16 11:15:49 is 49833498.445113786 s in the future
tar: ./usr/lib/python2.7/lib2to3/fixes/fix_sys_exc.py: time stamp 2018-01-08 12:04:10 is 38777199.445113786 s in the future
tar: ./usr/lib/python2.7/lib2to3/fixes/fix_callable.py: time stamp 2017-11-07 14:30:26 is 33429175.445113786 s in the future
tar: ./usr/lib/python2.7/lib2to3/fixes/fix_except.py: time stamp 2020-01-04 23:52:08 is 101546077.445113786 s in the future
tar: ./usr/lib/python2.7/lib2to3/fixes/fix_ne.py: time stamp 2019-05-30 06:03:36 is 82560365.445113786 s in the future
tar: ./usr/lib/python2.7/lib2to3/fixes/fix_operator.py: time stamp 2019-02-03 05:56:00 is 72537509.444113798 s in the future
tar: ./usr/lib/python2.7/lib2to3/fixes/fix_asserts.py: time stamp 2018-12-13 11:08:16 is 68063445.444113798 s in the future
tar: ./usr/lib/python2.7/lib2to3/fixes/__init__.py: time stamp 2020-09-11 09:38:18 is 123181247.444113798 s in the future
tar: ./usr/lib/python2.7/lib2to3/fixes/fix_standarderror.py: time stamp 2019-03-31 19:57:36 is 77426405.444113798 s in the future
tar: ./usr/lib/python2.7/lib2to3/fixes/fix_map.py: time stamp 2017-08-14 03:08:52 is 26044281.444113798 s in the future
tar: ./usr/lib/python2.7/lib2to3/fixes/fix_metaclass.py: time stamp 2017-06-05 04:59:53 is 20002942.444113798 s in the future
tar: ./usr/lib/python2.7/lib2to3/fixes/fix_has_key.py: time stamp 2017-09-30 08:45:58 is 30125307.444113798 s in the future
tar: ./usr/lib/python2.7/lib2to3/fixes/fix_repr.py: time stamp 2019-03-30 10:13:37 is 77304966.444113798 s in the future
tar: ./usr/lib/python2.7/lib2to3/fixes/fix_isinstance.py: time stamp 2019-12-02 07:23:58 is 98635587.444113798 s in the future
tar: ./usr/lib/python2.7/lib2to3/fixes/fix_filter.py: time stamp 2020-09-15 04:18:15 is 123507644.444113798 s in the future
tar: ./usr/lib/python2.7/lib2to3/fixes/fix_ws_comma.py: time stamp 2020-05-26 00:33:21 is 113817350.444113798 s in the future
tar: ./usr/lib/python2.7/lib2to3/fixes/fix_reduce.py: time stamp 2016-12-18 03:41:49 is 5396658.444113798 s in the future
tar: ./usr/lib/python2.7/lib2to3/fixes/fix_paren.py: time stamp 2017-02-24 09:05:50 is 11291299.443113809 s in the future
tar: ./usr/lib/python2.7/lib2to3/fixes/fix_xrange.py: time stamp 2019-01-23 23:32:43 is 71650512.443113809 s in the future
tar: ./usr/lib/python2.7/lib2to3/fixes/fix_raw_input.py: time stamp 2018-06-22 01:01:06 is 52993415.443113809 s in the future
tar: ./usr/lib/python2.7/lib2to3/fixes/fix_exitfunc.py: time stamp 2018-02-07 13:54:15 is 41375804.443113809 s in the future
tar: ./usr/lib/python2.7/lib2to3/fixes/fix_methodattrs.py: time stamp 2017-08-15 07:33:29 is 26146558.443113809 s in the future
tar: ./usr/lib/python2.7/lib2to3/fixes/fix_zip.py: time stamp 2018-10-04 12:04:04 is 62018793.443113809 s in the future
tar: ./usr/lib/python2.7/lib2to3/pgen2/conv.py: time stamp 2018-03-01 13:15:58 is 43274307.443113809 s in the future
tar: ./usr/lib/python2.7/lib2to3/pgen2/parse.py: time stamp 2018-07-19 09:18:43 is 55356072.443113809 s in the future
tar: ./usr/lib/python2.7/lib2to3/pgen2/token.py: time stamp 2020-07-19 00:53:47 is 118484176.442113821 s in the future
tar: ./usr/lib/python2.7/lib2to3/pgen2/tokenize.py: time stamp 2017-05-08 13:18:52 is 17613681.442113821 s in the future
tar: ./usr/lib/python2.7/shlex.py: time stamp 2017-07-19 20:53:58 is 23861787.442113821 s in the future
tar: ./usr/lib/python2.7/cmd.py: time stamp 2019-03-27 09:39:49 is 77043738.442113821 s in the future
tar: ./usr/lib/python2.7/shelve.py: time stamp 2018-05-04 05:45:55 is 48776904.442113821 s in the future
tar: ./usr/lib/python2.7/sqlite3/test/userfunctions.py: time stamp 2019-12-28 14:00:50 is 100905799.442113821 s in the future
tar: ./usr/lib/python2.7/sqlite3/test/py25tests.py: time stamp 2019-02-04 04:10:31 is 72617580.442113821 s in the future
tar: ./usr/lib/python2.7/sqlite3/dump.py: time stamp 2018-05-02 09:44:12 is 48618401.441113832 s in the future
tar: ./usr/lib/python2.7/multiprocessing/__init__.py: time stamp 2017-03-02 16:21:02 is 11835811.439113856 s in the future
tar: ./usr/lib/python2.7/multiprocessing/dummy/__init__.py: time stamp 2020-12-06 20:19:33 is 130650122.439113856 s in the future
tar: ./usr/lib/python2.7/multiprocessing/dummy/connection.py: time stamp 2019-06-22 08:40:24 is 84556973.439113856 s in the future
tar: ./usr/lib/python2.7/multiprocessing/synchronize.py: time stamp 2018-08-25 12:29:09 is 58564298.439113856 s in the future
tar: ./usr/lib/python2.7/multiprocessing/managers.py: time stamp 2019-05-14 18:50:46 is 81223995.439113856 s in the future
tar: ./usr/lib/python2.7/multiprocessing/heap.py: time stamp 2020-09-12 04:51:36 is 123250445.438113867 s in the future
tar: ./usr/lib/python2.7/timeit.py: time stamp 2019-06-09 02:55:57 is 83413106.438113867 s in the future
tar: ./usr/lib/python2.7/dircache.py: time stamp 2019-01-07 13:36:28 is 70232337.437113879 s in the future
tar: ./usr/lib/python2.7/_LWPCookieJar.py: time stamp 2017-02-26 19:19:28 is 11500917.37911455 s in the future
tar: ./usr/lib/python2.7/htmlentitydefs.py: time stamp 2018-04-20 14:08:37 is 47597466.37911455 s in the future
tar: ./usr/lib/python2.7/optparse.py: time stamp 2019-12-26 16:19:12 is 100741301.378114561 s in the future
tar: ./usr/lib/python2.7/aifc.py: time stamp 2019-01-29 15:29:07 is 72139896.378114561 s in the future
tar: ./usr/lib/python2.7/Queue.py: time stamp 2019-01-07 02:04:21 is 70190810.377114572 s in the future
tar: ./usr/lib/python2.7/tty.py: time stamp 2018-06-15 10:06:23 is 52421332.377114572 s in the future
tar: ./usr/lib/python2.7/hmac.py: time stamp 2017-12-20 10:50:59 is 37131208.377114572 s in the future
tar: ./usr/lib/python2.7/code.py: time stamp 2018-10-27 10:59:18 is 64002107.377114572 s in the future
tar: ./usr/lib/python2.7/Bastion.py: time stamp 2019-03-26 01:11:19 is 76926828.377114572 s in the future
tar: ./usr/lib/python2.7/sha.py: time stamp 2017-04-27 12:33:04 is 16660533.377114572 s in the future
tar: ./usr/lib/python2.7/contextlib.py: time stamp 2017-03-22 12:03:22 is 13548351.376114584 s in the future
tar: ./usr/lib/python2.7/getopt.py: time stamp 2019-07-05 07:49:50 is 85677139.376114584 s in the future
tar: ./usr/lib/python2.7/cookielib.py: time stamp 2019-11-24 00:17:10 is 97918779.376114584 s in the future
tar: ./usr/lib/python2.7/__phello__.foo.py: time stamp 2016-12-03 00:02:24 is 4087493.376114584 s in the future
tar: ./usr/lib/python2.7/heapq.py: time stamp 2016-11-15 20:13:05 is 2604934.376114584 s in the future
tar: ./usr/lib/python2.7/dummy_threading.py: time stamp 2020-04-13 08:45:29 is 110131678.376114584 s in the future
tar: ./usr/lib/python2.7/test/test_importhooks.py: time stamp 2016-11-22 06:37:46 is 3160815.375114596 s in the future
tar: ./usr/lib/python2.7/test/test_class.py: time stamp 2018-01-18 04:53:41 is 39615370.375114596 s in the future
tar: ./usr/lib/python2.7/test/test_slice.py: time stamp 2017-07-24 13:00:29 is 24265378.375114596 s in the future
tar: ./usr/lib/python2.7/test/test_sys_settrace.py: time stamp 2020-08-04 04:25:23 is 119879272.375114596 s in the future
tar: ./usr/lib/python2.7/test/test_pkgimport.py: time stamp 2017-01-24 15:35:50 is 8636299.375114596 s in the future
tar: ./usr/lib/python2.7/test/test_cmd_line.py: time stamp 2019-07-01 01:15:01 is 85307850.375114596 s in the future
tar: ./usr/lib/python2.7/test/test_enumerate.py: time stamp 2016-11-28 14:16:20 is 3706729.375114596 s in the future
tar: ./usr/lib/python2.7/test/test_logging.py: time stamp 2020-09-18 08:33:35 is 123782164.374114607 s in the future
tar: ./usr/lib/python2.7/test/test_pipes.py: time stamp 2018-03-13 16:01:18 is 44321027.374114607 s in the future
tar: ./usr/lib/python2.7/test/test_readline.py: time stamp 2018-08-11 16:04:50 is 57367639.374114607 s in the future
tar: ./usr/lib/python2.7/test/test_longexp.py: time stamp 2020-01-21 09:04:30 is 102961619.374114607 s in the future
tar: ./usr/lib/python2.7/test/test_lib2to3.py: time stamp 2019-12-22 16:23:41 is 100395970.373114619 s in the future
tar: ./usr/lib/python2.7/test/test_timeit.py: time stamp 2019-04-13 03:46:35 is 78491344.373114619 s in the future
tar: ./usr/lib/python2.7/test/test_codecencodings_cn.py: time stamp 2019-09-16 08:31:57 is 91986866.37211463 s in the future
tar: ./usr/lib/python2.7/test/test_atexit.py: time stamp 2020-10-09 11:00:26 is 125605375.37211463 s in the future
tar: ./usr/lib/python2.7/test/test_stat.py: time stamp 2018-01-04 22:13:14 is 38468143.37211463 s in the future
tar: ./usr/lib/python2.7/test/test_future5.py: time stamp 2020-11-28 17:22:21 is 129948290.37211463 s in the future
tar: ./usr/lib/python2.7/test/test_unicode_file.py: time stamp 2020-12-04 13:04:46 is 130451235.37211463 s in the future
tar: ./usr/lib/python2.7/test/test_doctest2.py: time stamp 2018-11-06 06:55:07 is 64851456.371114642 s in the future
tar: ./usr/lib/python2.7/test/test_timeout.py: time stamp 2020-09-18 12:59:07 is 123798096.371114642 s in the future
tar: ./usr/lib/python2.7/test/test_gc.py: time stamp 2017-12-16 08:10:52 is 36776001.371114642 s in the future
tar: ./usr/lib/python2.7/test/test_pickletools.py: time stamp 2020-09-25 17:57:42 is 124420811.371114642 s in the future
tar: ./usr/lib/python2.7/test/test_strop.py: time stamp 2016-12-04 12:00:17 is 4216966.371114642 s in the future
tar: ./usr/lib/python2.7/test/test_dbm.py: time stamp 2016-12-03 07:04:48 is 4112837.371114642 s in the future
tar: ./usr/lib/python2.7/test/test_email_codecs.py: time stamp 2016-12-10 08:11:41 is 4721650.371114642 s in the future
tar: ./usr/lib/python2.7/test/test_httpservers.py: time stamp 2019-08-07 15:59:02 is 88557691.370114654 s in the future
tar: ./usr/lib/python2.7/test/test_richcmp.py: time stamp 2020-12-21 20:31:36 is 131946845.370114654 s in the future
tar: ./usr/lib/python2.7/test/test_urllib2.py: time stamp 2020-12-22 14:25:53 is 132011302.369114665 s in the future
tar: ./usr/lib/python2.7/test/test_future.py: time stamp 2017-09-24 18:01:00 is 29640209.369114665 s in the future
tar: ./usr/lib/python2.7/test/test__locale.py: time stamp 2020-12-31 00:23:21 is 132738350.369114665 s in the future
tar: ./usr/lib/python2.7/test/test_calendar.py: time stamp 2019-11-11 00:23:20 is 96795949.369114665 s in the future
tar: ./usr/lib/python2.7/test/lock_tests.py: time stamp 2018-10-13 08:39:49 is 62784138.369114665 s in the future
tar: ./usr/lib/python2.7/test/test_cmd.py: time stamp 2018-01-07 04:28:31 is 38663460.369114665 s in the future
tar: ./usr/lib/python2.7/test/test_codecencodings_iso2022.py: time stamp 2018-06-28 23:40:23 is 53593372.368114677 s in the future
tar: ./usr/lib/python2.7/test/test_gl.py: time stamp 2017-08-19 22:24:32 is 26545621.368114677 s in the future
tar: ./usr/lib/python2.7/test/test_hashlib.py: time stamp 2018-09-28 06:14:30 is 61479419.368114677 s in the future
tar: ./usr/lib/python2.7/test/test_source_encoding.py: time stamp 2019-04-28 20:40:48 is 79848197.367114688 s in the future
tar: ./usr/lib/python2.7/test/test_hash.py: time stamp 2020-08-18 23:26:52 is 121157361.367114688 s in the future
tar: ./usr/lib/python2.7/test/test_smtplib.py: time stamp 2020-02-16 12:31:24 is 105220433.367114688 s in the future
tar: ./usr/lib/python2.7/test/test_doctest.py: time stamp 2019-03-29 16:30:44 is 77241193.367114688 s in the future
tar: ./usr/lib/python2.7/test/test_linecache.py: time stamp 2019-08-03 22:18:10 is 88234839.367114688 s in the future
tar: ./usr/lib/python2.7/test/test_fileinput.py: time stamp 2017-08-07 03:31:37 is 25440846.3661147 s in the future
tar: ./usr/lib/python2.7/test/test_ssl.py: time stamp 2020-04-15 08:12:48 is 110302517.3661147 s in the future
tar: ./usr/lib/python2.7/test/test_socketserver.py: time stamp 2016-12-15 11:30:40 is 5165589.3661147 s in the future
tar: ./usr/lib/python2.7/test/test_strptime.py: time stamp 2019-06-12 00:09:52 is 83662341.3661147 s in the future
tar: ./usr/lib/python2.7/test/test_thread.py: time stamp 2018-04-06 05:01:30 is 46355039.3661147 s in the future
tar: ./usr/lib/python2.7/test/badsyntax_future5.py: time stamp 2018-06-15 10:29:44 is 52422733.3661147 s in the future
tar: ./usr/lib/python2.7/test/test_sys.py: time stamp 2018-04-24 23:59:32 is 47978521.365114712 s in the future
tar: ./usr/lib/python2.7/test/test_future2.py: time stamp 2018-01-14 18:05:02 is 39317251.364114723 s in the future
tar: ./usr/lib/python2.7/test/test_shlex.py: time stamp 2020-08-10 07:12:17 is 120407686.364114723 s in the future
tar: ./usr/lib/python2.7/test/test_weakref.py: time stamp 2019-12-10 12:06:32 is 99343741.364114723 s in the future
tar: ./usr/lib/python2.7/test/test_urllib2_localnet.py: time stamp 2017-12-09 00:18:53 is 36142882.364114723 s in the future
tar: ./usr/lib/python2.7/test/test_profile.py: time stamp 2017-02-09 06:03:43 is 9984372.363114735 s in the future
tar: ./usr/lib/python2.7/test/test_int.py: time stamp 2020-06-03 15:23:54 is 114561983.363114735 s in the future
tar: ./usr/lib/python2.7/test/test_distutils.py: time stamp 2017-01-17 08:38:29 is 8006458.363114735 s in the future
tar: ./usr/lib/python2.7/test/test_imp.py: time stamp 2020-08-21 09:37:20 is 121366789.363114735 s in the future
tar: ./usr/lib/python2.7/test/test_sunaudiodev.py: time stamp 2020-04-01 18:13:12 is 109128941.363114735 s in the future
tar: ./usr/lib/python2.7/test/test_xmllib.py: time stamp 2020-07-31 22:54:36 is 119600225.362114746 s in the future
tar: ./usr/lib/python2.7/test/test_smtpnet.py: time stamp 2021-01-03 18:40:53 is 133063402.362114746 s in the future
tar: ./usr/lib/python2.7/test/gdb_sample.py: time stamp 2017-02-12 19:29:23 is 10291912.361114758 s in the future
tar: ./usr/lib/python2.7/test/test_imageop.py: time stamp 2017-08-06 12:56:34 is 25388343.361114758 s in the future
tar: ./usr/lib/python2.7/test/test_codeop.py: time stamp 2017-12-05 20:45:54 is 35870903.361114758 s in the future
tar: ./usr/lib/python2.7/test/test_threadedtempfile.py: time stamp 2019-07-16 06:51:30 is 86624039.360114769 s in the future
tar: ./usr/lib/python2.7/test/test_tuple.py: time stamp 2019-02-19 22:59:20 is 73981309.359114781 s in the future
tar: ./usr/lib/python2.7/test/test_univnewlines.py: time stamp 2017-01-13 14:57:37 is 7683606.359114781 s in the future
tar: ./usr/lib/python2.7/test/test_descr.py: time stamp 2017-05-17 19:25:28 is 18413277.358114792 s in the future
tar: ./usr/lib/python2.7/test/test_random.py: time stamp 2020-05-06 10:37:11 is 112125580.358114792 s in the future
tar: ./usr/lib/python2.7/test/sample_doctest_no_docstrings.py: time stamp 2020-01-07 04:32:26 is 101735695.358114792 s in the future
tar: ./usr/lib/python2.7/test/test_with.py: time stamp 2017-03-06 07:37:57 is 12150026.358114792 s in the future
tar: ./usr/lib/python2.7/test/test_kqueue.py: time stamp 2020-01-31 05:19:55 is 103812144.357114804 s in the future
tar: ./usr/lib/python2.7/test/test_module.py: time stamp 2017-05-06 10:35:26 is 17431075.357114804 s in the future
tar: ./usr/lib/python2.7/test/audiotests.py: time stamp 2019-10-21 19:03:55 is 95048784.357114804 s in the future
tar: ./usr/lib/python2.7/test/test_old_mailbox.py: time stamp 2018-06-22 19:26:42 is 53059751.357114804 s in the future
tar: ./usr/lib/python2.7/test/test_hmac.py: time stamp 2018-02-01 21:51:54 is 40886063.357114804 s in the future
tar: ./usr/lib/python2.7/test/test_file.py: time stamp 2018-01-22 09:16:25 is 39976734.356114816 s in the future
tar: ./usr/lib/python2.7/test/test_global.py: time stamp 2018-08-04 16:15:39 is 56763488.356114816 s in the future
tar: ./usr/lib/python2.7/test/time_hashlib.py: time stamp 2017-02-01 04:03:45 is 9285974.356114816 s in the future
tar: ./usr/lib/python2.7/test/test_fcntl.py: time stamp 2018-02-18 22:36:14 is 42357523.355114827 s in the future
tar: ./usr/lib/python2.7/test/mapping_tests.py: time stamp 2018-04-27 00:30:12 is 48153161.355114827 s in the future
tar: ./usr/lib/python2.7/test/test_fork1.py: time stamp 2019-06-20 17:14:54 is 84415043.355114827 s in the future
tar: ./usr/lib/python2.7/test/test_idle.py: time stamp 2019-03-01 05:59:58 is 74784147.354114839 s in the future
tar: ./usr/lib/python2.7/test/test_gettext.py: time stamp 2018-05-21 21:59:32 is 50304121.354114839 s in the future
tar: ./usr/lib/python2.7/test/test_locale.py: time stamp 2017-12-27 05:53:48 is 37718177.354114839 s in the future
tar: ./usr/lib/python2.7/test/test_urllibnet.py: time stamp 2020-04-01 22:21:49 is 109143858.340115001 s in the future
tar: ./usr/lib/python2.7/test/test_itertools.py: time stamp 2016-11-30 15:05:33 is 3882482.340115001 s in the future
tar: ./usr/lib/python2.7/test/test_rfc822.py: time stamp 2017-11-07 09:03:43 is 33409572.339115012 s in the future
tar: ./usr/lib/python2.7/test/infinite_reload.py: time stamp 2018-09-12 18:26:26 is 60140935.339115012 s in the future
tar: ./usr/lib/python2.7/test/test_sundry.py: time stamp 2020-12-23 03:01:21 is 132056630.339115012 s in the future
tar: ./usr/lib/python2.7/test/test_tcl.py: time stamp 2016-10-18 09:29:47 is 147136.338115024 s in the future
tar: ./usr/lib/python2.7/test/test_repr.py: time stamp 2019-06-10 10:36:26 is 83527135.338115024 s in the future
tar: ./usr/lib/python2.7/test/test_netrc.py: time stamp 2017-12-10 21:44:07 is 36306396.338115024 s in the future
tar: ./usr/lib/python2.7/test/test_macos.py: time stamp 2020-05-07 09:03:58 is 112206387.338115024 s in the future
tar: ./usr/lib/python2.7/test/test_textwrap.py: time stamp 2019-03-29 09:26:25 is 77215734.338115024 s in the future
tar: ./usr/lib/python2.7/test/test_shelve.py: time stamp 2020-12-10 19:47:04 is 130993773.337115035 s in the future
tar: ./usr/lib/python2.7/test/test_setcomps.py: time stamp 2019-05-05 01:30:28 is 80383977.337115035 s in the future
tar: ./usr/lib/python2.7/test/test_cookielib.py: time stamp 2016-10-18 11:31:29 is 154438.337115035 s in the future
tar: ./usr/lib/python2.7/test/test_dumbdbm.py: time stamp 2020-12-01 19:10:24 is 130213973.336115047 s in the future
tar: ./usr/lib/python2.7/test/test___all__.py: time stamp 2019-08-30 11:27:57 is 90528626.336115047 s in the future
tar: ./usr/lib/python2.7/test/test_bool.py: time stamp 2017-05-04 18:32:55 is 17286924.336115047 s in the future
tar: ./usr/lib/python2.7/test/test_fpformat.py: time stamp 2020-12-21 10:44:13 is 131911602.336115047 s in the future
tar: ./usr/lib/python2.7/test/test_sha.py: time stamp 2018-11-04 13:05:36 is 64700885.336115047 s in the future
tar: ./usr/lib/python2.7/test/test_sqlite.py: time stamp 2018-08-22 16:37:08 is 58319977.336115047 s in the future
tar: ./usr/lib/python2.7/test/test_codecencodings_kr.py: time stamp 2017-08-18 21:33:09 is 26456138.336115047 s in the future
tar: ./usr/lib/python2.7/test/test_largefile.py: time stamp 2017-05-11 02:33:19 is 17834148.336115047 s in the future
tar: ./usr/lib/python2.7/test/test_contextlib.py: time stamp 2018-09-10 14:46:56 is 59954965.335115059 s in the future
tar: ./usr/lib/python2.7/test/test_popen2.py: time stamp 2017-12-07 09:12:16 is 36002085.335115059 s in the future
tar: ./usr/lib/python2.7/test/test_extcall.py: time stamp 2019-05-30 02:12:01 is 82546470.335115059 s in the future
tar: ./usr/lib/python2.7/test/test_spwd.py: time stamp 2019-08-06 17:09:45 is 88475534.335115059 s in the future
tar: ./usr/lib/python2.7/test/test_posix.py: time stamp 2020-11-10 11:38:29 is 128372458.335115059 s in the future
tar: ./usr/lib/python2.7/test/test_pickle.py: time stamp 2020-01-11 21:40:23 is 102142972.335115059 s in the future
tar: ./usr/lib/python2.7/test/pickletester.py: time stamp 2019-08-07 12:38:46 is 88545675.33411507 s in the future
tar: ./usr/lib/python2.7/test/test_queue.py: time stamp 2019-03-05 15:43:34 is 75164763.33411507 s in the future
tar: ./usr/lib/python2.7/test/test_quopri.py: time stamp 2019-06-04 16:49:49 is 83031138.33411507 s in the future
tar: ./usr/lib/python2.7/test/__init__.py: time stamp 2020-09-11 09:38:18 is 123181247.33411507 s in the future
tar: ./usr/lib/python2.7/test/test_os.py: time stamp 2019-08-18 14:08:16 is 89501445.33411507 s in the future
tar: ./usr/lib/python2.7/test/test_sys_setprofile.py: time stamp 2016-11-15 01:32:29 is 2537698.333115081 s in the future
tar: ./usr/lib/python2.7/test/test_io.py: time stamp 2019-02-05 20:27:38 is 72762607.333115081 s in the future
tar: ./usr/lib/python2.7/test/test_file_eintr.py: time stamp 2019-12-25 07:21:01 is 100622610.333115081 s in the future
tar: ./usr/lib/python2.7/test/test_compare.py: time stamp 2020-04-06 18:49:41 is 109563130.333115081 s in the future
tar: ./usr/lib/python2.7/test/test_traceback.py: time stamp 2018-03-27 04:31:41 is 45489250.333115081 s in the future
tar: ./usr/lib/python2.7/test/test_strtod.py: time stamp 2018-09-03 05:53:00 is 59318129.332115093 s in the future
tar: ./usr/lib/python2.7/test/test_coercion.py: time stamp 2018-01-28 21:31:37 is 40539246.332115093 s in the future
tar: ./usr/lib/python2.7/test/test_xml_etree_c.py: time stamp 2017-03-08 21:05:50 is 12371299.332115093 s in the future
tar: ./usr/lib/python2.7/test/test_deque.py: time stamp 2017-07-29 08:37:03 is 24681572.332115093 s in the future
tar: ./usr/lib/python2.7/test/test_math.py: time stamp 2019-09-28 14:40:39 is 93045788.331115105 s in the future
tar: ./usr/lib/python2.7/test/test_structseq.py: time stamp 2016-10-28 12:55:01 is 1023450.330115116 s in the future
tar: ./usr/lib/python2.7/test/test_pstats.py: time stamp 2019-11-30 00:24:49 is 98437638.330115116 s in the future
tar: ./usr/lib/python2.7/test/test_time.py: time stamp 2020-09-12 11:38:16 is 123274845.330115116 s in the future
tar: ./usr/lib/python2.7/test/test_mmap.py: time stamp 2019-08-25 01:20:58 is 90060207.330115116 s in the future
tar: ./usr/lib/python2.7/test/test_ossaudiodev.py: time stamp 2020-04-18 03:45:38 is 110545687.329115128 s in the future
tar: ./usr/lib/python2.7/test/test_epoll.py: time stamp 2017-12-06 06:00:31 is 35904180.329115128 s in the future
tar: ./usr/lib/python2.7/test/test_dictcomps.py: time stamp 2016-10-25 04:47:11 is 734980.329115128 s in the future
tar: ./usr/lib/python2.7/test/test_pep352.py: time stamp 2020-05-03 21:58:17 is 111907246.328115139 s in the future
tar: ./usr/lib/python2.7/test/test_pow.py: time stamp 2017-03-09 01:05:42 is 12385691.328115139 s in the future
tar: ./usr/lib/python2.7/test/test_shutil.py: time stamp 2019-10-01 20:33:37 is 93326166.327115151 s in the future
tar: ./usr/lib/python2.7/test/test_fileio.py: time stamp 2016-10-26 13:16:26 is 851935.327115151 s in the future
tar: ./usr/lib/python2.7/test/test_multiprocessing.py: time stamp 2019-07-15 17:53:03 is 86577332.327115151 s in the future
tar: ./usr/lib/python2.7/test/badsyntax_future7.py: time stamp 2018-11-23 23:37:21 is 66380390.327115151 s in the future
tar: ./usr/lib/python2.7/test/test_funcattrs.py: time stamp 2020-10-08 16:56:11 is 125540320.326115163 s in the future
tar: ./usr/lib/python2.7/test/test_macpath.py: time stamp 2019-05-12 23:36:13 is 81068322.326115163 s in the future
tar: ./usr/lib/python2.7/test/test_site.py: time stamp 2017-08-20 00:23:25 is 26552754.326115163 s in the future
tar: ./usr/lib/python2.7/test/test_getargs2.py: time stamp 2017-09-29 14:20:17 is 30058966.326115163 s in the future
tar: ./usr/lib/python2.7/test/test_threading_local.py: time stamp 2017-05-29 22:51:27 is 19462436.325115174 s in the future
tar: ./usr/lib/python2.7/test/test_bastion.py: time stamp 2017-01-16 07:29:56 is 7915945.325115174 s in the future
tar: ./usr/lib/python2.7/test/test_anydbm.py: time stamp 2020-03-11 06:10:18 is 107271167.325115174 s in the future
tar: ./usr/lib/python2.7/test/test_compile.py: time stamp 2019-06-25 09:09:05 is 84817894.324115186 s in the future
tar: ./usr/lib/python2.7/test/test_abc.py: time stamp 2017-12-06 02:41:45 is 35892254.324115186 s in the future
tar: ./usr/lib/python2.7/test/test_optparse.py: time stamp 2017-06-06 17:20:51 is 20133800.323115197 s in the future
tar: ./usr/lib/python2.7/test/test_py3kwarn.py: time stamp 2018-05-10 01:35:05 is 49280254.323115197 s in the future
tar: ./usr/lib/python2.7/test/test_aifc.py: time stamp 2020-10-14 13:01:55 is 126044664.323115197 s in the future
tar: ./usr/lib/python2.7/test/test_wsgiref.py: time stamp 2020-06-05 13:58:44 is 114729673.323115197 s in the future
tar: ./usr/lib/python2.7/test/test_pprint.py: time stamp 2016-11-16 10:22:17 is 2655886.322115209 s in the future
tar: ./usr/lib/python2.7/test/test_winreg.py: time stamp 2019-06-18 13:07:10 is 84227379.322115209 s in the future
tar: ./usr/lib/python2.7/test/list_tests.py: time stamp 2019-09-10 14:51:05 is 91491214.322115209 s in the future
tar: ./usr/lib/python2.7/test/symlink_support.py: time stamp 2018-04-25 01:05:17 is 47982466.32111522 s in the future
tar: ./usr/lib/python2.7/test/test_audioop.py: time stamp 2017-04-20 08:27:55 is 16041024.32111522 s in the future
tar: ./usr/lib/python2.7/test/test_new.py: time stamp 2017-05-23 10:27:51 is 18899420.32111522 s in the future
tar: ./usr/lib/python2.7/test/test_threadsignals.py: time stamp 2018-05-20 06:01:35 is 50160244.32111522 s in the future
tar: ./usr/lib/python2.7/test/test_urllib.py: time stamp 2017-12-25 10:05:53 is 37560502.32111522 s in the future
tar: ./usr/lib/python2.7/test/test_tokenize.py: time stamp 2016-10-25 18:53:11 is 785740.32111522 s in the future
tar: ./usr/lib/python2.7/test/test_mutants.py: time stamp 2017-06-14 16:03:38 is 20820367.32111522 s in the future
tar: ./usr/lib/python2.7/test/test_types.py: time stamp 2020-12-06 02:42:37 is 130586706.320115232 s in the future
tar: ./usr/lib/python2.7/test/test_symtable.py: time stamp 2020-04-11 20:07:09 is 109999778.320115232 s in the future
tar: ./usr/lib/python2.7/test/bad_coding3.py: time stamp 2020-02-16 22:53:23 is 105257752.319115244 s in the future
tar: ./usr/lib/python2.7/test/test_sets.py: time stamp 2018-11-01 16:53:31 is 64455360.319115244 s in the future
tar: ./usr/lib/python2.7/test/test_xrange.py: time stamp 2020-05-14 17:46:31 is 112842540.319115244 s in the future
tar: ./usr/lib/python2.7/test/test_resource.py: time stamp 2020-12-27 03:50:28 is 132405177.319115244 s in the future
tar: ./usr/lib/python2.7/test/test_py_compile.py: time stamp 2020-08-28 11:33:11 is 121978540.319115244 s in the future
tar: ./usr/lib/python2.7/test/test_telnetlib.py: time stamp 2019-08-03 01:03:07 is 88158336.319115244 s in the future
tar: ./usr/lib/python2.7/test/test_MimeWriter.py: time stamp 2019-04-28 10:58:49 is 79813278.318115255 s in the future
tar: ./usr/lib/python2.7/test/test_bsddb3.py: time stamp 2020-05-19 20:17:55 is 113283624.318115255 s in the future
tar: ./usr/lib/python2.7/test/outstanding_bugs.py: time stamp 2016-12-20 19:17:35 is 5625604.316115278 s in the future
tar: ./usr/lib/python2.7/test/test_base64.py: time stamp 2016-10-30 18:54:18 is 1217807.31511529 s in the future
tar: ./usr/lib/python2.7/test/test_ucn.py: time stamp 2020-09-15 08:50:36 is 123523985.31511529 s in the future
tar: ./usr/lib/python2.7/test/test_multifile.py: time stamp 2019-05-24 01:09:12 is 82024301.31511529 s in the future
tar: ./usr/lib/python2.7/test/test_copy_reg.py: time stamp 2016-11-03 20:01:45 is 1567454.314115301 s in the future
tar: ./usr/lib/python2.7/test/test_gdb.py: time stamp 2016-12-27 06:44:20 is 6185209.313115313 s in the future
tar: ./usr/lib/python2.7/test/test_ioctl.py: time stamp 2020-02-27 08:29:55 is 106156344.313115313 s in the future
tar: ./usr/lib/python2.7/test/test_frozen.py: time stamp 2017-06-04 16:32:05 is 19958074.313115313 s in the future
tar: ./usr/lib/python2.7/test/test_zlib.py: time stamp 2018-10-03 04:00:51 is 61903400.313115313 s in the future
tar: ./usr/lib/python2.7/test/test_capi.py: time stamp 2017-12-19 04:07:39 is 37020608.313115313 s in the future
tar: ./usr/lib/python2.7/test/test_pyclbr.py: time stamp 2019-12-31 20:09:40 is 101187129.312115325 s in the future
tar: ./usr/lib/python2.7/test/sortperf.py: time stamp 2018-12-08 11:13:48 is 67631777.312115325 s in the future
tar: ./usr/lib/python2.7/test/test_aepack.py: time stamp 2019-02-23 15:55:22 is 74301471.312115325 s in the future
tar: ./usr/lib/python2.7/test/test_parser.py: time stamp 2020-10-16 18:34:45 is 126237434.312115325 s in the future
tar: ./usr/lib/python2.7/test/test_asyncore.py: time stamp 2020-11-02 11:54:13 is 127682202.312115325 s in the future
tar: ./usr/lib/python2.7/test/test_sgmllib.py: time stamp 2019-05-11 19:12:22 is 80966091.312115325 s in the future
tar: ./usr/lib/python2.7/test/test_urllib2net.py: time stamp 2017-08-23 22:06:57 is 26890166.311115336 s in the future
tar: ./usr/lib/python2.7/test/test_wave.py: time stamp 2017-06-06 01:57:01 is 20078370.311115336 s in the future
tar: ./usr/lib/python2.7/test/test_ttk_textonly.py: time stamp 2019-01-25 14:01:52 is 71789061.311115336 s in the future
tar: ./usr/lib/python2.7/test/test_pep277.py: time stamp 2017-11-29 08:27:04 is 35308173.311115336 s in the future
tar: ./usr/lib/python2.7/test/doctest_aliases.py: time stamp 2018-01-19 13:59:50 is 39734539.310115348 s in the future
tar: ./usr/lib/python2.7/test/test_sunau.py: time stamp 2017-06-19 02:10:55 is 21202404.310115348 s in the future
tar: ./usr/lib/python2.7/test/test_copy.py: time stamp 2019-10-16 08:48:02 is 94579831.310115348 s in the future
tar: ./usr/lib/python2.7/test/test_pkg.py: time stamp 2017-07-30 08:10:54 is 24766403.310115348 s in the future
tar: ./usr/lib/python2.7/test/test_colorsys.py: time stamp 2019-09-09 11:00:52 is 91391001.310115348 s in the future
tar: ./usr/lib/python2.7/test/pyclbr_input.py: time stamp 2020-11-25 15:42:09 is 129683078.310115348 s in the future
tar: ./usr/lib/python2.7/test/test_pyexpat.py: time stamp 2018-02-13 21:44:32 is 41922421.309115359 s in the future
tar: ./usr/lib/python2.7/test/test_dictviews.py: time stamp 2020-07-27 07:10:10 is 119197959.309115359 s in the future
tar: ./usr/lib/python2.7/test/test_ftplib.py: time stamp 2017-09-22 22:35:03 is 29483852.309115359 s in the future
tar: ./usr/lib/python2.7/test/test_cmath.py: time stamp 2017-03-01 20:29:27 is 11764316.309115359 s in the future
tar: ./usr/lib/python2.7/test/test___future__.py: time stamp 2019-06-20 13:08:01 is 84400230.309115359 s in the future
tar: ./usr/lib/python2.7/test/test_decimal.py: time stamp 2020-10-09 09:52:34 is 125601303.308115371 s in the future
tar: ./usr/lib/python2.7/test/test_operator.py: time stamp 2016-11-06 19:34:30 is 1825019.308115371 s in the future
tar: ./usr/lib/python2.7/test/test_imgfile.py: time stamp 2019-05-25 03:49:20 is 82120309.308115371 s in the future
tar: ./usr/lib/python2.7/test/make_ssl_certs.py: time stamp 2020-10-20 03:36:07 is 126529116.308115371 s in the future
tar: ./usr/lib/python2.7/test/test_strftime.py: time stamp 2018-09-20 17:41:18 is 60829427.308115371 s in the future
tar: ./usr/lib/python2.7/test/test_contains.py: time stamp 2020-02-05 08:00:05 is 104253754.307115382 s in the future
tar: ./usr/lib/python2.7/test/test_ensurepip.py: time stamp 2018-11-29 07:10:26 is 66839575.307115382 s in the future
tar: ./usr/lib/python2.7/test/test_popen.py: time stamp 2018-06-25 09:35:21 is 53283470.307115382 s in the future
tar: ./usr/lib/python2.7/test/test_functools.py: time stamp 2020-11-05 07:51:00 is 127926809.307115382 s in the future
tar: ./usr/lib/python2.7/test/test_threaded_import.py: time stamp 2020-03-13 10:22:40 is 107459109.307115382 s in the future
tar: ./usr/lib/python2.7/test/test_iterlen.py: time stamp 2019-03-23 16:50:03 is 76723952.307115382 s in the future
tar: ./usr/lib/python2.7/test/test_abstract_numbers.py: time stamp 2017-06-08 16:12:02 is 20302471.307115382 s in the future
tar: ./usr/lib/python2.7/test/test_unary.py: time stamp 2019-12-22 14:00:56 is 100387405.307115382 s in the future
tar: ./usr/lib/python2.7/test/test_codecs.py: time stamp 2018-02-19 19:39:31 is 42433320.306115394 s in the future
tar: ./usr/lib/python2.7/test/test_memoryview.py: time stamp 2017-09-20 02:51:02 is 29240011.306115394 s in the future
tar: ./usr/lib/python2.7/test/test_complex_args.py: time stamp 2018-02-15 00:16:43 is 42017952.306115394 s in the future
tar: ./usr/lib/python2.7/test/bad_coding.py: time stamp 2018-10-12 14:59:32 is 62720521.306115394 s in the future
tar: ./usr/lib/python2.7/test/test_imaplib.py: time stamp 2018-04-01 16:19:31 is 45963720.306115394 s in the future
tar: ./usr/lib/python2.7/test/badsyntax_future9.py: time stamp 2019-07-21 04:10:27 is 87046376.305115406 s in the future
tar: ./usr/lib/python2.7/test/test_datetime.py: time stamp 2018-11-19 18:38:32 is 66016861.304115417 s in the future
tar: ./usr/lib/python2.7/test/test_import.py: time stamp 2019-06-22 16:55:17 is 84586666.304115417 s in the future
tar: ./usr/lib/python2.7/test/test_zipimport_support.py: time stamp 2017-05-06 20:21:40 is 17466249.304115417 s in the future
tar: ./usr/lib/python2.7/test/test_property.py: time stamp 2018-10-03 12:56:00 is 61935509.304115417 s in the future
tar: ./usr/lib/python2.7/test/test_pep247.py: time stamp 2019-11-03 15:48:43 is 96160272.303115429 s in the future
tar: ./usr/lib/python2.7/test/test_threading.py: time stamp 2020-12-31 09:22:40 is 132770709.303115429 s in the future
tar: ./usr/lib/python2.7/test/test_exception_variations.py: time stamp 2019-09-20 15:19:34 is 92356923.303115429 s in the future
tar: ./usr/lib/python2.7/test/test_httplib.py: time stamp 2018-02-21 03:05:47 is 42546496.30211544 s in the future
tar: ./usr/lib/python2.7/test/fork_wait.py: time stamp 2019-01-22 08:55:03 is 71511452.30211544 s in the future
tar: ./usr/lib/python2.7/test/tracedmodules/__init__.py: time stamp 2018-12-28 01:15:49 is 69323898.30211544 s in the future
tar: ./usr/lib/python2.7/test/test_memoryio.py: time stamp 2019-09-16 19:18:19 is 92025648.30211544 s in the future
tar: ./usr/lib/python2.7/test/test_getargs.py: time stamp 2017-07-15 01:40:08 is 23446957.30211544 s in the future
tar: ./usr/lib/python2.7/test/profilee.py: time stamp 2018-10-14 19:14:35 is 62908624.30211544 s in the future
tar: ./usr/lib/python2.7/test/test_undocumented_details.py: time stamp 2020-10-13 04:56:10 is 125929119.30211544 s in the future
tar: ./usr/lib/python2.7/test/test_platform.py: time stamp 2018-02-18 13:50:45 is 42325994.301115452 s in the future
tar: ./usr/lib/python2.7/test/test_dis.py: time stamp 2016-12-09 00:35:10 is 4607859.301115452 s in the future
tar: ./usr/lib/python2.7/test/test_wait4.py: time stamp 2017-07-04 15:00:18 is 22544567.301115452 s in the future
tar: ./usr/lib/python2.7/test/test_codecmaps_jp.py: time stamp 2019-05-25 03:46:26 is 82120135.301115452 s in the future
tar: ./usr/lib/python2.7/test/test_multibytecodec_support.py: time stamp 2018-03-22 09:10:51 is 45074000.301115452 s in the future
tar: ./usr/lib/python2.7/test/test_tk.py: time stamp 2019-04-27 08:41:59 is 79718668.301115452 s in the future
tar: ./usr/lib/python2.7/test/test_heapq.py: time stamp 2020-03-31 21:53:04 is 109055733.300115463 s in the future
tar: ./usr/lib/python2.7/test/test_iter.py: time stamp 2020-01-03 13:25:41 is 101422090.300115463 s in the future
tar: ./usr/lib/python2.7/imghdr.py: time stamp 2018-09-08 14:43:49 is 59781978.300115463 s in the future
tar: ./usr/lib/python2.7/wsgiref/__init__.py: time stamp 2017-12-15 01:28:04 is 36665433.299115475 s in the future
tar: ./usr/lib/python2.7/wsgiref/headers.py: time stamp 2019-06-29 05:30:33 is 85150382.299115475 s in the future
tar: ./usr/lib/python2.7/platform.py: time stamp 2020-11-27 21:17:12 is 129875981.298115487 s in the future
tar: ./usr/lib/python2.7/sre_compile.py: time stamp 2019-09-26 02:40:47 is 92829796.298115487 s in the future
tar: ./usr/lib/python2.7/base64.py: time stamp 2018-03-13 22:37:55 is 44344824.298115487 s in the future
tar: ./usr/lib/python2.7/whichdb.py: time stamp 2019-01-28 18:02:17 is 72062686.298115487 s in the future
tar: ./usr/lib/python2.7/mimetypes.py: time stamp 2019-12-29 09:14:39 is 100975028.297115498 s in the future
tar: ./usr/lib/python2.7/user.py: time stamp 2018-07-21 09:48:48 is 55530677.297115498 s in the future
tar: ./usr/lib/python2.7/codecs.py: time stamp 2017-09-20 16:07:46 is 29287815.297115498 s in the future
tar: ./usr/lib/python2.7/uu.py: time stamp 2017-07-13 20:15:07 is 23341056.297115498 s in the future
tar: ./usr/lib/python2.7/functools.py: time stamp 2018-05-28 16:00:05 is 50887354.297115498 s in the future
tar: ./usr/lib/python2.7/statvfs.py: time stamp 2019-04-25 05:02:35 is 79532704.297115498 s in the future
tar: ./usr/lib/python2.7/bsddb/test/test_dbtables.py: time stamp 2020-03-10 21:52:50 is 107241319.297115498 s in the future
tar: ./usr/lib/python2.7/bsddb/test/test_sequence.py: time stamp 2018-04-01 16:14:09 is 45963398.29611551 s in the future
tar: ./usr/lib/python2.7/bsddb/test/test_recno.py: time stamp 2017-05-04 08:31:02 is 17250811.29611551 s in the future
tar: ./usr/lib/python2.7/bsddb/test/test_all.py: time stamp 2018-12-31 21:46:32 is 69656941.29611551 s in the future
tar: ./usr/lib/python2.7/bsddb/test/test_misc.py: time stamp 2019-05-06 07:58:36 is 80493665.29611551 s in the future
tar: ./usr/lib/python2.7/bsddb/test/test_dbobj.py: time stamp 2018-04-06 11:19:03 is 46377692.29611551 s in the future
tar: ./usr/lib/python2.7/bsddb/test/test_pickle.py: time stamp 2019-05-31 03:54:12 is 82639001.29611551 s in the future
tar: ./usr/lib/python2.7/bsddb/test/test_replication.py: time stamp 2019-07-03 03:02:44 is 85487113.29611551 s in the future
tar: ./usr/lib/python2.7/bsddb/test/test_queue.py: time stamp 2019-10-01 22:57:17 is 93334786.29611551 s in the future
tar: ./usr/lib/python2.7/bsddb/test/test_compare.py: time stamp 2018-09-28 14:54:24 is 61510613.29611551 s in the future
tar: ./usr/lib/python2.7/bsddb/test/test_get_none.py: time stamp 2020-02-13 06:43:56 is 104940385.29611551 s in the future
tar: ./usr/lib/python2.7/bsddb/test/test_dbshelve.py: time stamp 2020-01-07 08:38:57 is 101750486.295115521 s in the future
tar: ./usr/lib/python2.7/bsddb/test/test_lock.py: time stamp 2016-11-17 20:54:23 is 2780212.295115521 s in the future
tar: ./usr/lib/python2.7/bsddb/test/test_fileid.py: time stamp 2019-05-12 22:56:58 is 81065967.295115521 s in the future
tar: ./usr/lib/python2.7/bsddb/test/test_early_close.py: time stamp 2020-01-15 11:19:49 is 102451338.295115521 s in the future
tar: ./usr/lib/python2.7/bsddb/test/test_compat.py: time stamp 2018-12-25 06:02:08 is 69081877.295115521 s in the future
tar: ./usr/lib/python2.7/bsddb/test/test_distributed_transactions.py: time stamp 2020-03-06 15:52:13 is 106874082.295115521 s in the future
tar: ./usr/lib/python2.7/bsddb/__init__.py: time stamp 2017-11-24 04:27:20 is 34861789.294115533 s in the future
tar: ./usr/lib/python2.7/bsddb/dbshelve.py: time stamp 2019-05-19 04:12:15 is 81603284.294115533 s in the future
tar: ./usr/lib/python2.7/bsddb/dbrecio.py: time stamp 2019-02-18 08:38:41 is 73843270.294115533 s in the future
tar: ./usr/lib/python2.7/urlparse.py: time stamp 2018-08-29 12:27:27 is 58909796.294115533 s in the future
tar: ./usr/lib/python2.7/md5.py: time stamp 2018-11-03 10:31:08 is 64605217.294115533 s in the future
tar: ./usr/lib/python2.7/MimeWriter.py: time stamp 2018-04-26 15:41:43 is 48121452.293115544 s in the future
tar: ./usr/lib/python2.7/site.py: time stamp 2017-11-14 19:37:31 is 34052400.293115544 s in the future
tar: ./usr/lib/python2.7/_strptime.py: time stamp 2020-11-05 06:01:43 is 127920252.293115544 s in the future
tar: ./usr/lib/python2.7/json/tests/test_dump.py: time stamp 2019-04-18 02:07:10 is 78917379.293115544 s in the future
tar: ./usr/lib/python2.7/json/tests/test_fail.py: time stamp 2018-11-23 12:47:19 is 66341388.293115544 s in the future
tar: ./usr/lib/python2.7/json/tests/test_pass2.py: time stamp 2017-03-12 10:04:08 is 12677197.292115556 s in the future
tar: ./usr/lib/python2.7/json/tests/test_encode_basestring_ascii.py: time stamp 2020-11-18 21:22:34 is 129098703.292115556 s in the future
tar: ./usr/lib/python2.7/json/tests/__init__.py: time stamp 2020-07-22 02:37:28 is 118749597.292115556 s in the future
tar: ./usr/lib/python2.7/json/tests/test_check_circular.py: time stamp 2017-09-07 06:44:57 is 28130846.292115556 s in the future
tar: ./usr/lib/python2.7/json/tests/test_separators.py: time stamp 2019-03-28 16:17:40 is 77154009.292115556 s in the future
tar: ./usr/lib/python2.7/json/tests/test_pass3.py: time stamp 2020-09-03 16:45:26 is 122515675.292115556 s in the future
tar: ./usr/lib/python2.7/json/tests/test_indent.py: time stamp 2019-02-02 07:54:47 is 72458236.292115556 s in the future
tar: ./usr/lib/python2.7/json/tests/test_recursion.py: time stamp 2018-08-01 16:13:55 is 56504184.292115556 s in the future
tar: ./usr/lib/python2.7/json/tool.py: time stamp 2017-06-04 04:39:09 is 19915298.292115556 s in the future
tar: ./usr/lib/python2.7/json/encoder.py: time stamp 2020-05-24 22:18:06 is 113722835.292115556 s in the future
tar: ./usr/lib/python2.7/asyncore.py: time stamp 2020-08-12 18:12:11 is 120620080.291115567 s in the future
tar: ./usr/lib/python2.7/importlib/__init__.py: time stamp 2016-10-31 12:13:42 is 1280171.291115567 s in the future
tar: ./usr/lib/python2.7/lib-tk/tkCommonDialog.py: time stamp 2019-03-04 13:32:32 is 75070501.291115567 s in the future
tar: ./usr/lib/python2.7/lib-tk/FixTk.py: time stamp 2019-12-03 09:47:49 is 98730618.291115567 s in the future
tar: ./usr/lib/python2.7/lib-tk/FileDialog.py: time stamp 2016-12-02 08:03:02 is 4029931.291115567 s in the future
tar: ./usr/lib/python2.7/lib-tk/tkFileDialog.py: time stamp 2018-02-07 02:49:26 is 41335915.290115579 s in the future
tar: ./usr/lib/python2.7/lib-tk/test/test_tkinter/test_variables.py: time stamp 2017-05-13 12:03:26 is 18041155.290115579 s in the future
tar: ./usr/lib/python2.7/lib-tk/test/test_tkinter/test_font.py: time stamp 2018-05-05 15:50:05 is 48899554.290115579 s in the future
tar: ./usr/lib/python2.7/lib-tk/test/test_tkinter/test_text.py: time stamp 2020-06-15 09:19:29 is 115576918.290115579 s in the future
tar: ./usr/lib/python2.7/lib-tk/test/test_tkinter/test_widgets.py: time stamp 2018-09-06 04:07:15 is 59570984.28911559 s in the future
tar: ./usr/lib/python2.7/lib-tk/test/test_tkinter/test_images.py: time stamp 2017-09-30 06:00:36 is 30115385.28911559 s in the future
tar: ./usr/lib/python2.7/lib-tk/test/test_ttk/test_extensions.py: time stamp 2018-06-26 14:40:22 is 53388171.28911559 s in the future
tar: ./usr/lib/python2.7/lib-tk/Tkdnd.py: time stamp 2018-06-12 11:24:27 is 52166816.288115602 s in the future
tar: ./usr/lib/python2.7/lib-tk/tkFont.py: time stamp 2019-05-10 17:43:39 is 80874368.288115602 s in the future
tar: ./usr/lib/python2.7/lib-tk/Canvas.py: time stamp 2020-08-28 04:33:07 is 121953336.285115637 s in the future
tar: ./usr/lib/python2.7/lib-tk/SimpleDialog.py: time stamp 2017-05-05 20:51:43 is 17381652.285115637 s in the future
tar: ./usr/lib/python2.7/ssl.py: time stamp 2017-06-20 02:18:36 is 21289265.285115637 s in the future
tar: ./usr/lib/python2.7/warnings.py: time stamp 2018-10-18 17:17:47 is 63247216.285115637 s in the future
tar: ./usr/lib/python2.7/tabnanny.py: time stamp 2017-07-02 09:19:33 is 22351322.285115637 s in the future
tar: ./usr/lib/python2.7/pickletools.py: time stamp 2019-01-29 14:56:24 is 72137933.284115648 s in the future
tar: ./usr/lib/python2.7/symbol.py: time stamp 2018-05-10 07:18:14 is 49300843.284115648 s in the future
tar: ./usr/lib/python2.7/sndhdr.py: time stamp 2020-10-23 19:07:39 is 126844208.284115648 s in the future
tar: ./usr/lib/python2.7/argparse.py: time stamp 2019-01-13 17:45:10 is 70765659.28311566 s in the future
tar: ./usr/lib/python2.7/asynchat.py: time stamp 2018-10-13 06:29:09 is 62776298.28311566 s in the future
tar: ./usr/lib/python2.7/gzip.py: time stamp 2020-12-09 10:57:55 is 130875624.28311566 s in the future
tar: ./usr/lib/python2.7/profile.py: time stamp 2017-04-29 17:36:34 is 16851543.28311566 s in the future
tar: ./usr/lib/python2.7/dbhash.py: time stamp 2018-07-23 07:20:39 is 55694588.28311566 s in the future
tar: ./usr/lib/python2.7/imputil.py: time stamp 2020-11-12 05:50:13 is 128524362.282115672 s in the future
tar: ./usr/lib/python2.7/_weakrefset.py: time stamp 2019-06-18 20:08:30 is 84252659.282115672 s in the future
tar: ./usr/lib/python2.7/sre_constants.py: time stamp 2021-01-13 13:34:05 is 133908994.282115672 s in the future
tar: ./usr/lib/python2.7/locale.py: time stamp 2016-12-14 22:07:03 is 5117372.281115683 s in the future
tar: ./usr/lib/python2.7/textwrap.py: time stamp 2020-07-10 13:15:34 is 117751083.281115683 s in the future
tar: ./usr/lib/python2.7/distutils/dir_util.py: time stamp 2018-05-03 20:09:24 is 48742313.280115695 s in the future
tar: ./usr/lib/python2.7/distutils/errors.py: time stamp 2020-02-21 19:06:44 is 105676153.280115695 s in the future
tar: ./usr/lib/python2.7/distutils/tests/test_install.py: time stamp 2019-11-26 09:52:15 is 98126084.280115695 s in the future
tar: ./usr/lib/python2.7/distutils/tests/test_spawn.py: time stamp 2019-01-19 20:02:35 is 71292304.280115695 s in the future
tar: ./usr/lib/python2.7/distutils/tests/setuptools_build_ext.py: time stamp 2020-09-13 00:39:52 is 123321741.280115695 s in the future
tar: ./usr/lib/python2.7/distutils/tests/test_msvc9compiler.py: time stamp 2020-02-29 11:41:56 is 106340665.280115695 s in the future
tar: ./usr/lib/python2.7/distutils/tests/test_cmd.py: time stamp 2018-10-24 02:34:03 is 63712592.280115695 s in the future
tar: ./usr/lib/python2.7/distutils/tests/test_file_util.py: time stamp 2020-09-01 17:44:12 is 122346401.280115695 s in the future
tar: ./usr/lib/python2.7/distutils/tests/test_dep_util.py: time stamp 2019-08-07 10:44:54 is 88538843.280115695 s in the future
tar: ./usr/lib/python2.7/distutils/tests/test_upload.py: time stamp 2020-04-29 10:57:09 is 111521978.280115695 s in the future
tar: ./usr/lib/python2.7/distutils/tests/test_build.py: time stamp 2017-05-12 12:08:10 is 17955039.280115695 s in the future
tar: ./usr/lib/python2.7/distutils/tests/test_ccompiler.py: time stamp 2018-11-16 03:14:21 is 65702210.279115706 s in the future
tar: ./usr/lib/python2.7/distutils/tests/test_filelist.py: time stamp 2018-09-11 21:13:27 is 60064556.279115706 s in the future
tar: ./usr/lib/python2.7/distutils/tests/support.py: time stamp 2018-10-05 17:48:51 is 62125880.279115706 s in the future
tar: ./usr/lib/python2.7/distutils/tests/test_version.py: time stamp 2019-11-19 08:02:57 is 97514726.279115706 s in the future
tar: ./usr/lib/python2.7/distutils/tests/test_install_lib.py: time stamp 2018-02-27 16:27:29 is 43112998.279115706 s in the future
tar: ./usr/lib/python2.7/distutils/tests/test_text_file.py: time stamp 2020-03-03 19:08:55 is 106626684.279115706 s in the future
tar: ./usr/lib/python2.7/distutils/tests/test_build_ext.py: time stamp 2017-04-04 18:12:49 is 14693718.279115706 s in the future
tar: ./usr/lib/python2.7/distutils/tests/test_util.py: time stamp 2018-03-23 15:39:30 is 45183719.279115706 s in the future
tar: ./usr/lib/python2.7/distutils/tests/test_build_py.py: time stamp 2018-08-11 17:44:16 is 57373605.279115706 s in the future
tar: ./usr/lib/python2.7/distutils/tests/test_config_cmd.py: time stamp 2020-02-27 04:31:02 is 106142011.279115706 s in the future
tar: ./usr/lib/python2.7/distutils/tests/test_bdist_wininst.py: time stamp 2018-03-28 16:48:18 is 45619847.278115718 s in the future
tar: ./usr/lib/python2.7/distutils/tests/test_bdist_rpm.py: time stamp 2017-03-20 08:30:31 is 13362780.278115718 s in the future
tar: ./usr/lib/python2.7/distutils/tests/test_config.py: time stamp 2019-09-28 12:17:21 is 93037190.278115718 s in the future
tar: ./usr/lib/python2.7/distutils/tests/test_archive_util.py: time stamp 2018-02-21 06:15:04 is 42557853.278115718 s in the future
tar: ./usr/lib/python2.7/distutils/tests/test_install_headers.py: time stamp 2018-07-19 14:51:04 is 55376013.278115718 s in the future
tar: ./usr/lib/python2.7/distutils/tests/test_unixccompiler.py: time stamp 2019-04-28 07:41:13 is 79801422.278115718 s in the future
tar: ./usr/lib/python2.7/distutils/tests/test_sdist.py: time stamp 2017-03-02 09:29:01 is 11811090.278115718 s in the future
tar: ./usr/lib/python2.7/distutils/ccompiler.py: time stamp 2020-10-23 00:12:54 is 126776123.278115718 s in the future
tar: ./usr/lib/python2.7/distutils/archive_util.py: time stamp 2020-06-12 23:04:53 is 115367242.278115718 s in the future
tar: ./usr/lib/python2.7/distutils/cmd.py: time stamp 2019-03-16 21:09:34 is 76134723.277115729 s in the future
tar: ./usr/lib/python2.7/distutils/cygwinccompiler.py: time stamp 2017-07-24 11:15:32 is 24259081.277115729 s in the future
tar: ./usr/lib/python2.7/distutils/config.py: time stamp 2017-10-28 03:27:26 is 32525395.277115729 s in the future
tar: ./usr/lib/python2.7/distutils/util.py: time stamp 2019-03-31 05:15:11 is 77373460.277115729 s in the future
tar: ./usr/lib/python2.7/distutils/version.py: time stamp 2020-05-11 04:01:15 is 112533824.277115729 s in the future
tar: ./usr/lib/python2.7/distutils/msvccompiler.py: time stamp 2020-07-20 07:05:44 is 118592893.277115729 s in the future
tar: ./usr/lib/python2.7/distutils/dep_util.py: time stamp 2018-09-29 12:41:19 is 61589028.276115741 s in the future
tar: ./usr/lib/python2.7/distutils/unixccompiler.py: time stamp 2020-05-30 07:53:58 is 114189387.276115741 s in the future
tar: ./usr/lib/python2.7/distutils/dist.py: time stamp 2020-07-22 15:35:06 is 118796255.275115753 s in the future
tar: ./usr/lib/python2.7/distutils/sysconfig.py: time stamp 2020-01-27 03:38:36 is 103460465.275115753 s in the future
tar: ./usr/lib/python2.7/distutils/debug.py: time stamp 2020-10-20 04:57:31 is 126534000.275115753 s in the future
tar: ./usr/lib/python2.7/distutils/emxccompiler.py: time stamp 2018-11-17 10:30:18 is 65814767.275115753 s in the future
tar: ./usr/lib/python2.7/distutils/command/install_headers.py: time stamp 2019-04-15 10:02:35 is 78686704.275115753 s in the future
tar: ./usr/lib/python2.7/distutils/command/bdist_rpm.py: time stamp 2018-07-29 16:14:18 is 56245007.275115753 s in the future
tar: ./usr/lib/python2.7/distutils/command/bdist_wininst.py: time stamp 2017-12-30 02:36:31 is 37965540.274115764 s in the future
tar: ./usr/lib/python2.7/distutils/command/build_scripts.py: time stamp 2017-08-18 06:40:18 is 26402567.273115776 s in the future
tar: ./usr/lib/python2.7/distutils/command/bdist_msi.py: time stamp 2020-03-27 02:31:48 is 108640457.272115787 s in the future
tar: ./usr/lib/python2.7/distutils/command/sdist.py: time stamp 2017-03-21 09:15:18 is 13451867.271115799 s in the future
tar: ./usr/lib/python2.7/distutils/command/clean.py: time stamp 2017-07-15 04:56:51 is 23458760.271115799 s in the future
tar: ./usr/lib/python2.7/distutils/command/build_clib.py: time stamp 2018-10-20 23:57:09 is 63443978.271115799 s in the future
tar: ./usr/lib/python2.7/atexit.py: time stamp 2018-01-16 15:29:05 is 39480694.269115822 s in the future
tar: ./usr/lib/python2.7/socket.py: time stamp 2018-06-06 06:50:19 is 51631968.269115822 s in the future
tar: ./usr/lib/python2.7/sre_parse.py: time stamp 2019-10-12 11:07:44 is 94242613.269115822 s in the future
tar: ./usr/lib/python2.7/mhlib.py: time stamp 2017-02-18 10:10:37 is 10776786.269115822 s in the future
tar: ./usr/lib/python2.7/smtpd.py: time stamp 2018-10-06 11:03:20 is 62187949.268115834 s in the future
tar: ./usr/lib/python2.7/zipfile.py: time stamp 2017-01-17 11:33:33 is 8016962.268115834 s in the future
tar: ./usr/lib/python2.7/ast.py: time stamp 2017-08-21 09:36:43 is 26672352.268115834 s in the future
tar: ./usr/lib/python2.7/UserString.py: time stamp 2017-02-14 06:20:14 is 10417363.268115834 s in the future
tar: ./usr/lib/python2.7/tarfile.py: time stamp 2020-04-08 16:55:25 is 109729074.267115845 s in the future
tar: ./usr/lib/python2.7/mailcap.py: time stamp 2019-04-04 23:32:04 is 77784873.267115845 s in the future
tar: ./usr/lib/python2.7/stat.py: time stamp 2018-09-19 11:39:26 is 60721315.267115845 s in the future
tar: ./usr/lib/python2.7/repr.py: time stamp 2018-05-17 04:31:03 is 49895612.266115857 s in the future
tar: ./usr/lib/python2.7/quopri.py: time stamp 2020-10-07 23:48:13 is 125478642.266115857 s in the future
tar: ./usr/lib/python2.7/pty.py: time stamp 2017-12-17 21:05:16 is 36908865.266115857 s in the future
tar: ./usr/lib/python2.7/mutex.py: time stamp 2019-12-18 04:40:03 is 100008152.266115857 s in the future
tar: ./usr/lib/python2.7/codeop.py: time stamp 2019-02-20 13:48:23 is 74034652.266115857 s in the future
tar: ./usr/lib/python2.7/plat-linux2/IN.py: time stamp 2018-06-25 07:12:58 is 53274927.266115857 s in the future
tar: ./usr/lib/python2.7/plat-linux2/CDROM.py: time stamp 2016-12-19 04:59:04 is 5487693.266115857 s in the future
tar: ./usr/lib/python2.7/pkgutil.py: time stamp 2017-08-05 23:41:07 is 25340616.266115857 s in the future
tar: ./usr/lib/python2.7/SocketServer.py: time stamp 2019-11-25 11:15:35 is 98044684.265115868 s in the future
tar: ./usr/lib/python2.7/uuid.py: time stamp 2020-07-02 17:00:07 is 117073356.26411588 s in the future
tar: ./usr/lib/python2.7/xmlrpclib.py: time stamp 2020-01-24 03:27:37 is 103200606.26411588 s in the future
tar: ./usr/lib/python2.7/SimpleHTTPServer.py: time stamp 2017-08-24 12:46:15 is 26942924.26411588 s in the future
tar: ./usr/lib/python2.7/dummy_thread.py: time stamp 2018-02-24 01:06:23 is 42798532.26411588 s in the future
tar: ./usr/lib/python2.7/new.py: time stamp 2018-05-25 00:15:29 is 50571478.26411588 s in the future
tar: ./usr/lib/python2.7/unittest/main.py: time stamp 2020-07-31 08:25:45 is 119548094.262115903 s in the future
tar: ./usr/lib/python2.7/unittest/__main__.py: time stamp 2020-03-15 10:12:51 is 107631320.262115903 s in the future
tar: ./usr/lib/python2.7/unittest/result.py: time stamp 2016-12-09 16:25:02 is 4664851.262115903 s in the future
tar: ./usr/lib/python2.7/unittest/loader.py: time stamp 2020-12-20 18:18:34 is 131852463.262115903 s in the future
tar: ./usr/lib/python2.7/unittest/test/test_skipping.py: time stamp 2019-07-21 21:35:45 is 87109094.262115903 s in the future
tar: ./usr/lib/python2.7/unittest/test/test_loader.py: time stamp 2020-08-02 01:48:02 is 119697031.261115915 s in the future
tar: ./usr/lib/python2.7/unittest/test/test_result.py: time stamp 2017-02-17 09:08:56 is 10686685.261115915 s in the future
tar: ./usr/lib/python2.7/unittest/test/dummy.py: time stamp 2019-12-27 12:50:11 is 100815160.261115915 s in the future
tar: ./usr/lib/python2.7/unittest/test/support.py: time stamp 2019-07-28 17:54:58 is 87700647.261115915 s in the future
tar: ./usr/lib/python2.7/unittest/test/test_case.py: time stamp 2019-11-25 17:22:43 is 98066712.261115915 s in the future
tar: ./usr/lib/python2.7/unittest/test/test_break.py: time stamp 2017-01-08 16:24:53 is 7256842.261115915 s in the future
tar: ./usr/lib/python2.7/unittest/test/test_suite.py: time stamp 2019-01-21 03:23:57 is 71405186.261115915 s in the future
tar: ./usr/lib/python2.7/unittest/test/test_functiontestcase.py: time stamp 2020-09-10 09:11:25 is 123093234.260115926 s in the future
tar: ./usr/lib/python2.7/unittest/runner.py: time stamp 2019-01-23 06:48:28 is 71590257.260115926 s in the future
tar: ./usr/lib/python2.7/unittest/__init__.py: time stamp 2017-03-26 02:52:03 is 13860872.260115926 s in the future
tar: ./usr/lib/python2.7/compileall.py: time stamp 2020-12-01 03:58:44 is 130159273.260115926 s in the future
tar: ./usr/lib/python2.7/sysconfig.py: time stamp 2017-08-26 02:35:10 is 27079059.259115938 s in the future
tar: ./usr/lib/python2.7/pydoc.py: time stamp 2019-04-04 16:11:46 is 77758455.259115938 s in the future
tar: ./usr/lib/python2.7/os.py: time stamp 2018-04-29 16:06:31 is 48382140.259115938 s in the future
tar: ./usr/lib/python2.7/StringIO.py: time stamp 2019-07-15 20:04:52 is 86585241.259115938 s in the future
tar: ./usr/lib/python2.7/xdrlib.py: time stamp 2016-11-13 12:08:59 is 2403088.258115949 s in the future
tar: ./usr/lib/python2.7/hashlib.py: time stamp 2019-02-26 15:43:40 is 74559969.258115949 s in the future
tar: ./usr/lib/python2.7/inspect.py: time stamp 2020-11-16 03:44:48 is 128862437.258115949 s in the future
tar: ./usr/lib/python2.7/Cookie.py: time stamp 2018-01-31 07:05:06 is 40746455.257115961 s in the future
tar: ./usr/lib/python2.7/collections.py: time stamp 2019-06-11 00:38:23 is 83577652.257115961 s in the future
tar: ./usr/lib/python2.7/copy_reg.py: time stamp 2020-06-10 23:17:17 is 115195186.257115961 s in the future
tar: ./usr/lib/python2.7/xml/etree/ElementTree.py: time stamp 2019-06-01 18:44:54 is 82778843.256115972 s in the future
tar: ./usr/lib/python2.7/xml/etree/ElementInclude.py: time stamp 2020-07-24 12:03:26 is 118956355.256115972 s in the future
tar: ./usr/lib/python2.7/xml/etree/cElementTree.py: time stamp 2017-05-15 23:51:12 is 18256421.256115972 s in the future
tar: ./usr/lib/python2.7/xml/dom/minicompat.py: time stamp 2016-11-27 18:44:57 is 3636446.256115972 s in the future
tar: ./usr/lib/python2.7/xml/dom/minidom.py: time stamp 2017-01-26 06:27:02 is 8776171.255115984 s in the future
tar: ./usr/lib/python2.7/xml/dom/__init__.py: time stamp 2016-12-03 01:14:00 is 4091789.255115984 s in the future
tar: ./usr/lib/python2.7/xml/dom/pulldom.py: time stamp 2017-10-05 16:38:44 is 30585673.255115984 s in the future
tar: ./usr/lib/python2.7/xml/dom/domreg.py: time stamp 2018-11-08 05:13:10 is 65018139.255115984 s in the future
tar: ./usr/lib/python2.7/xml/sax/_exceptions.py: time stamp 2020-05-15 07:36:29 is 112892338.255115984 s in the future
tar: ./usr/lib/python2.7/xml/sax/__init__.py: time stamp 2019-01-19 11:25:46 is 71261295.255115984 s in the future
tar: ./usr/lib/python2.7/xml/sax/expatreader.py: time stamp 2020-11-17 04:51:03 is 128952812.255115984 s in the future
tar: ./usr/lib/python2.7/xml/parsers/__init__.py: time stamp 2017-07-29 19:08:43 is 24719472.254115996 s in the future
tar: ./usr/lib/python2.7/xml/parsers/expat.py: time stamp 2020-12-16 02:53:45 is 131451374.254115996 s in the future
tar: ./usr/lib/python2.7/token.py: time stamp 2017-03-13 11:07:41 is 12767410.254115996 s in the future
tar: ./usr/lib/python2.7/curses/textpad.py: time stamp 2020-03-19 17:33:45 is 108003374.254115996 s in the future
tar: ./usr/lib/python2.7/curses/ascii.py: time stamp 2017-04-13 09:33:05 is 15440134.253116007 s in the future
tar: ./usr/lib/python2.7/dis.py: time stamp 2018-07-09 14:30:56 is 54510805.253116007 s in the future
tar: ./usr/lib/python2.7/string.py: time stamp 2019-03-17 06:26:10 is 76168119.253116007 s in the future
tar: ./usr/lib/python2.7/_pyio.py: time stamp 2019-02-11 13:26:53 is 73255762.252116019 s in the future
tar: ./usr/lib/python2.7/poplib.py: time stamp 2018-07-10 03:34:48 is 54557837.25111603 s in the future
tar: ./usr/lib/python2.7/email/quoprimime.py: time stamp 2019-03-01 03:15:25 is 74774274.25111603 s in the future
tar: ./usr/lib/python2.7/email/test/test_email_codecs.py: time stamp 2017-02-26 23:06:32 is 11514541.25111603 s in the future
tar: ./usr/lib/python2.7/email/test/test_email_codecs_renamed.py: time stamp 2017-02-26 23:06:32 is 11514541.25111603 s in the future
tar: ./usr/lib/python2.7/email/test/test_email_torture.py: time stamp 2020-09-16 05:52:31 is 123599700.25111603 s in the future
tar: ./usr/lib/python2.7/email/__init__.py: time stamp 2019-02-19 05:23:54 is 73917983.248116065 s in the future
tar: ./usr/lib/python2.7/email/encoders.py: time stamp 2018-05-18 23:47:55 is 50051424.248116065 s in the future
tar: ./usr/lib/python2.7/email/parser.py: time stamp 2018-12-08 12:35:35 is 67636684.248116065 s in the future
tar: ./usr/lib/python2.7/email/utils.py: time stamp 2017-09-15 23:53:51 is 28883780.248116065 s in the future
tar: ./usr/lib/python2.7/email/charset.py: time stamp 2018-12-09 10:46:34 is 67716543.248116065 s in the future
tar: ./usr/lib/python2.7/email/iterators.py: time stamp 2016-12-22 16:49:22 is 5789511.248116065 s in the future
tar: ./usr/lib/python2.7/email/mime/nonmultipart.py: time stamp 2018-02-02 05:05:13 is 40912062.247116076 s in the future
tar: ./usr/lib/python2.7/email/mime/image.py: time stamp 2019-01-03 09:03:43 is 69870372.247116076 s in the future
tar: ./usr/lib/python2.7/email/mime/multipart.py: time stamp 2020-01-08 16:01:39 is 101863448.247116076 s in the future
tar: ./usr/lib/python2.7/email/mime/application.py: time stamp 2017-06-09 04:33:19 is 20346948.247116076 s in the future
tar: ./usr/lib/python2.7/webbrowser.py: time stamp 2017-04-05 11:24:30 is 14755619.247116076 s in the future
tar: ./usr/lib/python2.7/telnetlib.py: time stamp 2020-06-27 21:37:37 is 116658006.246116088 s in the future
tar: ./usr/lib/python2.7/compiler/consts.py: time stamp 2018-11-07 01:58:05 is 64920034.246116088 s in the future
tar: ./usr/lib/python2.7/compiler/pyassem.py: time stamp 2016-11-26 16:04:58 is 3540447.246116088 s in the future
tar: ./usr/lib/python2.7/compiler/pycodegen.py: time stamp 2017-03-22 10:17:11 is 13541980.245116099 s in the future
tar: ./usr/lib/python2.7/compiler/transformer.py: time stamp 2019-07-29 20:02:29 is 87794698.245116099 s in the future
tar: ./usr/lib/python2.7/posixpath.py: time stamp 2019-11-08 05:43:33 is 96555962.244116111 s in the future
Finish: unpacking root cache
INFO: enabled yum cache
Start: Waiting for yumcache lock
Finish: Waiting for yumcache lock
Start: cleaning yum metadata
Finish: cleaning yum metadata
Mock Version: 1.2.14
INFO: Mock Version: 1.2.14
WARNING: For multilib systems, both architectures of nosync library need to be installed
Start: yum update
Start: Waiting for yumcache lock
Finish: Waiting for yumcache lock
Finish: yum update
Finish: chroot init
Start: buildsrpm
Start: rpmbuild -bs
Finish: rpmbuild -bs
Finish: buildsrpm
INFO: Done(swift.spec) Config(clear) 0 minutes 33 seconds
INFO: Results and/or logs in: results/
Finish: run
