INFO: mock.py version 1.2.14 starting (python version = 3.4.3)...
Start: init plugins
INFO: selinux enabled
Finish: init plugins
Start: run
INFO: Start(results/swift-2.7.0-11.src.rpm)  Config(clear)
Start: clean chroot
Finish: clean chroot
Start: chroot init
INFO: calling preinit hooks
INFO: enabled root cache
Start: unpacking root cache
tar: ./usr/lib/python2.7/idlelib/FileList.py: time stamp 2017-04-30 04:46:51 is 34275742.658603877 s in the future
tar: ./usr/lib/python2.7/idlelib/PathBrowser.py: time stamp 2020-11-23 06:04:39 is 146863210.658411762 s in the future
tar: ./usr/lib/python2.7/idlelib/rpc.py: time stamp 2019-06-18 08:45:14 is 101595645.658312235 s in the future
tar: ./usr/lib/python2.7/idlelib/ZoomHeight.py: time stamp 2020-06-30 23:39:10 is 134308481.65823765 s in the future
tar: ./usr/lib/python2.7/idlelib/tabbedpages.py: time stamp 2017-04-22 12:34:30 is 33612601.658134342 s in the future
tar: ./usr/lib/python2.7/idlelib/AutoCompleteWindow.py: time stamp 2020-01-31 07:22:40 is 121207091.658066259 s in the future
tar: ./usr/lib/python2.7/idlelib/idle.py: time stamp 2018-03-22 05:02:55 is 62446706.657991241 s in the future
tar: ./usr/lib/python2.7/idlelib/FormatParagraph.py: time stamp 2018-10-16 15:42:41 is 80452692.657677457 s in the future
tar: ./usr/lib/python2.7/idlelib/configSectionNameDialog.py: time stamp 2017-06-17 20:51:18 is 38480809.657322348 s in the future
tar: ./usr/lib/python2.7/idlelib/idle_test/test_warning.py: time stamp 2019-10-13 10:54:58 is 111712229.657104588 s in the future
tar: ./usr/lib/python2.7/idlelib/idle_test/htest.py: time stamp 2018-02-13 23:13:30 is 59315341.657015113 s in the future
tar: ./usr/lib/python2.7/idlelib/idle_test/test_hyperparser.py: time stamp 2019-11-27 00:28:39 is 115566250.656897286 s in the future
tar: ./usr/lib/python2.7/idlelib/idle_test/test_formatparagraph.py: time stamp 2016-11-20 12:40:02 is 20397333.656799588 s in the future
tar: ./usr/lib/python2.7/idlelib/idle_test/test_parenmatch.py: time stamp 2020-09-15 04:12:47 is 140891298.656671773 s in the future
tar: ./usr/lib/python2.7/idlelib/idle_test/test_widgetredir.py: time stamp 2018-05-27 19:27:30 is 68197381.656504252 s in the future
tar: ./usr/lib/python2.7/idlelib/idle_test/test_textview.py: time stamp 2020-04-06 17:48:15 is 126943426.656428664 s in the future
tar: ./usr/lib/python2.7/idlelib/idle_test/test_pathbrowser.py: time stamp 2017-01-14 21:34:11 is 25181382.656084661 s in the future
tar: ./usr/lib/python2.7/idlelib/idle_test/test_io.py: time stamp 2020-10-13 00:34:19 is 143297390.655991358 s in the future
tar: ./usr/lib/python2.7/idlelib/idle_test/test_config_name.py: time stamp 2017-10-15 03:28:55 is 48786266.655867862 s in the future
tar: ./usr/lib/python2.7/idlelib/idle_test/test_configdialog.py: time stamp 2019-04-23 23:33:13 is 96810524.655631106 s in the future
tar: ./usr/lib/python2.7/idlelib/idle_test/__init__.py: time stamp 2017-12-12 21:23:27 is 53865538.655589809 s in the future
tar: ./usr/lib/python2.7/idlelib/idle_test/test_autoexpand.py: time stamp 2018-06-05 01:37:41 is 68910792.655538667 s in the future
tar: ./usr/lib/python2.7/idlelib/idle_test/test_searchengine.py: time stamp 2017-05-14 04:25:07 is 35484038.655483239 s in the future
tar: ./usr/lib/python2.7/idlelib/dynOptionMenuWidget.py: time stamp 2018-08-19 02:00:25 is 75392156.655355125 s in the future
tar: ./usr/lib/python2.7/idlelib/macosxSupport.py: time stamp 2017-01-26 23:00:40 is 26223371.655210361 s in the future
tar: ./usr/lib/python2.7/idlelib/Debugger.py: time stamp 2018-08-27 17:31:41 is 76139232.655069054 s in the future
tar: ./usr/lib/python2.7/idlelib/aboutDialog.py: time stamp 2017-08-15 10:04:28 is 43539599.654960266 s in the future
tar: ./usr/lib/python2.7/idlelib/SearchDialogBase.py: time stamp 2016-07-05 20:42:15 is 8499466.654841782 s in the future
tar: ./usr/lib/python2.7/idlelib/ColorDelegator.py: time stamp 2017-01-29 19:50:43 is 26471174.65454517 s in the future
tar: ./usr/lib/python2.7/idlelib/CodeContext.py: time stamp 2016-07-07 03:39:13 is 8610884.654134673 s in the future
tar: ./usr/lib/python2.7/idlelib/help.py: time stamp 2018-07-26 07:15:39 is 73337470.654050164 s in the future
tar: ./usr/lib/python2.7/idlelib/Percolator.py: time stamp 2021-01-05 19:04:31 is 150625202.653541371 s in the future
tar: ./usr/lib/python2.7/idlelib/keybindingDialog.py: time stamp 2018-12-25 23:22:31 is 86531882.65344728 s in the future
tar: ./usr/lib/python2.7/idlelib/Delegator.py: time stamp 2020-05-19 05:43:53 is 130615164.653347076 s in the future
tar: ./usr/lib/python2.7/idlelib/OutputWindow.py: time stamp 2020-04-28 21:14:25 is 128856596.653293815 s in the future
tar: ./usr/lib/python2.7/idlelib/AutoComplete.py: time stamp 2017-10-05 18:23:58 is 47975969.65293059 s in the future
tar: ./usr/lib/python2.7/idlelib/ScriptBinding.py: time stamp 2019-01-12 21:10:47 is 88079178.652863744 s in the future
tar: ./usr/lib/python2.7/idlelib/WidgetRedirector.py: time stamp 2017-06-14 17:54:20 is 38210991.652833118 s in the future
tar: ./usr/lib/python2.7/idlelib/SearchEngine.py: time stamp 2016-12-12 06:24:08 is 22275579.652803892 s in the future
tar: ./usr/lib/python2.7/idlelib/PyShell.py: time stamp 2019-07-02 23:09:28 is 102857099.652692104 s in the future
tar: ./usr/lib/python2.7/idlelib/UndoDelegator.py: time stamp 2018-04-10 22:44:14 is 64148385.652578891 s in the future
tar: ./usr/lib/python2.7/idlelib/ScrolledList.py: time stamp 2019-09-03 16:30:26 is 108276357.652515886 s in the future
tar: ./usr/lib/python2.7/idlelib/textView.py: time stamp 2019-03-23 09:00:51 is 94083382.652469238 s in the future
tar: ./usr/lib/python2.7/idlelib/run.py: time stamp 2020-07-19 15:58:49 is 135922460.651974561 s in the future
tar: ./usr/lib/python2.7/idlelib/RemoteDebugger.py: time stamp 2019-12-26 19:42:29 is 118141080.651922207 s in the future
tar: ./usr/lib/python2.7/idlelib/PyParse.py: time stamp 2020-11-15 15:50:16 is 146207147.651852084 s in the future
tar: ./usr/lib/python2.7/idlelib/CallTips.py: time stamp 2018-07-13 15:35:24 is 72244255.651628592 s in the future
tar: ./usr/lib/python2.7/idlelib/ParenMatch.py: time stamp 2018-12-21 05:21:15 is 86121406.651597177 s in the future
tar: ./usr/lib/python2.7/idlelib/EditorWindow.py: time stamp 2019-03-28 17:18:41 is 94545252.651368756 s in the future
tar: ./usr/lib/python2.7/__phello__.foo.py: time stamp 2016-12-02 18:02:24 is 21453475.651201326 s in the future
tar: ./usr/lib/python2.7/optparse.py: time stamp 2020-04-17 07:28:24 is 127856635.651022583 s in the future
tar: ./usr/lib/python2.7/py_compile.py: time stamp 2018-06-27 21:15:56 is 70882287.650993895 s in the future
tar: ./usr/lib/python2.7/pstats.py: time stamp 2020-08-25 07:41:58 is 139089449.650916498 s in the future
tar: ./usr/lib/python2.7/dircache.py: time stamp 2019-01-07 07:36:28 is 87598319.6505488 s in the future
tar: ./usr/lib/python2.7/imputil.py: time stamp 2020-11-11 23:50:13 is 145890344.650353833 s in the future
tar: ./usr/lib/python2.7/modulefinder.py: time stamp 2018-10-04 12:50:57 is 79405588.650247126 s in the future
tar: ./usr/lib/python2.7/rfc822.py: time stamp 2019-09-10 09:17:22 is 108855173.649814884 s in the future
tar: ./usr/lib/python2.7/sre_constants.py: time stamp 2021-01-13 07:34:05 is 151274976.649782997 s in the future
tar: ./usr/lib/python2.7/StringIO.py: time stamp 2019-07-15 15:04:52 is 103951223.649747835 s in the future
tar: ./usr/lib/python2.7/pkgutil.py: time stamp 2017-08-05 18:41:07 is 42706598.649698902 s in the future
tar: ./usr/lib/python2.7/UserString.py: time stamp 2017-02-14 00:20:14 is 27783345.648944287 s in the future
tar: ./usr/lib/python2.7/shelve.py: time stamp 2018-05-04 00:45:55 is 66142886.648912954 s in the future
tar: ./usr/lib/python2.7/cgitb.py: time stamp 2016-03-31 02:39:23 is 143694.648843221 s in the future
tar: ./usr/lib/python2.7/sre.py: time stamp 2020-12-22 14:11:34 is 149398025.647724847 s in the future
tar: ./usr/lib/python2.7/this.py: time stamp 2019-11-22 00:33:40 is 115134551.647431693 s in the future
tar: ./usr/lib/python2.7/curses/textpad.py: time stamp 2020-03-19 11:33:45 is 125369356.647338179 s in the future
tar: ./usr/lib/python2.7/curses/ascii.py: time stamp 2017-04-13 04:33:05 is 32806116.647294496 s in the future
tar: ./usr/lib/python2.7/curses/panel.py: time stamp 2016-09-09 02:16:27 is 14135518.647216869 s in the future
tar: ./usr/lib/python2.7/sre_compile.py: time stamp 2019-09-25 21:40:47 is 110195778.646877942 s in the future
tar: ./usr/lib/python2.7/_strptime.py: time stamp 2020-03-02 11:22:32 is 123899883.646772235 s in the future
tar: ./usr/lib/python2.7/nturl2path.py: time stamp 2016-12-07 02:27:56 is 21829407.646743989 s in the future
tar: ./usr/lib/python2.7/new.py: time stamp 2018-05-24 19:15:29 is 67937460.646682234 s in the future
tar: ./usr/lib/python2.7/ntpath.py: time stamp 2019-04-14 04:04:58 is 95962829.645805132 s in the future
tar: ./usr/lib/python2.7/io.py: time stamp 2017-07-15 10:04:56 is 40861227.645777037 s in the future
tar: ./usr/lib/python2.7/poplib.py: time stamp 2018-07-09 22:34:48 is 71923819.645712495 s in the future
tar: ./usr/lib/python2.7/zipfile.py: time stamp 2017-01-17 05:33:33 is 25382944.645396708 s in the future
tar: ./usr/lib/python2.7/ensurepip/_uninstall.py: time stamp 2018-10-19 09:50:27 is 80690758.641078691 s in the future
tar: ./usr/lib/python2.7/sqlite3/test/factory.py: time stamp 2017-02-23 10:18:35 is 28596846.640817078 s in the future
tar: ./usr/lib/python2.7/sqlite3/test/py25tests.py: time stamp 2019-02-03 22:10:31 is 89983562.640701007 s in the future
tar: ./usr/lib/python2.7/sqlite3/test/regression.py: time stamp 2019-03-02 13:52:50 is 92286501.640604873 s in the future
tar: ./usr/lib/python2.7/sqlite3/test/userfunctions.py: time stamp 2019-12-28 08:00:50 is 118271781.64054875 s in the future
tar: ./usr/lib/python2.7/sqlite3/dump.py: time stamp 2018-05-02 04:44:12 is 65984383.64029875 s in the future
tar: ./usr/lib/python2.7/sched.py: time stamp 2016-10-09 21:03:39 is 16795150.640225271 s in the future
tar: ./usr/lib/python2.7/copy_reg.py: time stamp 2020-06-10 18:17:17 is 132561168.640194223 s in the future
tar: ./usr/lib/python2.7/os.py: time stamp 2018-04-29 11:06:31 is 65748122.639927311 s in the future
tar: ./usr/lib/python2.7/socket.py: time stamp 2019-12-29 14:38:55 is 118382066.639811755 s in the future
tar: ./usr/lib/python2.7/asynchat.py: time stamp 2018-10-13 01:29:09 is 80142280.639778356 s in the future
tar: ./usr/lib/python2.7/profile.py: time stamp 2017-04-29 12:36:34 is 34217525.639415457 s in the future
tar: ./usr/lib/python2.7/difflib.py: time stamp 2016-12-20 15:29:41 is 22999512.639079156 s in the future
tar: ./usr/lib/python2.7/urllib2.py: time stamp 2020-05-07 21:59:38 is 129636909.63886108 s in the future
tar: ./usr/lib/python2.7/smtpd.py: time stamp 2018-10-06 06:03:20 is 79553931.638804311 s in the future
tar: ./usr/lib/python2.7/timeit.py: time stamp 2019-06-08 21:55:57 is 100779088.638741249 s in the future
tar: ./usr/lib/python2.7/Queue.py: time stamp 2019-01-06 20:04:21 is 87556792.638612756 s in the future
tar: ./usr/lib/python2.7/codecs.py: time stamp 2017-09-20 11:07:46 is 46653797.63837137 s in the future
tar: ./usr/lib/python2.7/compiler/consts.py: time stamp 2018-11-06 19:58:05 is 82286016.638107464 s in the future
tar: ./usr/lib/python2.7/compiler/pyassem.py: time stamp 2016-11-26 10:04:58 is 20906429.638031743 s in the future
tar: ./usr/lib/python2.7/compiler/transformer.py: time stamp 2019-07-29 15:02:29 is 105160680.637796159 s in the future
tar: ./usr/lib/python2.7/compiler/pycodegen.py: time stamp 2017-03-22 04:17:11 is 30907962.63727286 s in the future
tar: ./usr/lib/python2.7/compiler/__init__.py: time stamp 2016-04-08 11:56:01 is 864692.637193678 s in the future
tar: ./usr/lib/python2.7/compileall.py: time stamp 2020-11-30 21:58:44 is 147525255.637008632 s in the future
tar: ./usr/lib/python2.7/HTMLParser.py: time stamp 2020-02-09 19:09:48 is 122027119.636824273 s in the future
tar: ./usr/lib/python2.7/repr.py: time stamp 2018-05-16 23:31:03 is 67261594.636450042 s in the future
tar: ./usr/lib/python2.7/macpath.py: time stamp 2016-07-19 12:54:07 is 9680978.636410528 s in the future
tar: ./usr/lib/python2.7/encodings/hp_roman8.py: time stamp 2019-04-24 13:33:15 is 96860926.63635976 s in the future
tar: ./usr/lib/python2.7/encodings/mac_farsi.py: time stamp 2017-06-26 23:26:33 is 39267724.636326089 s in the future
tar: ./usr/lib/python2.7/encodings/utf_8.py: time stamp 2019-07-02 20:06:58 is 102846149.636224044 s in the future
tar: ./usr/lib/python2.7/encodings/utf_32_be.py: time stamp 2019-10-29 14:40:58 is 113111789.636198546 s in the future
tar: ./usr/lib/python2.7/encodings/iso2022_kr.py: time stamp 2020-09-02 14:09:30 is 139803901.636154321 s in the future
tar: ./usr/lib/python2.7/encodings/bz2_codec.py: time stamp 2017-11-17 07:47:50 is 51656601.636096777 s in the future
tar: ./usr/lib/python2.7/encodings/cp860.py: time stamp 2019-10-29 15:02:32 is 113113083.636027688 s in the future
tar: ./usr/lib/python2.7/encodings/cp1140.py: time stamp 2017-08-28 01:38:32 is 44632443.635968399 s in the future
tar: ./usr/lib/python2.7/encodings/cp861.py: time stamp 2020-07-22 23:39:32 is 136209303.635865254 s in the future
tar: ./usr/lib/python2.7/encodings/cp852.py: time stamp 2020-03-25 08:02:18 is 125875069.635821257 s in the future
tar: ./usr/lib/python2.7/encodings/utf_16.py: time stamp 2020-07-21 02:08:21 is 136045432.635720674 s in the future
tar: ./usr/lib/python2.7/encodings/cp1252.py: time stamp 2018-01-11 14:41:45 is 56433436.6356729 s in the future
tar: ./usr/lib/python2.7/encodings/cp500.py: time stamp 2020-06-10 07:38:26 is 132522837.635418097 s in the future
tar: ./usr/lib/python2.7/encodings/utf_16_be.py: time stamp 2020-09-21 04:41:57 is 141411448.635362288 s in the future
tar: ./usr/lib/python2.7/encodings/mac_turkish.py: time stamp 2017-01-28 11:59:32 is 26356503.635268877 s in the future
tar: ./usr/lib/python2.7/encodings/cp950.py: time stamp 2018-05-18 11:18:23 is 67390434.634963552 s in the future
tar: ./usr/lib/python2.7/encodings/mac_cyrillic.py: time stamp 2018-05-23 14:13:03 is 67832914.634930166 s in the future
tar: ./usr/lib/python2.7/encodings/cp1250.py: time stamp 2016-08-07 12:11:06 is 11319997.634877237 s in the future
tar: ./usr/lib/python2.7/encodings/ascii.py: time stamp 2020-10-07 11:53:23 is 142819734.634852428 s in the future
tar: ./usr/lib/python2.7/encodings/iso2022_jp_2.py: time stamp 2017-02-28 23:38:20 is 29076831.634785675 s in the future
tar: ./usr/lib/python2.7/encodings/iso2022_jp_ext.py: time stamp 2018-08-21 07:16:14 is 75583905.634714118 s in the future
tar: ./usr/lib/python2.7/encodings/iso8859_3.py: time stamp 2016-10-12 11:10:41 is 17018772.634682177 s in the future
tar: ./usr/lib/python2.7/encodings/utf_8_sig.py: time stamp 2016-11-16 02:16:11 is 20014302.634612958 s in the future
tar: ./usr/lib/python2.7/encodings/palmos.py: time stamp 2017-08-19 12:59:07 is 43895678.634588147 s in the future
tar: ./usr/lib/python2.7/encodings/iso8859_8.py: time stamp 2020-07-16 07:03:05 is 135631116.634553688 s in the future
tar: ./usr/lib/python2.7/encodings/utf_16_le.py: time stamp 2017-06-13 01:57:52 is 38067203.634405018 s in the future
tar: ./usr/lib/python2.7/encodings/mac_centeuro.py: time stamp 2016-10-30 18:51:10 is 18605201.634351712 s in the future
tar: ./usr/lib/python2.7/encodings/mac_romanian.py: time stamp 2017-03-08 18:21:12 is 29749003.634204496 s in the future
tar: ./usr/lib/python2.7/encodings/cp865.py: time stamp 2019-03-24 22:59:00 is 94220071.634056386 s in the future
tar: ./usr/lib/python2.7/encodings/punycode.py: time stamp 2018-09-17 00:22:18 is 77891869.634026262 s in the future
tar: ./usr/lib/python2.7/encodings/cp949.py: time stamp 2016-11-20 12:47:31 is 20397782.633958894 s in the future
tar: ./usr/lib/python2.7/encodings/mac_latin2.py: time stamp 2018-01-28 04:06:13 is 57864104.633860807 s in the future
tar: ./usr/lib/python2.7/encodings/iso2022_jp_3.py: time stamp 2018-11-06 09:56:33 is 82249924.633832315 s in the future
tar: ./usr/lib/python2.7/encodings/mac_greek.py: time stamp 2020-05-27 19:44:26 is 131356797.63379805 s in the future
tar: ./usr/lib/python2.7/encodings/iso8859_9.py: time stamp 2017-08-25 05:56:49 is 44388740.633637262 s in the future
tar: ./usr/lib/python2.7/encodings/koi8_u.py: time stamp 2017-12-23 10:58:49 is 54778460.633522118 s in the future
tar: ./usr/lib/python2.7/encodings/base64_codec.py: time stamp 2019-07-01 19:46:51 is 102758542.633456862 s in the future
tar: ./usr/lib/python2.7/encodings/cp1258.py: time stamp 2016-08-19 06:30:07 is 12336338.633349679 s in the future
tar: ./usr/lib/python2.7/encodings/cp720.py: time stamp 2017-04-09 15:28:19 is 32499830.633297819 s in the future
tar: ./usr/lib/python2.7/encodings/iso2022_jp.py: time stamp 2018-07-01 12:05:14 is 71194845.633262399 s in the future
tar: ./usr/lib/python2.7/encodings/iso8859_6.py: time stamp 2020-10-25 23:51:34 is 144421625.633228695 s in the future
tar: ./usr/lib/python2.7/encodings/gb18030.py: time stamp 2019-11-25 16:44:15 is 115451986.633203227 s in the future
tar: ./usr/lib/python2.7/encodings/cp850.py: time stamp 2018-06-20 04:30:03 is 70217134.633115086 s in the future
tar: ./usr/lib/python2.7/encodings/utf_32_le.py: time stamp 2017-09-26 20:17:27 is 47205178.63298185 s in the future
tar: ./usr/lib/python2.7/encodings/shift_jisx0213.py: time stamp 2018-10-21 15:50:06 is 80885137.632913168 s in the future
tar: ./usr/lib/python2.7/encodings/cp875.py: time stamp 2020-02-16 09:39:43 is 122597714.632725756 s in the future
tar: ./usr/lib/python2.7/encodings/iso8859_1.py: time stamp 2018-06-09 01:12:17 is 69254868.63269249 s in the future
tar: ./usr/lib/python2.7/encodings/iso8859_11.py: time stamp 2017-10-28 06:21:00 is 49919791.632629111 s in the future
tar: ./usr/lib/python2.7/encodings/iso8859_15.py: time stamp 2018-10-19 18:42:35 is 80722686.632591576 s in the future
tar: ./usr/lib/python2.7/encodings/euc_jis_2004.py: time stamp 2017-09-02 08:02:50 is 45087501.632554576 s in the future
tar: ./usr/lib/python2.7/encodings/rot_13.py: time stamp 2017-06-08 17:01:08 is 37689399.63245195 s in the future
tar: ./usr/lib/python2.7/encodings/cp1251.py: time stamp 2016-07-02 20:48:48 is 8240659.632368634 s in the future
tar: ./usr/lib/python2.7/encodings/johab.py: time stamp 2018-05-16 15:14:04 is 67231775.632284948 s in the future
tar: ./usr/lib/python2.7/encodings/iso8859_5.py: time stamp 2017-02-10 05:40:19 is 27456950.632248575 s in the future
tar: ./usr/lib/python2.7/encodings/euc_jp.py: time stamp 2019-05-20 06:13:09 is 99080920.632222672 s in the future
tar: ./usr/lib/python2.7/encodings/cp866.py: time stamp 2019-06-29 13:04:02 is 102561573.632168513 s in the future
tar: ./usr/lib/python2.7/encodings/cp855.py: time stamp 2016-06-22 10:47:08 is 7340559.632017092 s in the future
tar: ./usr/lib/python2.7/encodings/cp1006.py: time stamp 2020-12-12 13:52:27 is 148532878.631954239 s in the future
tar: ./usr/lib/python2.7/encodings/euc_jisx0213.py: time stamp 2020-06-03 22:39:49 is 131972120.631924804 s in the future
tar: ./usr/lib/python2.7/encodings/iso2022_jp_2004.py: time stamp 2018-03-20 21:16:13 is 62332304.631876795 s in the future
tar: ./usr/lib/python2.7/encodings/charmap.py: time stamp 2017-11-11 20:52:38 is 51185289.6318502 s in the future
tar: ./usr/lib/python2.7/encodings/cp1026.py: time stamp 2020-03-10 02:27:12 is 124558963.631758031 s in the future
tar: ./usr/lib/python2.7/encodings/cp1254.py: time stamp 2020-02-19 22:04:25 is 122901596.631635265 s in the future
tar: ./usr/lib/python2.7/encodings/cp1255.py: time stamp 2018-07-01 00:31:48 is 71153239.631595957 s in the future
tar: ./usr/lib/python2.7/encodings/cp857.py: time stamp 2016-11-21 15:34:14 is 20494185.631548182 s in the future
tar: ./usr/lib/python2.7/encodings/koi8_r.py: time stamp 2018-11-12 00:48:55 is 82735466.631500539 s in the future
tar: ./usr/lib/python2.7/encodings/mac_croatian.py: time stamp 2020-11-03 10:29:16 is 145151087.631073043 s in the future
tar: ./usr/lib/python2.7/encodings/shift_jis_2004.py: time stamp 2017-08-24 01:14:16 is 44285387.630915638 s in the future
tar: ./usr/lib/python2.7/encodings/cp424.py: time stamp 2018-11-22 02:52:37 is 83606888.630874079 s in the future
tar: ./usr/lib/python2.7/encodings/string_escape.py: time stamp 2019-03-22 10:33:02 is 94002513.630846274 s in the future
tar: ./usr/lib/python2.7/encodings/cp874.py: time stamp 2016-12-26 18:54:28 is 23530199.630785918 s in the future
tar: ./usr/lib/python2.7/encodings/cp1257.py: time stamp 2020-09-15 02:36:59 is 140885550.630732872 s in the future
tar: ./usr/lib/python2.7/encodings/ptcp154.py: time stamp 2019-01-18 04:43:01 is 88538312.630523085 s in the future
tar: ./usr/lib/python2.7/encodings/unicode_escape.py: time stamp 2016-04-17 09:51:22 is 1634813.63040775 s in the future
tar: ./usr/lib/python2.7/encodings/aliases.py: time stamp 2021-01-10 20:15:38 is 151061469.630370914 s in the future
tar: ./usr/lib/python2.7/encodings/iso8859_16.py: time stamp 2020-03-09 04:20:46 is 124479377.630303177 s in the future
tar: ./usr/lib/python2.7/functools.py: time stamp 2018-05-28 11:00:05 is 68253336.630189069 s in the future
tar: ./usr/lib/python2.7/importlib/__init__.py: time stamp 2016-10-31 06:13:42 is 18646153.630060193 s in the future
tar: ./usr/lib/python2.7/uu.py: time stamp 2017-07-13 15:15:07 is 40707038.6300235 s in the future
tar: ./usr/lib/python2.7/hashlib.py: time stamp 2019-02-26 09:43:40 is 91925951.629992655 s in the future
tar: ./usr/lib/python2.7/wsgiref/util.py: time stamp 2016-09-12 09:50:44 is 14421975.629926393 s in the future
tar: ./usr/lib/python2.7/wsgiref/__init__.py: time stamp 2017-12-14 19:28:04 is 54031415.629737952 s in the future
tar: ./usr/lib/python2.7/MimeWriter.py: time stamp 2018-04-26 10:41:43 is 65487434.629536015 s in the future
tar: ./usr/lib/python2.7/pickletools.py: time stamp 2019-01-29 08:56:24 is 89503915.629283963 s in the future
tar: ./usr/lib/python2.7/stringprep.py: time stamp 2016-10-08 17:43:34 is 16696745.628989027 s in the future
tar: ./usr/lib/python2.7/inspect.py: time stamp 2020-11-15 21:44:48 is 146228419.628702072 s in the future
tar: ./usr/lib/python2.7/dbhash.py: time stamp 2018-07-23 02:20:39 is 73060570.628672604 s in the future
tar: ./usr/lib/python2.7/quopri.py: time stamp 2020-10-07 18:48:13 is 142844624.628006344 s in the future
tar: ./usr/lib/python2.7/imghdr.py: time stamp 2018-09-08 09:43:49 is 77147960.627958028 s in the future
tar: ./usr/lib/python2.7/urlparse.py: time stamp 2018-08-29 07:27:27 is 76275778.627734529 s in the future
tar: ./usr/lib/python2.7/tty.py: time stamp 2018-06-15 05:06:23 is 69787314.627492712 s in the future
tar: ./usr/lib/python2.7/telnetlib.py: time stamp 2020-06-27 16:37:37 is 134023988.62688908 s in the future
tar: ./usr/lib/python2.7/abc.py: time stamp 2017-10-25 18:01:07 is 49702598.626710401 s in the future
tar: ./usr/lib/python2.7/ctypes/util.py: time stamp 2016-08-06 18:15:26 is 11255457.626502155 s in the future
tar: ./usr/lib/python2.7/ctypes/macholib/framework.py: time stamp 2016-10-25 21:58:04 is 18180815.626441944 s in the future
tar: ./usr/lib/python2.7/ctypes/wintypes.py: time stamp 2018-06-09 23:17:50 is 69334401.626244414 s in the future
tar: ./usr/lib/python2.7/ctypes/test/test_prototypes.py: time stamp 2016-12-16 00:24:52 is 22599623.626125807 s in the future
tar: ./usr/lib/python2.7/ctypes/test/test_buffers.py: time stamp 2018-04-19 05:59:13 is 64865684.626044708 s in the future
tar: ./usr/lib/python2.7/ctypes/test/test_parameters.py: time stamp 2017-09-02 02:14:09 is 45066580.625930611 s in the future
tar: ./usr/lib/python2.7/ctypes/test/test_numbers.py: time stamp 2017-04-10 10:33:18 is 32568529.625861645 s in the future
tar: ./usr/lib/python2.7/ctypes/test/test_functions.py: time stamp 2020-09-14 17:08:53 is 140851464.625637547 s in the future
tar: ./usr/lib/python2.7/ctypes/test/test_simplesubclasses.py: time stamp 2018-12-25 23:04:47 is 86530818.625610689 s in the future
tar: ./usr/lib/python2.7/ctypes/test/test_init.py: time stamp 2016-12-31 18:54:37 is 23962208.625549403 s in the future
tar: ./usr/lib/python2.7/ctypes/test/test_byteswap.py: time stamp 2017-08-22 11:22:51 is 44149102.625396186 s in the future
tar: ./usr/lib/python2.7/ctypes/test/test_cast.py: time stamp 2017-04-17 11:32:30 is 33176881.625368221 s in the future
tar: ./usr/lib/python2.7/ctypes/test/test_funcptr.py: time stamp 2017-11-02 14:51:37 is 50386028.625175044 s in the future
tar: ./usr/lib/python2.7/ctypes/test/test_slicing.py: time stamp 2020-01-03 08:28:06 is 118791817.625101903 s in the future
tar: ./usr/lib/python2.7/ctypes/test/test_cfuncs.py: time stamp 2017-11-09 10:55:38 is 50976669.624879389 s in the future
tar: ./usr/lib/python2.7/ctypes/test/test_delattr.py: time stamp 2019-12-13 21:09:58 is 117023129.624836955 s in the future
tar: ./usr/lib/python2.7/ctypes/test/test_random_things.py: time stamp 2019-08-19 10:54:05 is 106960176.624746613 s in the future
tar: ./usr/lib/python2.7/ctypes/test/test_unaligned_structures.py: time stamp 2019-02-18 23:00:22 is 91282553.624695968 s in the future
tar: ./usr/lib/python2.7/ctypes/test/test_macholib.py: time stamp 2017-09-27 06:47:35 is 47242986.624645748 s in the future
tar: ./usr/lib/python2.7/ctypes/test/test_repr.py: time stamp 2018-07-25 23:10:32 is 73308363.624619736 s in the future
tar: ./usr/lib/python2.7/ctypes/test/test_array_in_pointer.py: time stamp 2019-09-14 14:24:47 is 109219218.624596196 s in the future
tar: ./usr/lib/python2.7/ctypes/test/test_as_parameter.py: time stamp 2017-12-03 17:25:54 is 53073685.624548606 s in the future
tar: ./usr/lib/python2.7/ctypes/test/test_bitfields.py: time stamp 2018-10-20 18:08:34 is 80807045.624415694 s in the future
tar: ./usr/lib/python2.7/ctypes/test/test_find.py: time stamp 2019-06-11 01:48:15 is 100965826.624362633 s in the future
tar: ./usr/lib/python2.7/ctypes/test/test_objects.py: time stamp 2020-05-31 03:44:09 is 131644780.624207679 s in the future
tar: ./usr/lib/python2.7/ctypes/test/test_arrays.py: time stamp 2019-06-01 11:19:51 is 100136122.623965022 s in the future
tar: ./usr/lib/python2.7/ctypes/__init__.py: time stamp 2020-07-08 06:29:57 is 134937928.62378257 s in the future
tar: ./usr/lib/python2.7/site.py: time stamp 2017-11-14 13:37:31 is 51418382.623732753 s in the future
tar: ./usr/lib/python2.7/fractions.py: time stamp 2016-09-13 18:41:29 is 14540220.623690246 s in the future
tar: ./usr/lib/python2.7/sysconfig.py: time stamp 2017-08-25 21:35:10 is 44445041.623620577 s in the future
tar: ./usr/lib/python2.7/asyncore.py: time stamp 2020-08-12 13:12:11 is 137986062.62354697 s in the future
tar: ./usr/lib/python2.7/uuid.py: time stamp 2020-07-02 12:00:07 is 134439338.623179464 s in the future
tar: ./usr/lib/python2.7/cookielib.py: time stamp 2019-11-23 18:17:10 is 115284761.622962883 s in the future
tar: ./usr/lib/python2.7/ast.py: time stamp 2017-08-21 04:36:43 is 44038334.622863197 s in the future
tar: ./usr/lib/python2.7/textwrap.py: time stamp 2020-07-10 08:15:34 is 135117065.622804469 s in the future
tar: ./usr/lib/python2.7/mailbox.py: time stamp 2018-11-03 14:52:50 is 82008501.622551316 s in the future
tar: ./usr/lib/python2.7/codeop.py: time stamp 2019-02-20 07:48:23 is 91400634.606166952 s in the future
tar: ./usr/lib/python2.7/whichdb.py: time stamp 2019-01-28 12:02:17 is 89428668.606037528 s in the future
tar: ./usr/lib/python2.7/stat.py: time stamp 2018-09-19 06:39:26 is 78087297.606010385 s in the future
tar: ./usr/lib/python2.7/warnings.py: time stamp 2018-10-18 12:17:47 is 80613198.605940494 s in the future
tar: ./usr/lib/python2.7/SocketServer.py: time stamp 2019-11-08 23:58:35 is 114009246.60583054 s in the future
tar: ./usr/lib/python2.7/filecmp.py: time stamp 2016-06-21 23:20:47 is 7299378.605792454 s in the future
tar: ./usr/lib/python2.7/_weakrefset.py: time stamp 2019-06-18 15:08:30 is 101618641.604892923 s in the future
tar: ./usr/lib/python2.7/xdrlib.py: time stamp 2016-11-13 06:08:59 is 19769070.604800165 s in the future
tar: ./usr/lib/python2.7/Cookie.py: time stamp 2016-08-15 09:00:39 is 11999770.604628114 s in the future
tar: ./usr/lib/python2.7/DocXMLRPCServer.py: time stamp 2016-08-19 21:08:45 is 12389056.604389093 s in the future
tar: ./usr/lib/python2.7/mhlib.py: time stamp 2017-02-18 04:10:37 is 28142768.60082081 s in the future
tar: ./usr/lib/python2.7/nntplib.py: time stamp 2016-07-30 23:04:21 is 10667992.60075402 s in the future
tar: ./usr/lib/python2.7/test/test_minidom.py: time stamp 2018-09-21 10:36:02 is 78274293.600538257 s in the future
tar: ./usr/lib/python2.7/test/test_linecache.py: time stamp 2019-08-03 17:18:10 is 105600821.600484439 s in the future
tar: ./usr/lib/python2.7/test/test_dummy_thread.py: time stamp 2019-09-22 09:43:44 is 109893555.600422589 s in the future
tar: ./usr/lib/python2.7/test/test_codecmaps_hk.py: time stamp 2016-09-30 17:26:38 is 16004529.600365753 s in the future
tar: ./usr/lib/python2.7/test/test_dumbdbm.py: time stamp 2020-12-01 13:10:24 is 147579955.600224703 s in the future
tar: ./usr/lib/python2.7/test/test_import.py: time stamp 2019-06-22 11:55:17 is 101952648.600123907 s in the future
tar: ./usr/lib/python2.7/test/test_thread.py: time stamp 2019-11-08 11:43:45 is 113965156.599858751 s in the future
tar: ./usr/lib/python2.7/test/test_base64.py: time stamp 2018-11-02 11:03:20 is 81908331.599762825 s in the future
tar: ./usr/lib/python2.7/test/test_unary.py: time stamp 2019-12-22 08:00:56 is 117753387.599428685 s in the future
tar: ./usr/lib/python2.7/test/test_bastion.py: time stamp 2017-01-16 01:29:56 is 25281927.599395408 s in the future
tar: ./usr/lib/python2.7/test/test_pkg.py: time stamp 2017-07-30 03:10:54 is 42132385.599365335 s in the future
tar: ./usr/lib/python2.7/test/test_bool.py: time stamp 2017-05-04 13:32:55 is 34652906.599309212 s in the future
tar: ./usr/lib/python2.7/test/test_gettext.py: time stamp 2018-05-21 16:59:32 is 67670103.599271158 s in the future
tar: ./usr/lib/python2.7/test/test_anydbm.py: time stamp 2020-03-11 00:10:18 is 124637149.599060737 s in the future
tar: ./usr/lib/python2.7/test/test_setcomps.py: time stamp 2019-05-04 20:30:28 is 97749959.598985689 s in the future
tar: ./usr/lib/python2.7/test/test_descr.py: time stamp 2018-04-17 00:23:05 is 64672716.598331912 s in the future
tar: ./usr/lib/python2.7/test/test___future__.py: time stamp 2019-06-20 08:08:01 is 101766212.598008289 s in the future
tar: ./usr/lib/python2.7/test/test_ensurepip.py: time stamp 2018-11-29 01:10:26 is 84205557.597975306 s in the future
tar: ./usr/lib/python2.7/test/test_weakref.py: time stamp 2018-04-28 17:44:23 is 65685594.59781809 s in the future
tar: ./usr/lib/python2.7/test/test_string.py: time stamp 2020-11-16 17:17:27 is 146298778.597669082 s in the future
tar: ./usr/lib/python2.7/test/test_pow.py: time stamp 2017-03-08 19:05:42 is 29751673.597365517 s in the future
tar: ./usr/lib/python2.7/test/test_exception_variations.py: time stamp 2019-09-20 10:19:34 is 109722905.597335419 s in the future
tar: ./usr/lib/python2.7/test/test_urllib2_localnet.py: time stamp 2017-12-08 18:18:53 is 53508864.597255606 s in the future
tar: ./usr/lib/python2.7/test/test_codecmaps_jp.py: time stamp 2019-05-24 22:46:26 is 99486117.596674401 s in the future
tar: ./usr/lib/python2.7/test/test_mhlib.py: time stamp 2016-09-12 17:04:23 is 14447994.596582393 s in the future
tar: ./usr/lib/python2.7/test/test_unicode.py: time stamp 2018-07-09 10:48:22 is 71881433.596355737 s in the future
tar: ./usr/lib/python2.7/test/test_future.py: time stamp 2017-09-24 13:01:00 is 47006191.596320865 s in the future
tar: ./usr/lib/python2.7/test/badsyntax_future7.py: time stamp 2018-11-23 17:37:21 is 83746372.595841493 s in the future
tar: ./usr/lib/python2.7/test/test_multiprocessing.py: time stamp 2019-07-15 12:53:03 is 103943314.595639862 s in the future
tar: ./usr/lib/python2.7/test/test_cookielib.py: time stamp 2017-10-21 05:19:55 is 49311326.59535025 s in the future
tar: ./usr/lib/python2.7/test/test_unicodedata.py: time stamp 2016-04-19 03:02:41 is 1783092.595035599 s in the future
tar: ./usr/lib/python2.7/test/test_unicode_file.py: time stamp 2020-12-04 07:04:46 is 147817217.594931292 s in the future
tar: ./usr/lib/python2.7/test/test_compare.py: time stamp 2020-04-06 13:49:41 is 126929112.594838952 s in the future
tar: ./usr/lib/python2.7/test/test_unpack.py: time stamp 2016-07-11 22:19:09 is 9023680.594791949 s in the future
tar: ./usr/lib/python2.7/test/test_gc.py: time stamp 2017-12-16 02:10:52 is 54141983.594608128 s in the future
tar: ./usr/lib/python2.7/test/test_sgmllib.py: time stamp 2019-05-11 14:12:22 is 98332073.594305186 s in the future
tar: ./usr/lib/python2.7/test/test_wait4.py: time stamp 2017-07-04 10:00:18 is 39910549.594277168 s in the future
tar: ./usr/lib/python2.7/test/test_structseq.py: time stamp 2016-10-28 07:55:01 is 18389432.594252485 s in the future
tar: ./usr/lib/python2.7/test/test_getargs.py: time stamp 2017-07-14 20:40:08 is 40812939.594167114 s in the future
tar: ./usr/lib/python2.7/test/test_pickletools.py: time stamp 2020-09-25 12:57:42 is 141786793.594118545 s in the future
tar: ./usr/lib/python2.7/test/test_richcmp.py: time stamp 2020-12-21 14:31:36 is 149312827.593996322 s in the future
tar: ./usr/lib/python2.7/test/test_future5.py: time stamp 2020-11-28 11:22:21 is 147314272.593713053 s in the future
tar: ./usr/lib/python2.7/test/test_pipes.py: time stamp 2018-03-13 10:01:18 is 61687009.593682445 s in the future
tar: ./usr/lib/python2.7/test/test_stat.py: time stamp 2018-01-04 16:13:14 is 55834125.593642196 s in the future
tar: ./usr/lib/python2.7/test/test_types.py: time stamp 2020-12-05 20:42:37 is 147952688.593526881 s in the future
tar: ./usr/lib/python2.7/test/test_memoryview.py: time stamp 2016-08-15 07:11:29 is 11993220.59346944 s in the future
tar: ./usr/lib/python2.7/test/test_format.py: time stamp 2018-02-10 20:50:33 is 59047564.593371084 s in the future
tar: ./usr/lib/python2.7/test/audiotests.py: time stamp 2019-10-21 14:03:55 is 112414766.592220315 s in the future
tar: ./usr/lib/python2.7/test/test_logging.py: time stamp 2020-09-18 03:33:35 is 141148146.592036824 s in the future
tar: ./usr/lib/python2.7/test/test_resource.py: time stamp 2020-12-26 21:50:28 is 149771159.592001775 s in the future
tar: ./usr/lib/python2.7/test/mapping_tests.py: time stamp 2018-04-26 19:30:12 is 65519143.591842675 s in the future
tar: ./usr/lib/python2.7/test/test_unittest.py: time stamp 2016-07-22 18:07:07 is 9958958.591146804 s in the future
tar: ./usr/lib/python2.7/test/test_doctest.py: time stamp 2019-04-17 01:15:42 is 96211873.590718516 s in the future
tar: ./usr/lib/python2.7/test/test_smtpnet.py: time stamp 2021-01-03 12:40:53 is 150429384.590685232 s in the future
tar: ./usr/lib/python2.7/test/test_bsddb3.py: time stamp 2020-05-19 15:17:55 is 130649606.590114357 s in the future
tar: ./usr/lib/python2.7/test/test_aepack.py: time stamp 2019-02-23 09:55:22 is 91667453.590084433 s in the future
tar: ./usr/lib/python2.7/test/test_symtable.py: time stamp 2020-04-11 15:07:09 is 127365760.589957332 s in the future
tar: ./usr/lib/python2.7/test/test_httpservers.py: time stamp 2017-07-05 05:40:59 is 39981390.589910676 s in the future
tar: ./usr/lib/python2.7/test/test_hmac.py: time stamp 2018-02-01 15:51:54 is 58252045.589491193 s in the future
tar: ./usr/lib/python2.7/test/test_dict.py: time stamp 2016-06-25 13:01:30 is 7607821.589268614 s in the future
tar: ./usr/lib/python2.7/test/test_ossaudiodev.py: time stamp 2020-04-17 22:45:38 is 127911669.589234889 s in the future
tar: ./usr/lib/python2.7/test/test_multibytecodec_support.py: time stamp 2018-03-22 03:10:51 is 62439982.589201147 s in the future
tar: ./usr/lib/python2.7/test/test_httplib.py: time stamp 2017-06-08 03:37:06 is 37641157.588250046 s in the future
tar: ./usr/lib/python2.7/test/test_asyncore.py: time stamp 2020-11-02 05:54:13 is 145048184.588085461 s in the future
tar: ./usr/lib/python2.7/test/test_codecencodings_cn.py: time stamp 2019-09-16 03:31:57 is 109352848.588025289 s in the future
tar: ./usr/lib/python2.7/test/test_longexp.py: time stamp 2020-01-21 03:04:30 is 120327601.58799783 s in the future
tar: ./usr/lib/python2.7/test/tracedmodules/__init__.py: time stamp 2018-12-27 19:15:49 is 86689880.587900616 s in the future
tar: ./usr/lib/python2.7/test/bad_coding3.py: time stamp 2020-02-16 16:53:23 is 122623734.58726569 s in the future
tar: ./usr/lib/python2.7/test/test_fnmatch.py: time stamp 2016-04-30 14:21:22 is 2774213.586702024 s in the future
tar: ./usr/lib/python2.7/test/test_ttk_textonly.py: time stamp 2019-01-25 08:01:52 is 89155043.586671587 s in the future
tar: ./usr/lib/python2.7/test/test_poll.py: time stamp 2016-09-26 17:38:18 is 15659629.586625123 s in the future
tar: ./usr/lib/python2.7/test/test_pkgimport.py: time stamp 2017-01-24 09:35:50 is 26002281.586379094 s in the future
tar: ./usr/lib/python2.7/test/test_sys_setprofile.py: time stamp 2019-05-21 11:01:16 is 99184607.586328202 s in the future
tar: ./usr/lib/python2.7/test/test_pep263.py: time stamp 2016-06-14 05:40:06 is 6630937.586002205 s in the future
tar: ./usr/lib/python2.7/test/test_int.py: time stamp 2020-10-04 09:06:31 is 142550522.58596155 s in the future
tar: ./usr/lib/python2.7/test/test_urllib2net.py: time stamp 2017-08-23 17:06:57 is 44256148.585719983 s in the future
tar: ./usr/lib/python2.7/test/test_extcall.py: time stamp 2017-04-18 05:02:41 is 33239892.585684724 s in the future
tar: ./usr/lib/python2.7/test/test_abstract_numbers.py: time stamp 2017-06-08 11:12:02 is 37668453.585462794 s in the future
tar: ./usr/lib/python2.7/test/test_imaplib.py: time stamp 2018-04-01 11:19:31 is 63329702.585356818 s in the future
tar: ./usr/lib/python2.7/test/test_whichdb.py: time stamp 2016-09-05 03:28:48 is 13794259.585328325 s in the future
tar: ./usr/lib/python2.7/test/test_audioop.py: time stamp 2017-04-20 03:27:55 is 33407006.585290207 s in the future
tar: ./usr/lib/python2.7/test/test_distutils.py: time stamp 2017-01-17 02:38:29 is 25372440.585134868 s in the future
tar: ./usr/lib/python2.7/test/test_capi.py: time stamp 2020-11-04 00:41:35 is 145202226.584988738 s in the future
tar: ./usr/lib/python2.7/test/test_warnings.py: time stamp 2016-05-28 22:48:21 is 5223832.584918905 s in the future
tar: ./usr/lib/python2.7/test/test_calendar.py: time stamp 2019-11-10 18:23:20 is 114161931.584754804 s in the future
tar: ./usr/lib/python2.7/test/test_frozen.py: time stamp 2017-06-04 11:32:05 is 37324056.584192732 s in the future
tar: ./usr/lib/python2.7/test/test_abc.py: time stamp 2017-12-05 20:41:45 is 53258236.584160985 s in the future
tar: ./usr/lib/python2.7/test/test_aifc.py: time stamp 2020-10-14 08:01:55 is 143410646.582974799 s in the future
tar: ./usr/lib/python2.7/test/test_sunaudiodev.py: time stamp 2020-04-01 12:13:12 is 126494923.582938162 s in the future
tar: ./usr/lib/python2.7/test/test_colorsys.py: time stamp 2019-09-09 06:00:52 is 108756983.582911667 s in the future
tar: ./usr/lib/python2.7/test/test_property.py: time stamp 2018-10-03 07:56:00 is 79301491.582508532 s in the future
tar: ./usr/lib/python2.7/test/bad_coding.py: time stamp 2018-10-12 09:59:32 is 80086503.582281784 s in the future
tar: ./usr/lib/python2.7/test/test_tokenize.py: time stamp 2016-10-25 13:53:11 is 18151722.581007059 s in the future
tar: ./usr/lib/python2.7/test/test_macos.py: time stamp 2020-05-07 04:03:58 is 129572369.580974852 s in the future
tar: ./usr/lib/python2.7/test/test_iter.py: time stamp 2020-12-31 05:46:29 is 150145320.580470425 s in the future
tar: ./usr/lib/python2.7/test/infinite_reload.py: time stamp 2018-09-12 13:26:26 is 77506917.58043688 s in the future
tar: ./usr/lib/python2.7/test/test_random.py: time stamp 2020-05-06 05:37:11 is 129491562.580348077 s in the future
tar: ./usr/lib/python2.7/test/test_inspect.py: time stamp 2016-07-02 00:55:33 is 8169064.580268724 s in the future
tar: ./usr/lib/python2.7/test/symlink_support.py: time stamp 2018-04-24 20:05:17 is 65348448.580233712 s in the future
tar: ./usr/lib/python2.7/test/test_funcattrs.py: time stamp 2020-10-08 11:56:11 is 142906302.580114048 s in the future
tar: ./usr/lib/python2.7/test/test_codecencodings_iso2022.py: time stamp 2018-06-28 18:40:23 is 70959354.579966208 s in the future
tar: ./usr/lib/python2.7/test/test_xml_etree_c.py: time stamp 2018-03-04 01:52:12 is 60880063.57926771 s in the future
tar: ./usr/lib/python2.7/test/test_fork1.py: time stamp 2019-06-20 12:14:54 is 101781025.579061973 s in the future
tar: ./usr/lib/python2.7/test/test_long.py: time stamp 2020-03-17 00:52:12 is 125158063.578972903 s in the future
tar: ./usr/lib/python2.7/test/test_email_codecs.py: time stamp 2016-12-10 02:11:41 is 22087632.578670824 s in the future
tar: ./usr/lib/python2.7/test/test_linuxaudiodev.py: time stamp 2016-09-04 19:43:36 is 13766347.578178307 s in the future
tar: ./usr/lib/python2.7/test/test_imgfile.py: time stamp 2019-05-24 22:49:20 is 99486291.578141421 s in the future
tar: ./usr/lib/python2.7/test/test_smtplib.py: time stamp 2020-02-16 06:31:24 is 122586415.578103755 s in the future
tar: ./usr/lib/python2.7/test/test_fpformat.py: time stamp 2020-12-21 04:44:13 is 149277584.577782092 s in the future
tar: ./usr/lib/python2.7/test/sortperf.py: time stamp 2018-12-08 05:13:48 is 84997759.577623787 s in the future
tar: ./usr/lib/python2.7/test/test_threading_local.py: time stamp 2019-11-22 13:36:57 is 115181548.577394078 s in the future
tar: ./usr/lib/python2.7/test/test_queue.py: time stamp 2019-03-05 09:43:34 is 92530745.577287054 s in the future
tar: ./usr/lib/python2.7/test/test_textwrap.py: time stamp 2019-03-29 03:26:25 is 94581716.577212698 s in the future
tar: ./usr/lib/python2.7/test/test_kqueue.py: time stamp 2020-01-30 23:19:55 is 121178126.57706022 s in the future
tar: ./usr/lib/python2.7/test/buffer_tests.py: time stamp 2019-11-12 00:37:48 is 114270799.577024256 s in the future
tar: ./usr/lib/python2.7/test/pickletester.py: time stamp 2019-03-24 10:16:32 is 94174323.576660025 s in the future
tar: ./usr/lib/python2.7/test/test_tarfile.py: time stamp 2017-04-06 11:36:27 is 32226718.57639834 s in the future
tar: ./usr/lib/python2.7/test/test_threaded_import.py: time stamp 2020-03-13 04:22:40 is 124825091.576338379 s in the future
tar: ./usr/lib/python2.7/test/test_sundry.py: time stamp 2020-12-22 21:01:21 is 149422612.57617456 s in the future
tar: ./usr/lib/python2.7/test/test_iterlen.py: time stamp 2019-03-23 10:50:03 is 94089934.576024753 s in the future
tar: ./usr/lib/python2.7/test/test_sets.py: time stamp 2018-11-01 10:53:31 is 81821342.57584514 s in the future
tar: ./usr/lib/python2.7/test/test_netrc.py: time stamp 2017-12-10 15:44:07 is 53672378.575809556 s in the future
tar: ./usr/lib/python2.7/test/test_copy_reg.py: time stamp 2016-11-03 14:01:45 is 18933436.575754121 s in the future
tar: ./usr/lib/python2.7/test/test_posixpath.py: time stamp 2020-08-16 23:45:19 is 138369650.575658081 s in the future
tar: ./usr/lib/python2.7/test/test_optparse.py: time stamp 2017-06-06 12:20:51 is 37499782.575561275 s in the future
tar: ./usr/lib/python2.7/test/test_macpath.py: time stamp 2019-05-12 18:36:13 is 98434304.575448712 s in the future
tar: ./usr/lib/python2.7/test/test_coercion.py: time stamp 2018-01-28 15:31:37 is 57905228.575387857 s in the future
tar: ./usr/lib/python2.7/test/test_ftplib.py: time stamp 2017-09-22 17:35:03 is 46849834.575318501 s in the future
tar: ./usr/lib/python2.7/test/test_decimal.py: time stamp 2020-10-09 04:52:34 is 142967285.575103209 s in the future
tar: ./usr/lib/python2.7/test/test_xrange.py: time stamp 2020-05-14 12:46:31 is 130208522.574705688 s in the future
tar: ./usr/lib/python2.7/test/test_difflib.py: time stamp 2016-08-13 23:01:01 is 11877392.574404015 s in the future
tar: ./usr/lib/python2.7/test/test_contextlib.py: time stamp 2018-09-10 09:46:56 is 77320947.574321722 s in the future
tar: ./usr/lib/python2.7/test/test_cmd_line_script.py: time stamp 2019-02-13 01:54:02 is 90774573.574249518 s in the future
tar: ./usr/lib/python2.7/test/test__locale.py: time stamp 2018-09-03 13:17:08 is 76728759.574213507 s in the future
tar: ./usr/lib/python2.7/test/reperf.py: time stamp 2016-04-04 13:31:59 is 524850.574187624 s in the future
tar: ./usr/lib/python2.7/test/gdb_sample.py: time stamp 2017-02-12 13:29:23 is 27657894.574106498 s in the future
tar: ./usr/lib/python2.7/test/test_support.py: time stamp 2019-03-21 06:10:43 is 93900374.573396234 s in the future
tar: ./usr/lib/python2.7/test/test_crypt.py: time stamp 2016-07-20 02:24:51 is 9729622.573360504 s in the future
tar: ./usr/lib/python2.7/test/test_py3kwarn.py: time stamp 2018-05-09 20:35:05 is 66646236.573075719 s in the future
tar: ./usr/lib/python2.7/test/test_dbm.py: time stamp 2016-12-03 01:04:48 is 21478819.572998472 s in the future
tar: ./usr/lib/python2.7/test/test_old_mailbox.py: time stamp 2018-06-22 14:26:42 is 70425733.572924213 s in the future
tar: ./usr/lib/python2.7/test/test_undocumented_details.py: time stamp 2020-10-12 23:56:10 is 143295101.572895291 s in the future
tar: ./usr/lib/python2.7/test/test_xmlrpc.py: time stamp 2018-02-23 10:07:10 is 60132161.572727751 s in the future
tar: ./usr/lib/python2.7/test/pyclbr_input.py: time stamp 2020-11-25 09:42:09 is 147049060.57253218 s in the future
tar: ./usr/lib/python2.7/test/test_codeop.py: time stamp 2017-12-05 14:45:54 is 53236885.572365468 s in the future
tar: ./usr/lib/python2.7/test/test_enumerate.py: time stamp 2016-11-28 08:16:20 is 21072711.572328489 s in the future
tar: ./usr/lib/python2.7/test/test_file.py: time stamp 2018-01-22 03:16:25 is 57342716.572296644 s in the future
tar: ./usr/lib/python2.7/test/test_bytes.py: time stamp 2019-05-01 13:25:44 is 97465275.572031147 s in the future
tar: ./usr/lib/python2.7/test/test_platform.py: time stamp 2020-07-19 05:59:34 is 135886505.571830088 s in the future
tar: ./usr/lib/python2.7/test/test_pstats.py: time stamp 2019-11-29 18:24:49 is 115803620.571752596 s in the future
tar: ./usr/lib/python2.7/test/test_winsound.py: time stamp 2018-03-24 09:10:59 is 62634390.571190424 s in the future
tar: ./usr/lib/python2.7/test/test_ioctl.py: time stamp 2020-02-27 02:29:55 is 123522326.571158791 s in the future
tar: ./usr/lib/python2.7/test/test_copy.py: time stamp 2017-08-25 17:36:10 is 44430701.570832148 s in the future
tar: ./usr/lib/python2.7/test/test_csv.py: time stamp 2016-04-17 19:12:06 is 1668457.570585583 s in the future
tar: ./usr/lib/python2.7/test/test_syntax.py: time stamp 2016-07-29 09:43:11 is 10533522.570323874 s in the future
tar: ./usr/lib/python2.7/test/test_tempfile.py: time stamp 2016-11-02 06:54:50 is 18821421.570272373 s in the future
tar: ./usr/lib/python2.7/test/test_readline.py: time stamp 2018-08-11 11:04:50 is 74733621.570200172 s in the future
tar: ./usr/lib/python2.7/test/test_doctest2.py: time stamp 2018-11-06 00:55:07 is 82217438.570173713 s in the future
tar: ./usr/lib/python2.7/test/test_rlcompleter.py: time stamp 2017-09-01 15:56:04 is 45029495.570108434 s in the future
tar: ./usr/lib/python2.7/test/test_popen2.py: time stamp 2017-12-07 03:12:16 is 53368067.569481181 s in the future
tar: ./usr/lib/python2.7/test/test_wave.py: time stamp 2017-06-05 20:57:01 is 37444352.568558552 s in the future
tar: ./usr/lib/python2.7/test/test_global.py: time stamp 2018-08-04 11:15:39 is 74129470.568378261 s in the future
tar: ./usr/lib/python2.7/test/test_repr.py: time stamp 2019-06-10 05:36:26 is 100893117.56829339 s in the future
tar: ./usr/lib/python2.7/test/test_atexit.py: time stamp 2020-10-09 06:00:26 is 142971357.568220244 s in the future
tar: ./usr/lib/python2.7/test/test_hash.py: time stamp 2020-08-18 18:26:52 is 138523343.567881564 s in the future
tar: ./usr/lib/python2.7/test/test_cmath.py: time stamp 2017-03-01 14:29:27 is 29130298.567838251 s in the future
tar: ./usr/lib/python2.7/test/test_sort.py: time stamp 2016-10-16 02:01:16 is 17331407.567532842 s in the future
tar: ./usr/lib/python2.7/test/test_pep247.py: time stamp 2019-11-03 09:48:43 is 113526254.567181494 s in the future
tar: ./usr/lib/python2.7/test/test_deque.py: time stamp 2018-10-27 07:24:57 is 81373228.556977993 s in the future
tar: ./usr/lib/python2.7/test/test_curses.py: time stamp 2016-11-14 23:14:32 is 19917003.556827374 s in the future
tar: ./usr/lib/python2.7/test/test_rfc822.py: time stamp 2017-11-07 03:03:43 is 50775554.556790046 s in the future
tar: ./usr/lib/python2.7/test/fork_wait.py: time stamp 2019-01-22 02:55:03 is 88877434.556735716 s in the future
tar: ./usr/lib/python2.7/test/test_memoryio.py: time stamp 2018-04-27 06:12:56 is 65557707.556552958 s in the future
tar: ./usr/lib/python2.7/test/test_cmd_line.py: time stamp 2019-06-30 20:15:01 is 102673832.556411433 s in the future
tar: ./usr/lib/python2.7/test/test_uuid.py: time stamp 2016-07-01 15:58:40 is 8136851.556348471 s in the future
tar: ./usr/lib/python2.7/test/test_dictcomps.py: time stamp 2016-10-24 23:47:11 is 18100962.5562679 s in the future
tar: ./usr/lib/python2.7/test/test_py_compile.py: time stamp 2020-08-28 06:33:11 is 139344522.55623862 s in the future
tar: ./usr/lib/python2.7/test/test_importhooks.py: time stamp 2016-11-22 00:37:46 is 20526797.555929968 s in the future
tar: ./usr/lib/python2.7/test/test_class.py: time stamp 2018-01-17 22:53:41 is 56981352.555888884 s in the future
tar: ./usr/lib/python2.7/test/test_codecencodings_kr.py: time stamp 2017-08-18 16:33:09 is 43822120.555861287 s in the future
tar: ./usr/lib/python2.7/test/sample_doctest.py: time stamp 2016-05-24 20:15:35 is 4869066.555396255 s in the future
tar: ./usr/lib/python2.7/test/test_fileio.py: time stamp 2016-10-26 08:16:26 is 18217917.554893689 s in the future
tar: ./usr/lib/python2.7/test/time_hashlib.py: time stamp 2017-01-31 22:03:45 is 26651956.554748571 s in the future
tar: ./usr/lib/python2.7/test/doctest_aliases.py: time stamp 2018-01-19 07:59:50 is 57100521.554309702 s in the future
tar: ./usr/lib/python2.7/test/test_cmd.py: time stamp 2020-10-23 06:38:02 is 144183213.554274929 s in the future
tar: ./usr/lib/python2.7/test/badsyntax_future9.py: time stamp 2019-07-20 23:10:27 is 104412358.554223703 s in the future
tar: ./usr/lib/python2.7/test/test_zipimport_support.py: time stamp 2017-05-06 15:21:40 is 34832231.554192099 s in the future
tar: ./usr/lib/python2.7/test/test_new.py: time stamp 2017-05-23 05:27:51 is 36265402.554127088 s in the future
tar: ./usr/lib/python2.7/test/test_popen.py: time stamp 2018-06-25 04:35:21 is 70649452.554101269 s in the future
tar: ./usr/lib/python2.7/test/test_os.py: time stamp 2019-08-18 09:08:16 is 106867427.55400672 s in the future
tar: ./usr/lib/python2.7/test/test_sqlite.py: time stamp 2018-08-22 11:37:08 is 75685959.553884012 s in the future
tar: ./usr/lib/python2.7/test/test_threadsignals.py: time stamp 2018-05-20 01:01:35 is 67526226.553749207 s in the future
tar: ./usr/lib/python2.7/test/test_tcl.py: time stamp 2016-10-18 04:29:47 is 17513118.553323755 s in the future
tar: ./usr/lib/python2.7/test/test_math.py: time stamp 2019-09-28 09:40:39 is 110411770.55321012 s in the future
tar: ./usr/lib/python2.7/test/test_strtod.py: time stamp 2018-09-03 00:53:00 is 76684111.553005874 s in the future
tar: ./usr/lib/python2.7/test/lock_tests.py: time stamp 2018-10-13 03:39:49 is 80150120.552751204 s in the future
tar: ./usr/lib/python2.7/test/test_future2.py: time stamp 2018-01-14 12:05:02 is 56683233.552702627 s in the future
tar: ./usr/lib/python2.7/test/test_generators.py: time stamp 2018-03-13 03:37:35 is 61663986.552228225 s in the future
tar: ./usr/lib/python2.7/test/test_strptime.py: time stamp 2018-07-23 13:57:26 is 73102377.551692947 s in the future
tar: ./usr/lib/python2.7/test/test_nis.py: time stamp 2016-09-27 18:14:31 is 15748202.551661719 s in the future
tar: ./usr/lib/python2.7/test/test_wsgiref.py: time stamp 2020-06-05 08:58:44 is 132095655.551585892 s in the future
tar: ./usr/lib/python2.7/test/test_xmllib.py: time stamp 2020-07-31 17:54:36 is 136966207.551352331 s in the future
tar: ./usr/lib/python2.7/test/make_ssl_certs.py: time stamp 2020-10-19 22:36:07 is 143895098.551267225 s in the future
tar: ./usr/lib/python2.7/test/test_timeout.py: time stamp 2020-09-18 07:59:07 is 141164078.551097672 s in the future
tar: ./usr/lib/python2.7/test/test_posix.py: time stamp 2020-11-10 05:38:29 is 145738440.551048979 s in the future
tar: ./usr/lib/python2.7/test/test_dis.py: time stamp 2016-09-05 21:05:43 is 13857674.550955882 s in the future
tar: ./usr/lib/python2.7/test/test_zipfile64.py: time stamp 2020-07-21 12:41:45 is 136083436.550923539 s in the future
tar: ./usr/lib/python2.7/test/test_with.py: time stamp 2017-03-06 01:37:57 is 29516008.550664559 s in the future
tar: ./usr/lib/python2.7/test/test_MimeWriter.py: time stamp 2019-04-28 05:58:49 is 97179260.550624524 s in the future
tar: ./usr/lib/python2.7/test/test_largefile.py: time stamp 2017-05-10 21:33:19 is 35200130.550553959 s in the future
tar: ./usr/lib/python2.7/test/test_shelve.py: time stamp 2020-12-10 13:47:04 is 148359755.550501751 s in the future
tar: ./usr/lib/python2.7/test/test_shlex.py: time stamp 2020-08-10 02:12:17 is 137773668.55034766 s in the future
tar: ./usr/lib/python2.7/test/test_profile.py: time stamp 2017-02-09 00:03:43 is 27350354.550314734 s in the future
tar: ./usr/lib/python2.7/test/test_cpickle.py: time stamp 2019-01-15 07:22:34 is 88288685.550262497 s in the future
tar: ./usr/lib/python2.7/test/test_zipfile.py: time stamp 2020-07-17 00:25:52 is 135693683.550086893 s in the future
tar: ./usr/lib/python2.7/test/test_timeit.py: time stamp 2019-04-12 22:46:35 is 95857326.549992382 s in the future
tar: ./usr/lib/python2.7/test/test_codecmaps_cn.py: time stamp 2016-05-06 14:30:11 is 3293142.549807021 s in the future
tar: ./usr/lib/python2.7/test/test_site.py: time stamp 2019-09-07 15:01:57 is 108616648.549456464 s in the future
tar: ./usr/lib/python2.7/test/test_pyexpat.py: time stamp 2018-02-13 15:44:32 is 59288403.549329073 s in the future
tar: ./usr/lib/python2.7/test/test_cookie.py: time stamp 2016-05-03 16:55:07 is 3042638.549225744 s in the future
tar: ./usr/lib/python2.7/test/test_pprint.py: time stamp 2016-11-16 04:22:17 is 20021868.549153238 s in the future
tar: ./usr/lib/python2.7/test/test_epoll.py: time stamp 2017-12-06 00:00:31 is 53270162.548768783 s in the future
tar: ./usr/lib/python2.7/test/test_ucn.py: time stamp 2020-09-15 03:50:36 is 140889967.548681458 s in the future
tar: ./usr/lib/python2.7/test/test_strop.py: time stamp 2016-12-04 06:00:17 is 21582948.548635155 s in the future
tar: ./usr/lib/python2.7/test/test_threadedtempfile.py: time stamp 2019-07-16 01:51:30 is 103990021.548555275 s in the future
tar: ./usr/lib/python2.7/test/test_pep277.py: time stamp 2017-11-29 02:27:04 is 52674155.548380116 s in the future
tar: ./usr/lib/python2.7/test/test_traceback.py: time stamp 2018-03-26 22:31:41 is 62855232.548254138 s in the future
tar: ./usr/lib/python2.7/test/profilee.py: time stamp 2018-10-14 14:14:35 is 80274606.547951508 s in the future
tar: ./usr/lib/python2.7/test/test_gl.py: time stamp 2017-08-19 17:24:32 is 43911603.547889996 s in the future
tar: ./usr/lib/python2.7/test/test_collections.py: time stamp 2019-09-21 15:20:34 is 109827365.547764626 s in the future
tar: ./usr/lib/python2.7/test/test___all__.py: time stamp 2019-08-30 06:27:57 is 107894608.547733474 s in the future
tar: ./usr/lib/python2.7/test/test_quopri.py: time stamp 2019-06-04 11:49:49 is 100397120.547691824 s in the future
tar: ./usr/lib/python2.7/test/test_pep292.py: time stamp 2018-10-06 07:18:48 is 79558459.547347971 s in the future
tar: ./usr/lib/python2.7/test/test_fcntl.py: time stamp 2018-02-18 16:36:14 is 59723505.547121578 s in the future
tar: ./usr/lib/python2.7/test/test_tuple.py: time stamp 2019-02-19 16:59:20 is 91347291.546884603 s in the future
tar: ./usr/lib/python2.7/test/test_pep352.py: time stamp 2020-05-03 16:58:17 is 129273228.54636373 s in the future
tar: ./usr/lib/python2.7/test/test_datetime.py: time stamp 2020-10-23 05:52:40 is 144180491.545838511 s in the future
tar: ./usr/lib/python2.7/test/test_file_eintr.py: time stamp 2019-12-25 01:21:01 is 117988592.545733374 s in the future
tar: ./usr/lib/python2.7/test/test_pyclbr.py: time stamp 2019-12-31 14:09:40 is 118553111.545522333 s in the future
tar: ./usr/lib/python2.7/test/test_exceptions.py: time stamp 2019-10-26 19:12:25 is 112865276.545452885 s in the future
tar: ./usr/lib/python2.7/test/sample_doctest_no_docstrings.py: time stamp 2020-01-06 22:32:26 is 119101677.545226223 s in the future
tar: ./usr/lib/python2.7/test/__init__.py: time stamp 2020-09-11 04:38:18 is 140547229.545175977 s in the future
tar: ./usr/lib/python2.7/test/test_parser.py: time stamp 2020-10-16 13:34:45 is 143603416.545085507 s in the future
tar: ./usr/lib/python2.7/test/badsyntax_future5.py: time stamp 2018-06-15 05:29:44 is 69788715.545058048 s in the future
tar: ./usr/lib/python2.7/test/test_strftime.py: time stamp 2018-09-20 12:41:18 is 78195409.544029244 s in the future
tar: ./usr/lib/python2.7/test/test_userlist.py: time stamp 2016-05-11 11:21:42 is 3713833.543662445 s in the future
tar: ./usr/lib/python2.7/test/test_complex_args.py: time stamp 2018-02-14 18:16:43 is 59383934.543625587 s in the future
tar: ./usr/lib/python2.7/test/test_heapq.py: time stamp 2020-03-31 15:53:04 is 126421715.543376124 s in the future
tar: ./usr/lib/python2.7/test/test_sha.py: time stamp 2018-11-04 07:05:36 is 82066867.543300208 s in the future
tar: ./usr/lib/python2.7/test/script_helper.py: time stamp 2018-04-26 22:44:07 is 65530778.542859461 s in the future
tar: ./usr/lib/python2.7/test/test_lib2to3.py: time stamp 2019-12-22 10:23:41 is 117761952.542799938 s in the future
tar: ./usr/lib/python2.7/test/test_contains.py: time stamp 2020-02-05 02:00:05 is 121619736.542766522 s in the future
tar: ./usr/lib/python2.7/test/test_module.py: time stamp 2017-05-06 05:35:26 is 34797057.54268704 s in the future
tar: ./usr/lib/python2.7/test/test_shutil.py: time stamp 2019-10-01 15:33:37 is 110692148.54261978 s in the future
tar: ./usr/lib/python2.7/test/outstanding_bugs.py: time stamp 2016-12-20 13:17:35 is 22991586.542587988 s in the future
tar: ./usr/lib/python2.7/test/test_time.py: time stamp 2020-09-12 06:38:16 is 140640827.542204113 s in the future
tar: ./usr/lib/python2.7/test/test_univnewlines.py: time stamp 2017-01-13 08:57:37 is 25049588.542089019 s in the future
tar: ./usr/lib/python2.7/test/test_imp.py: time stamp 2020-08-21 04:37:20 is 138732771.542058781 s in the future
tar: ./usr/lib/python2.7/test/test_idle.py: time stamp 2019-02-28 23:59:58 is 92150129.54200586 s in the future
tar: ./usr/lib/python2.7/test/test_sunau.py: time stamp 2017-06-18 21:10:55 is 38568386.54194714 s in the future
tar: ./usr/lib/python2.7/test/test_tk.py: time stamp 2019-04-27 03:41:59 is 97084650.541808651 s in the future
tar: ./usr/lib/python2.7/test/test_mmap.py: time stamp 2019-08-24 20:20:58 is 107426189.541705606 s in the future
tar: ./usr/lib/python2.7/test/test_sys_settrace.py: time stamp 2016-07-18 23:13:31 is 9631742.541167331 s in the future
tar: ./usr/lib/python2.7/test/test_winreg.py: time stamp 2019-06-18 08:07:10 is 101593361.541105775 s in the future
tar: ./usr/lib/python2.7/test/test_multifile.py: time stamp 2019-05-23 20:09:12 is 99390283.540954273 s in the future
tar: ./usr/lib/python2.7/test/test_spwd.py: time stamp 2019-08-06 12:09:45 is 105841516.540898187 s in the future
tar: ./usr/lib/python2.7/unittest/main.py: time stamp 2020-07-31 03:25:45 is 136914076.540509452 s in the future
tar: ./usr/lib/python2.7/unittest/suite.py: time stamp 2016-08-24 11:00:15 is 12784546.540394676 s in the future
tar: ./usr/lib/python2.7/unittest/test/test_break.py: time stamp 2017-01-08 10:24:53 is 24622824.540048508 s in the future
tar: ./usr/lib/python2.7/unittest/test/test_functiontestcase.py: time stamp 2020-09-10 04:11:25 is 140459216.540013445 s in the future
tar: ./usr/lib/python2.7/unittest/test/test_loader.py: time stamp 2020-08-01 20:48:02 is 137063013.539960882 s in the future
tar: ./usr/lib/python2.7/unittest/test/dummy.py: time stamp 2019-12-27 06:50:11 is 118181142.539906287 s in the future
tar: ./usr/lib/python2.7/unittest/test/support.py: time stamp 2019-07-28 12:54:58 is 105066629.539855682 s in the future
tar: ./usr/lib/python2.7/unittest/test/test_case.py: time stamp 2019-11-25 11:22:43 is 115432694.539776478 s in the future
tar: ./usr/lib/python2.7/unittest/test/test_skipping.py: time stamp 2019-07-21 16:35:45 is 104475076.53967279 s in the future
tar: ./usr/lib/python2.7/unittest/test/test_runner.py: time stamp 2016-06-16 19:40:13 is 6854144.539539755 s in the future
tar: ./usr/lib/python2.7/unittest/test/test_assertions.py: time stamp 2016-06-06 19:29:36 is 5989507.539363304 s in the future
tar: ./usr/lib/python2.7/unittest/test/test_suite.py: time stamp 2019-01-20 21:23:57 is 88771168.539330956 s in the future
tar: ./usr/lib/python2.7/unittest/test/test_result.py: time stamp 2017-02-17 03:08:56 is 28052667.539017455 s in the future
tar: ./usr/lib/python2.7/unittest/__main__.py: time stamp 2020-03-15 04:12:51 is 124997302.53887867 s in the future
tar: ./usr/lib/python2.7/unittest/signals.py: time stamp 2016-03-31 15:34:18 is 190189.538849338 s in the future
tar: ./usr/lib/python2.7/unittest/loader.py: time stamp 2020-12-20 12:18:34 is 149218445.538791891 s in the future
tar: ./usr/lib/python2.7/unittest/__init__.py: time stamp 2017-03-25 20:52:03 is 31226854.538725246 s in the future
tar: ./usr/lib/python2.7/unittest/runner.py: time stamp 2019-01-23 00:48:28 is 88956239.538670068 s in the future
tar: ./usr/lib/python2.7/sndhdr.py: time stamp 2020-10-23 14:07:39 is 144210190.538624671 s in the future
tar: ./usr/lib/python2.7/_threading_local.py: time stamp 2020-09-06 20:22:16 is 140171867.538593167 s in the future
tar: ./usr/lib/python2.7/dummy_threading.py: time stamp 2020-04-13 03:45:29 is 127497660.5385614 s in the future
tar: ./usr/lib/python2.7/sha.py: time stamp 2017-04-27 07:33:04 is 34026515.538015389 s in the future
tar: ./usr/lib/python2.7/cmd.py: time stamp 2019-03-27 03:39:49 is 94409720.537137048 s in the future
tar: ./usr/lib/python2.7/Bastion.py: time stamp 2019-03-25 19:11:19 is 94292810.537077301 s in the future
tar: ./usr/lib/python2.7/distutils/tests/test_msvc9compiler.py: time stamp 2020-02-29 05:41:56 is 123706647.536815787 s in the future
tar: ./usr/lib/python2.7/distutils/tests/test_upload.py: time stamp 2020-04-29 05:57:09 is 128887960.536593474 s in the future
tar: ./usr/lib/python2.7/distutils/tests/support.py: time stamp 2018-10-05 12:48:51 is 79491862.536539363 s in the future
tar: ./usr/lib/python2.7/distutils/tests/test_install_lib.py: time stamp 2018-02-27 10:27:29 is 60478980.536472118 s in the future
tar: ./usr/lib/python2.7/distutils/tests/test_build_py.py: time stamp 2018-08-11 12:44:16 is 74739587.536377621 s in the future
tar: ./usr/lib/python2.7/distutils/tests/test_build.py: time stamp 2017-05-12 07:08:10 is 35321021.536348431 s in the future
tar: ./usr/lib/python2.7/distutils/tests/test_config_cmd.py: time stamp 2020-02-26 22:31:02 is 123507993.536151062 s in the future
tar: ./usr/lib/python2.7/distutils/tests/test_dep_util.py: time stamp 2019-08-07 05:44:54 is 105904825.536060904 s in the future
tar: ./usr/lib/python2.7/distutils/tests/test_ccompiler.py: time stamp 2018-11-15 21:14:21 is 83068192.535895869 s in the future
tar: ./usr/lib/python2.7/distutils/tests/test_filelist.py: time stamp 2018-09-11 16:13:27 is 77430538.535799221 s in the future
tar: ./usr/lib/python2.7/distutils/tests/test_archive_util.py: time stamp 2018-02-21 00:15:04 is 59923835.535763534 s in the future
tar: ./usr/lib/python2.7/distutils/tests/test_text_file.py: time stamp 2020-03-03 13:08:55 is 123992666.535728935 s in the future
tar: ./usr/lib/python2.7/distutils/tests/test_install_headers.py: time stamp 2018-07-19 09:51:04 is 72741995.535606112 s in the future
tar: ./usr/lib/python2.7/distutils/tests/test_util.py: time stamp 2018-03-23 09:39:30 is 62549701.53552194 s in the future
tar: ./usr/lib/python2.7/distutils/tests/test_version.py: time stamp 2019-11-19 02:02:57 is 114880708.535492922 s in the future
tar: ./usr/lib/python2.7/distutils/tests/test_file_util.py: time stamp 2020-09-01 12:44:12 is 139712383.535441984 s in the future
tar: ./usr/lib/python2.7/distutils/tests/setuptools_build_ext.py: time stamp 2020-09-12 19:39:52 is 140687723.535404637 s in the future
tar: ./usr/lib/python2.7/distutils/tests/test_config.py: time stamp 2019-09-28 07:17:21 is 110403172.535378312 s in the future
tar: ./usr/lib/python2.7/distutils/tests/test_cmd.py: time stamp 2018-10-23 21:34:03 is 81078574.535324406 s in the future
tar: ./usr/lib/python2.7/distutils/tests/test_install.py: time stamp 2019-11-26 03:52:15 is 115492066.535273207 s in the future
tar: ./usr/lib/python2.7/distutils/tests/test_bdist_rpm.py: time stamp 2017-03-20 02:30:31 is 30728762.535238043 s in the future
tar: ./usr/lib/python2.7/distutils/tests/test_bdist_wininst.py: time stamp 2018-03-28 10:48:18 is 62985829.535119439 s in the future
tar: ./usr/lib/python2.7/distutils/tests/test_sdist.py: time stamp 2017-03-02 03:29:01 is 29177072.535015958 s in the future
tar: ./usr/lib/python2.7/distutils/tests/test_spawn.py: time stamp 2019-01-19 14:02:35 is 88658286.534954685 s in the future
tar: ./usr/lib/python2.7/distutils/tests/test_register.py: time stamp 2016-08-09 08:00:38 is 11477769.534777175 s in the future
tar: ./usr/lib/python2.7/distutils/dist.py: time stamp 2020-07-22 10:35:06 is 136162237.534597618 s in the future
tar: ./usr/lib/python2.7/distutils/util.py: time stamp 2019-03-30 23:15:11 is 94739442.534452976 s in the future
tar: ./usr/lib/python2.7/distutils/command/sdist.py: time stamp 2017-03-21 03:15:18 is 30817849.534205586 s in the future
tar: ./usr/lib/python2.7/distutils/command/install_headers.py: time stamp 2019-04-15 05:02:35 is 96052686.532914255 s in the future
tar: ./usr/lib/python2.7/distutils/command/build_py.py: time stamp 2016-10-13 06:49:06 is 17089477.532821729 s in the future
tar: ./usr/lib/python2.7/distutils/command/clean.py: time stamp 2017-07-14 23:56:51 is 40824742.532571855 s in the future
tar: ./usr/lib/python2.7/distutils/command/bdist_msi.py: time stamp 2020-03-26 20:31:48 is 126006439.532150876 s in the future
tar: ./usr/lib/python2.7/distutils/command/build_scripts.py: time stamp 2017-08-18 01:40:18 is 43768549.532002406 s in the future
tar: ./usr/lib/python2.7/distutils/command/bdist_rpm.py: time stamp 2018-07-29 11:14:18 is 73610989.53163045 s in the future
tar: ./usr/lib/python2.7/distutils/command/build_clib.py: time stamp 2018-10-20 18:57:09 is 80809960.531596453 s in the future
tar: ./usr/lib/python2.7/distutils/command/bdist_wininst.py: time stamp 2017-12-29 20:36:31 is 55331522.53156027 s in the future
tar: ./usr/lib/python2.7/distutils/command/install_data.py: time stamp 2016-09-21 15:00:10 is 15218141.531193107 s in the future
tar: ./usr/lib/python2.7/distutils/msvccompiler.py: time stamp 2020-07-20 02:05:44 is 135958875.529182499 s in the future
tar: ./usr/lib/python2.7/distutils/dep_util.py: time stamp 2018-09-29 07:41:19 is 78955010.529064718 s in the future
tar: ./usr/lib/python2.7/distutils/sysconfig.py: time stamp 2020-01-26 21:38:36 is 120826447.529025498 s in the future
tar: ./usr/lib/python2.7/distutils/errors.py: time stamp 2020-02-21 13:06:44 is 123042135.528913324 s in the future
tar: ./usr/lib/python2.7/distutils/debug.py: time stamp 2020-10-19 23:57:31 is 143899982.528866952 s in the future
tar: ./usr/lib/python2.7/distutils/archive_util.py: time stamp 2020-06-12 18:04:53 is 132733224.52879897 s in the future
tar: ./usr/lib/python2.7/distutils/cmd.py: time stamp 2019-03-16 15:09:34 is 93500705.528633388 s in the future
tar: ./usr/lib/python2.7/distutils/config.py: time stamp 2017-10-27 22:27:26 is 49891377.528540551 s in the future
tar: ./usr/lib/python2.7/distutils/dir_util.py: time stamp 2018-05-03 15:09:24 is 66108295.528511511 s in the future
tar: ./usr/lib/python2.7/distutils/emxccompiler.py: time stamp 2018-11-17 04:30:18 is 83180749.528475982 s in the future
tar: ./usr/lib/python2.7/distutils/fancy_getopt.py: time stamp 2016-09-08 06:08:48 is 14063059.52836932 s in the future
tar: ./usr/lib/python2.7/distutils/version.py: time stamp 2020-05-10 23:01:15 is 129899806.527699294 s in the future
tar: ./usr/lib/python2.7/token.py: time stamp 2017-03-13 05:07:41 is 30133392.527235233 s in the future
tar: ./usr/lib/python2.7/webbrowser.py: time stamp 2017-04-05 06:24:30 is 32121601.526667581 s in the future
tar: ./usr/lib/python2.7/email/message.py: time stamp 2020-05-23 23:59:30 is 131026501.526234588 s in the future
tar: ./usr/lib/python2.7/email/header.py: time stamp 2016-07-02 21:09:30 is 8241901.526119615 s in the future
tar: ./usr/lib/python2.7/email/utils.py: time stamp 2017-09-15 18:53:51 is 46249762.525984843 s in the future
tar: ./usr/lib/python2.7/email/parser.py: time stamp 2020-04-08 15:17:05 is 127107156.525937026 s in the future
tar: ./usr/lib/python2.7/email/encoders.py: time stamp 2018-05-18 18:47:55 is 67417406.525825504 s in the future
tar: ./usr/lib/python2.7/email/charset.py: time stamp 2018-12-09 04:46:34 is 85082525.525763721 s in the future
tar: ./usr/lib/python2.7/email/iterators.py: time stamp 2016-12-22 10:49:22 is 23155493.525736109 s in the future
tar: ./usr/lib/python2.7/email/test/test_email_codecs_renamed.py: time stamp 2017-02-26 17:06:32 is 28880523.524997556 s in the future
tar: ./usr/lib/python2.7/email/test/test_email_codecs.py: time stamp 2017-02-26 17:06:32 is 28880523.524925005 s in the future
tar: ./usr/lib/python2.7/email/test/test_email.py: time stamp 2016-09-26 10:07:00 is 15632551.524682693 s in the future
tar: ./usr/lib/python2.7/email/test/test_email_torture.py: time stamp 2020-09-16 00:52:31 is 140965682.524163418 s in the future
tar: ./usr/lib/python2.7/email/quoprimime.py: time stamp 2019-02-28 21:15:25 is 92140256.523139102 s in the future
tar: ./usr/lib/python2.7/email/__init__.py: time stamp 2019-02-18 23:23:54 is 91283965.523058856 s in the future
tar: ./usr/lib/python2.7/email/mime/application.py: time stamp 2017-06-08 23:33:19 is 37712930.522936744 s in the future
tar: ./usr/lib/python2.7/email/mime/multipart.py: time stamp 2020-01-08 10:01:39 is 119229430.522857917 s in the future
tar: ./usr/lib/python2.7/email/mime/image.py: time stamp 2019-01-03 03:03:43 is 87236354.522776974 s in the future
tar: ./usr/lib/python2.7/email/mime/nonmultipart.py: time stamp 2018-02-01 23:05:13 is 58278044.522715648 s in the future
tar: ./usr/lib/python2.7/hmac.py: time stamp 2017-12-20 04:50:59 is 54497190.52249314 s in the future
tar: ./usr/lib/python2.7/code.py: time stamp 2018-10-27 05:59:18 is 81368089.522405641 s in the future
tar: ./usr/lib/python2.7/SimpleHTTPServer.py: time stamp 2020-09-10 05:03:37 is 140462348.52237059 s in the future
tar: ./usr/lib/python2.7/lib2to3/tests/support.py: time stamp 2016-03-30 18:07:39 is 112990.521960273 s in the future
tar: ./usr/lib/python2.7/lib2to3/tests/test_pytree.py: time stamp 2019-09-27 19:30:51 is 110360782.521779286 s in the future
tar: ./usr/lib/python2.7/lib2to3/tests/test_main.py: time stamp 2019-02-16 04:27:46 is 91042997.521320066 s in the future
tar: ./usr/lib/python2.7/lib2to3/tests/test_all_fixers.py: time stamp 2018-07-28 20:30:30 is 73557961.521254708 s in the future
tar: ./usr/lib/python2.7/lib2to3/tests/data/py2_test_grammar.py: time stamp 2018-06-11 22:09:27 is 69503098.521136793 s in the future
tar: ./usr/lib/python2.7/lib2to3/tests/data/false_encoding.py: time stamp 2016-09-20 09:16:31 is 15111122.520718601 s in the future
tar: ./usr/lib/python2.7/lib2to3/tests/data/infinite_recursion.py: time stamp 2016-08-27 20:07:53 is 13076604.520555682 s in the future
tar: ./usr/lib/python2.7/lib2to3/tests/data/different_encoding.py: time stamp 2017-05-07 12:38:48 is 34908859.520437697 s in the future
tar: ./usr/lib/python2.7/lib2to3/tests/data/fixers/myfixes/fix_preorder.py: time stamp 2020-12-31 04:16:50 is 150139941.52032741 s in the future
tar: ./usr/lib/python2.7/lib2to3/tests/data/fixers/myfixes/fix_last.py: time stamp 2016-04-03 11:20:35 is 430566.52022532 s in the future
tar: ./usr/lib/python2.7/lib2to3/tests/data/fixers/myfixes/fix_first.py: time stamp 2016-10-06 21:54:20 is 16538991.52017681 s in the future
tar: ./usr/lib/python2.7/lib2to3/tests/data/fixers/myfixes/fix_parrot.py: time stamp 2017-06-14 04:54:40 is 38164211.520150503 s in the future
tar: ./usr/lib/python2.7/lib2to3/tests/data/fixers/myfixes/fix_explicit.py: time stamp 2019-07-26 03:05:13 is 104858444.520127082 s in the future
tar: ./usr/lib/python2.7/lib2to3/tests/test_parser.py: time stamp 2016-11-25 04:24:54 is 20799625.519914817 s in the future
tar: ./usr/lib/python2.7/lib2to3/patcomp.py: time stamp 2017-07-27 20:52:41 is 41936892.519770817 s in the future
tar: ./usr/lib/python2.7/lib2to3/main.py: time stamp 2017-06-29 22:57:49 is 39525200.519711395 s in the future
tar: ./usr/lib/python2.7/lib2to3/fixer_base.py: time stamp 2018-09-19 19:56:03 is 78135094.519643116 s in the future
tar: ./usr/lib/python2.7/lib2to3/pgen2/parse.py: time stamp 2018-07-19 04:18:43 is 72722054.519526759 s in the future
tar: ./usr/lib/python2.7/lib2to3/pgen2/token.py: time stamp 2020-07-18 19:53:47 is 135850158.519341701 s in the future
tar: ./usr/lib/python2.7/lib2to3/pgen2/conv.py: time stamp 2018-03-01 07:15:58 is 60640289.519174882 s in the future
tar: ./usr/lib/python2.7/lib2to3/btm_utils.py: time stamp 2020-03-11 19:40:05 is 124707336.519014898 s in the future
tar: ./usr/lib/python2.7/lib2to3/fixer_util.py: time stamp 2018-03-21 18:24:59 is 62408430.518978307 s in the future
tar: ./usr/lib/python2.7/lib2to3/fixes/fix_urllib.py: time stamp 2018-05-16 06:15:49 is 67199480.518904308 s in the future
tar: ./usr/lib/python2.7/lib2to3/fixes/fix_print.py: time stamp 2016-12-20 21:59:12 is 23022883.518857699 s in the future
tar: ./usr/lib/python2.7/lib2to3/fixes/fix_callable.py: time stamp 2017-11-07 08:30:26 is 50795157.518833796 s in the future
tar: ./usr/lib/python2.7/lib2to3/fixes/fix_paren.py: time stamp 2017-02-24 03:05:50 is 28657281.518747488 s in the future
tar: ./usr/lib/python2.7/lib2to3/fixes/fix_exitfunc.py: time stamp 2018-02-07 07:54:15 is 58741786.518722135 s in the future
tar: ./usr/lib/python2.7/lib2to3/fixes/fix_imports.py: time stamp 2016-04-12 20:16:00 is 1240291.518686312 s in the future
tar: ./usr/lib/python2.7/lib2to3/fixes/fix_idioms.py: time stamp 2016-06-09 23:23:06 is 6262717.518617739 s in the future
tar: ./usr/lib/python2.7/lib2to3/fixes/fix_ne.py: time stamp 2019-05-30 01:03:36 is 99926347.518562791 s in the future
tar: ./usr/lib/python2.7/lib2to3/fixes/fix_raw_input.py: time stamp 2018-06-21 20:01:06 is 70359397.518485833 s in the future
tar: ./usr/lib/python2.7/lib2to3/fixes/fix_itertools.py: time stamp 2016-04-06 03:33:19 is 661730.518396705 s in the future
tar: ./usr/lib/python2.7/lib2to3/fixes/fix_methodattrs.py: time stamp 2017-08-15 02:33:29 is 43512540.518239923 s in the future
tar: ./usr/lib/python2.7/lib2to3/fixes/fix_has_key.py: time stamp 2017-09-30 03:45:58 is 47491289.518213257 s in the future
tar: ./usr/lib/python2.7/lib2to3/fixes/fix_imports2.py: time stamp 2016-05-02 14:39:08 is 2948079.518110713 s in the future
tar: ./usr/lib/python2.7/lib2to3/fixes/fix_zip.py: time stamp 2018-10-04 07:04:04 is 79384775.518004553 s in the future
tar: ./usr/lib/python2.7/lib2to3/fixes/fix_repr.py: time stamp 2019-03-30 04:13:37 is 94670948.517947634 s in the future
tar: ./usr/lib/python2.7/lib2to3/fixes/fix_map.py: time stamp 2017-08-13 22:08:52 is 43410263.517846469 s in the future
tar: ./usr/lib/python2.7/lib2to3/fixes/fix_standarderror.py: time stamp 2019-03-31 13:57:36 is 94792387.517782534 s in the future
tar: ./usr/lib/python2.7/lib2to3/fixes/fix_intern.py: time stamp 2018-06-23 02:09:10 is 70467881.517755552 s in the future
tar: ./usr/lib/python2.7/lib2to3/fixes/fix_reduce.py: time stamp 2016-12-17 21:41:49 is 22762640.517711659 s in the future
tar: ./usr/lib/python2.7/lib2to3/fixes/fix_except.py: time stamp 2020-01-04 17:52:08 is 118912059.517684961 s in the future
tar: ./usr/lib/python2.7/lib2to3/fixes/fix_getcwdu.py: time stamp 2018-07-24 16:57:58 is 73199609.517605102 s in the future
tar: ./usr/lib/python2.7/lib2to3/fixes/fix_metaclass.py: time stamp 2019-04-20 20:40:32 is 96540963.517442837 s in the future
tar: ./usr/lib/python2.7/lib2to3/fixes/fix_asserts.py: time stamp 2018-12-13 05:08:16 is 85429427.517410116 s in the future
tar: ./usr/lib/python2.7/lib2to3/fixes/fix_operator.py: time stamp 2019-02-02 23:56:00 is 89903491.517318238 s in the future
tar: ./usr/lib/python2.7/lib2to3/fixes/fix_long.py: time stamp 2020-06-04 01:29:49 is 131982320.51728923 s in the future
tar: ./usr/lib/python2.7/lib2to3/fixes/fix_isinstance.py: time stamp 2019-12-02 01:23:58 is 116001569.517233912 s in the future
tar: ./usr/lib/python2.7/lib2to3/fixes/fix_ws_comma.py: time stamp 2020-05-25 19:33:21 is 131183332.51720457 s in the future
tar: ./usr/lib/python2.7/lib2to3/fixes/fix_execfile.py: time stamp 2019-05-03 16:02:02 is 97647453.517058864 s in the future
tar: ./usr/lib/python2.7/lib2to3/fixes/fix_xreadlines.py: time stamp 2020-09-01 01:34:15 is 139672186.516875081 s in the future
tar: ./usr/lib/python2.7/lib2to3/fixes/fix_raise.py: time stamp 2020-05-30 03:59:27 is 131559298.516846974 s in the future
tar: ./usr/lib/python2.7/lib2to3/fixes/__init__.py: time stamp 2020-09-11 04:38:18 is 140547229.516797522 s in the future
tar: ./usr/lib/python2.7/lib2to3/fixes/fix_input.py: time stamp 2016-04-07 01:07:40 is 739391.516756594 s in the future
tar: ./usr/lib/python2.7/lib2to3/fixes/fix_future.py: time stamp 2016-10-19 22:19:13 is 17663684.516733436 s in the future
tar: ./usr/lib/python2.7/lib2to3/fixes/fix_sys_exc.py: time stamp 2018-01-08 06:04:10 is 56143181.516710518 s in the future
tar: ./usr/lib/python2.7/lib2to3/fixes/fix_filter.py: time stamp 2020-09-14 23:18:15 is 140873626.516657683 s in the future
tar: ./usr/lib/python2.7/lib2to3/fixes/fix_xrange.py: time stamp 2019-01-23 17:32:43 is 89016494.516626694 s in the future
tar: ./usr/lib/python2.7/lib2to3/refactor.py: time stamp 2019-11-09 01:10:11 is 114013542.516550282 s in the future
tar: ./usr/lib/python2.7/lib2to3/btm_matcher.py: time stamp 2019-09-29 10:52:15 is 110502466.516512714 s in the future
tar: ./usr/lib/python2.7/lib2to3/__init__.py: time stamp 2019-01-27 05:49:47 is 89319918.51634461 s in the future
tar: ./usr/lib/python2.7/aifc.py: time stamp 2019-01-29 09:29:07 is 89505878.516253963 s in the future
tar: ./usr/lib/python2.7/user.py: time stamp 2018-07-21 04:48:48 is 72896659.515751987 s in the future
tar: ./usr/lib/python2.7/locale.py: time stamp 2019-05-20 11:57:25 is 99101576.515451321 s in the future
tar: ./usr/lib/python2.7/multiprocessing/dummy/connection.py: time stamp 2019-06-22 03:40:24 is 101922955.515026809 s in the future
tar: ./usr/lib/python2.7/multiprocessing/dummy/__init__.py: time stamp 2020-12-06 14:19:33 is 148016104.514966318 s in the future
tar: ./usr/lib/python2.7/multiprocessing/managers.py: time stamp 2019-07-07 21:27:39 is 103282990.514854115 s in the future
tar: ./usr/lib/python2.7/multiprocessing/heap.py: time stamp 2020-09-11 23:51:36 is 140616427.51429669 s in the future
tar: ./usr/lib/python2.7/multiprocessing/synchronize.py: time stamp 2018-08-25 07:29:09 is 75930280.514181809 s in the future
tar: ./usr/lib/python2.7/multiprocessing/forking.py: time stamp 2016-08-08 12:59:41 is 11409312.514081346 s in the future
tar: ./usr/lib/python2.7/multiprocessing/__init__.py: time stamp 2017-03-02 10:21:02 is 29201793.513836612 s in the future
tar: ./usr/lib/python2.7/json/tests/test_pass2.py: time stamp 2017-03-12 04:04:08 is 30043179.513484341 s in the future
tar: ./usr/lib/python2.7/json/tests/test_separators.py: time stamp 2019-03-28 10:17:40 is 94519991.513337571 s in the future
tar: ./usr/lib/python2.7/json/tests/test_check_circular.py: time stamp 2017-09-07 01:44:57 is 45496828.513284144 s in the future
tar: ./usr/lib/python2.7/json/tests/test_dump.py: time stamp 2019-04-17 21:07:10 is 96283361.51326069 s in the future
tar: ./usr/lib/python2.7/json/tests/test_indent.py: time stamp 2019-02-02 01:54:47 is 89824218.513238118 s in the future
tar: ./usr/lib/python2.7/json/tests/test_encode_basestring_ascii.py: time stamp 2020-11-18 15:22:34 is 146464685.513193377 s in the future
tar: ./usr/lib/python2.7/json/tests/test_default.py: time stamp 2016-07-21 23:41:05 is 9892596.51315065 s in the future
tar: ./usr/lib/python2.7/json/tests/test_fail.py: time stamp 2018-11-23 06:47:19 is 83707370.51290924 s in the future
tar: ./usr/lib/python2.7/json/tests/__init__.py: time stamp 2020-07-21 21:37:28 is 136115579.512819256 s in the future
tar: ./usr/lib/python2.7/json/tests/test_recursion.py: time stamp 2018-08-01 11:13:55 is 73870166.512774143 s in the future
tar: ./usr/lib/python2.7/json/tests/test_pass3.py: time stamp 2020-09-03 11:45:26 is 139881657.512738447 s in the future
tar: ./usr/lib/python2.7/json/encoder.py: time stamp 2020-05-24 17:18:06 is 131088817.512677455 s in the future
tar: ./usr/lib/python2.7/json/tool.py: time stamp 2017-06-03 23:39:09 is 37281280.512628287 s in the future
tar: ./usr/lib/python2.7/logging/__init__.py: time stamp 2017-05-28 07:49:00 is 36705871.511367468 s in the future
tar: ./usr/lib/python2.7/statvfs.py: time stamp 2019-04-25 00:02:35 is 96898686.511329738 s in the future
tar: ./usr/lib/python2.7/md5.py: time stamp 2018-11-03 04:31:08 is 81971199.511082976 s in the future
tar: ./usr/lib/python2.7/macurl2path.py: time stamp 2017-04-13 03:05:24 is 32800855.510901825 s in the future
tar: ./usr/lib/python2.7/mailcap.py: time stamp 2019-04-04 17:32:04 is 95150855.51079541 s in the future
tar: ./usr/lib/python2.7/pydoc.py: time stamp 2019-04-04 10:11:46 is 95124437.510523971 s in the future
tar: ./usr/lib/python2.7/contextlib.py: time stamp 2017-03-22 06:03:22 is 30914333.510308692 s in the future
tar: ./usr/lib/python2.7/mimetypes.py: time stamp 2018-12-15 12:49:00 is 85629871.510248424 s in the future
tar: ./usr/lib/python2.7/dummy_thread.py: time stamp 2018-02-23 19:06:23 is 60164514.510006146 s in the future
tar: ./usr/lib/python2.7/posixfile.py: time stamp 2016-05-29 16:05:28 is 5286059.509976571 s in the future
tar: ./usr/lib/python2.7/bsddb/dbrecio.py: time stamp 2019-02-18 02:38:41 is 91209252.509745363 s in the future
tar: ./usr/lib/python2.7/bsddb/test/test_thread.py: time stamp 2016-07-03 11:23:29 is 8293140.509551985 s in the future
tar: ./usr/lib/python2.7/bsddb/test/test_replication.py: time stamp 2019-07-02 22:02:44 is 102853095.509420191 s in the future
tar: ./usr/lib/python2.7/bsddb/test/test_get_none.py: time stamp 2020-02-13 00:43:56 is 122306367.509392386 s in the future
tar: ./usr/lib/python2.7/bsddb/test/test_compare.py: time stamp 2018-09-28 09:54:24 is 78876595.50933635 s in the future
tar: ./usr/lib/python2.7/bsddb/test/test_distributed_transactions.py: time stamp 2020-03-06 09:52:13 is 124240064.50930843 s in the future
tar: ./usr/lib/python2.7/bsddb/test/test_dbtables.py: time stamp 2020-03-10 15:52:50 is 124607301.509124235 s in the future
tar: ./usr/lib/python2.7/bsddb/test/test_misc.py: time stamp 2019-05-06 02:58:36 is 97859647.508772974 s in the future
tar: ./usr/lib/python2.7/bsddb/test/test_early_close.py: time stamp 2020-01-15 05:19:49 is 119817320.508700836 s in the future
tar: ./usr/lib/python2.7/bsddb/test/test_sequence.py: time stamp 2018-04-01 11:14:09 is 63329380.5086721 s in the future
tar: ./usr/lib/python2.7/bsddb/test/test_queue.py: time stamp 2019-10-01 17:57:17 is 110700768.508558745 s in the future
tar: ./usr/lib/python2.7/bsddb/test/test_fileid.py: time stamp 2019-05-12 17:56:58 is 98431949.508477653 s in the future
tar: ./usr/lib/python2.7/bsddb/test/test_dbobj.py: time stamp 2018-04-06 06:19:03 is 63743674.508383053 s in the future
tar: ./usr/lib/python2.7/bsddb/test/test_compat.py: time stamp 2018-12-25 00:02:08 is 86447859.508353842 s in the future
tar: ./usr/lib/python2.7/bsddb/test/test_pickle.py: time stamp 2019-05-30 22:54:12 is 100004983.508219368 s in the future
tar: ./usr/lib/python2.7/bsddb/test/test_dbshelve.py: time stamp 2020-01-07 02:38:57 is 119116468.508115575 s in the future
tar: ./usr/lib/python2.7/bsddb/test/test_recno.py: time stamp 2017-05-04 03:31:02 is 34616793.508075946 s in the future
tar: ./usr/lib/python2.7/bsddb/dbshelve.py: time stamp 2019-05-18 23:12:15 is 98969266.507867039 s in the future
tar: ./usr/lib/python2.7/bsddb/__init__.py: time stamp 2017-11-23 22:27:20 is 52227771.507830969 s in the future
tar: ./usr/lib/python2.7/shlex.py: time stamp 2017-07-19 15:53:58 is 41227769.506956352 s in the future
tar: ./usr/lib/python2.7/sgmllib.py: time stamp 2018-04-04 22:02:32 is 63627483.506812699 s in the future
tar: ./usr/lib/python2.7/doctest.py: time stamp 2019-05-03 04:07:38 is 97604589.506236119 s in the future
tar: ./usr/lib/python2.7/chunk.py: time stamp 2016-06-07 12:11:36 is 6049627.506178862 s in the future
tar: ./usr/lib/python2.7/argparse.py: time stamp 2019-01-13 11:45:10 is 88131641.505835915 s in the future
tar: ./usr/lib/python2.7/lib-tk/FileDialog.py: time stamp 2016-12-02 02:03:02 is 21395913.50576596 s in the future
tar: ./usr/lib/python2.7/lib-tk/FixTk.py: time stamp 2019-12-03 03:47:49 is 116096600.5056971 s in the future
tar: ./usr/lib/python2.7/lib-tk/SimpleDialog.py: time stamp 2017-05-05 15:51:43 is 34747634.50555473 s in the future
tar: ./usr/lib/python2.7/lib-tk/Tkdnd.py: time stamp 2018-05-07 12:21:19 is 66443810.505517983 s in the future
tar: ./usr/lib/python2.7/lib-tk/tkFont.py: time stamp 2019-05-10 12:43:39 is 98240350.505489824 s in the future
tar: ./usr/lib/python2.7/lib-tk/Tkinter.py: time stamp 2019-08-06 18:58:04 is 105866015.505109594 s in the future
tar: ./usr/lib/python2.7/lib-tk/ttk.py: time stamp 2019-03-25 07:49:09 is 94251880.503969882 s in the future
tar: ./usr/lib/python2.7/lib-tk/test/test_ttk/test_functions.py: time stamp 2018-07-04 16:46:37 is 71470928.503555761 s in the future
tar: ./usr/lib/python2.7/lib-tk/test/test_ttk/test_extensions.py: time stamp 2018-06-26 09:40:22 is 70754153.503499845 s in the future
tar: ./usr/lib/python2.7/lib-tk/test/test_ttk/test_widgets.py: time stamp 2019-03-28 00:50:59 is 94485990.503357511 s in the future
tar: ./usr/lib/python2.7/lib-tk/test/widget_tests.py: time stamp 2019-05-18 06:09:18 is 98907889.503192671 s in the future
tar: ./usr/lib/python2.7/lib-tk/test/test_tkinter/test_loadtk.py: time stamp 2016-09-07 10:45:10 is 13993241.503000347 s in the future
tar: ./usr/lib/python2.7/lib-tk/test/test_tkinter/test_font.py: time stamp 2018-05-05 10:50:05 is 66265536.502722798 s in the future
tar: ./usr/lib/python2.7/lib-tk/test/test_tkinter/test_text.py: time stamp 2020-06-15 04:19:29 is 132942900.502642703 s in the future
tar: ./usr/lib/python2.7/lib-tk/test/test_tkinter/test_images.py: time stamp 2017-09-30 01:00:36 is 47481367.50256265 s in the future
tar: ./usr/lib/python2.7/lib-tk/test/test_tkinter/test_variables.py: time stamp 2017-05-13 07:03:26 is 35407137.502521295 s in the future
tar: ./usr/lib/python2.7/lib-tk/tkCommonDialog.py: time stamp 2019-03-04 07:32:32 is 92436483.502377913 s in the future
tar: ./usr/lib/python2.7/lib-tk/Canvas.py: time stamp 2020-08-27 23:33:07 is 139319318.501535333 s in the future
tar: ./usr/lib/python2.7/lib-tk/Tix.py: time stamp 2019-06-22 21:29:49 is 101987120.500832229 s in the future
tar: ./usr/lib/python2.7/lib-tk/tkFileDialog.py: time stamp 2018-02-06 20:49:26 is 58701897.500779247 s in the future
tar: ./usr/lib/python2.7/ihooks.py: time stamp 2016-07-25 04:22:04 is 10168655.500405558 s in the future
tar: ./usr/lib/python2.7/heapq.py: time stamp 2019-09-06 15:31:59 is 108532050.499867985 s in the future
tar: ./usr/lib/python2.7/htmlentitydefs.py: time stamp 2018-04-20 09:08:37 is 64963448.499151846 s in the future
tar: ./usr/lib/python2.7/plat-linux2/IN.py: time stamp 2018-06-25 02:12:58 is 70640909.499069802 s in the future
tar: ./usr/lib/python2.7/plat-linux2/CDROM.py: time stamp 2016-12-18 22:59:04 is 22853675.498919886 s in the future
tar: ./usr/lib/python2.7/pty.py: time stamp 2017-12-17 15:05:16 is 54274847.498308277 s in the future
tar: ./usr/lib/python2.7/tabnanny.py: time stamp 2017-07-02 04:19:33 is 39717304.49799126 s in the future
tar: ./usr/lib/python2.7/atexit.py: time stamp 2018-01-16 09:29:05 is 56846676.497942265 s in the future
tar: ./usr/lib/python2.7/stringold.py: time stamp 2017-11-06 04:28:46 is 50694257.497863931 s in the future
tar: ./usr/lib/python2.7/hotshot/stones.py: time stamp 2017-07-13 22:21:57 is 40732648.497799362 s in the future
tar: ./usr/lib/python2.7/hotshot/__init__.py: time stamp 2020-03-09 07:58:24 is 124492435.497707968 s in the future
tar: ./usr/lib/python2.7/string.py: time stamp 2019-03-17 00:26:10 is 93534101.497485264 s in the future
tar: ./usr/lib/python2.7/xml/sax/_exceptions.py: time stamp 2020-05-15 02:36:29 is 130258320.497365675 s in the future
tar: ./usr/lib/python2.7/xml/sax/expatreader.py: time stamp 2020-11-16 22:51:03 is 146318794.497328615 s in the future
tar: ./usr/lib/python2.7/xml/sax/__init__.py: time stamp 2019-01-19 05:25:46 is 88627277.497043241 s in the future
tar: ./usr/lib/python2.7/xml/parsers/expat.py: time stamp 2020-12-15 20:53:45 is 148817356.496920871 s in the future
tar: ./usr/lib/python2.7/xml/parsers/__init__.py: time stamp 2017-07-29 14:08:43 is 42085454.496895242 s in the future
tar: ./usr/lib/python2.7/xml/etree/ElementInclude.py: time stamp 2020-07-24 07:03:26 is 136322337.496807153 s in the future
tar: ./usr/lib/python2.7/xml/etree/ElementPath.py: time stamp 2016-08-16 00:19:01 is 12054872.496757464 s in the future
tar: ./usr/lib/python2.7/xml/etree/cElementTree.py: time stamp 2017-05-15 18:51:12 is 35622403.496688988 s in the future
tar: ./usr/lib/python2.7/xml/etree/ElementTree.py: time stamp 2018-03-20 04:03:11 is 62270322.496577729 s in the future
tar: ./usr/lib/python2.7/xml/dom/domreg.py: time stamp 2018-11-07 23:13:10 is 82384121.49648032 s in the future
tar: ./usr/lib/python2.7/xml/dom/minidom.py: time stamp 2017-01-26 00:27:02 is 26142153.496081451 s in the future
tar: ./usr/lib/python2.7/xml/dom/pulldom.py: time stamp 2017-10-05 11:38:44 is 47951655.495657197 s in the future
tar: ./usr/lib/python2.7/xml/dom/__init__.py: time stamp 2016-12-02 19:14:00 is 21457771.495593269 s in the future
tar: ./usr/lib/python2.7/sunaudio.py: time stamp 2016-06-02 19:18:41 is 5643252.495449995 s in the future
tar: ./usr/lib/python2.7/symbol.py: time stamp 2018-05-10 02:18:14 is 66666825.495097225 s in the future
tar: ./usr/lib/python2.7/dis.py: time stamp 2018-07-09 09:30:56 is 71876787.495061547 s in the future
Finish: unpacking root cache
INFO: enabled yum cache
Start: cleaning yum metadata
Finish: cleaning yum metadata
INFO: enabled ccache
Mock Version: 1.2.14
INFO: Mock Version: 1.2.14
Start: yum update
Finish: yum update
Finish: chroot init
Start: build phase for swift-2.7.0-11.src.rpm
Start: build setup for swift-2.7.0-11.src.rpm
Finish: build setup for swift-2.7.0-11.src.rpm
Start: rpmbuild swift-2.7.0-11.src.rpm
Finish: rpmbuild swift-2.7.0-11.src.rpm
Finish: build phase for swift-2.7.0-11.src.rpm
INFO: Done(results/swift-2.7.0-11.src.rpm) Config(clear) 4 minutes 15 seconds
INFO: Results and/or logs in: results/
Finish: run
